[0.109s] DEBUG:colcon:Command line arguments: ['/usr/bin/colcon', 'build']
[0.109s] DEBUG:colcon:Parsed command line arguments: Namespace(log_base=None, log_level=None, verb_name='build', build_base='build', install_base='install', merge_install=False, symlink_install=False, test_result_base=None, continue_on_error=False, executor='parallel', parallel_workers=16, event_handlers=None, ignore_user_meta=False, metas=['./colcon.meta'], base_paths=['.'], packages_ignore=None, packages_ignore_regex=None, paths=None, packages_up_to=None, packages_up_to_regex=None, packages_above=None, packages_above_and_dependencies=None, packages_above_depth=None, packages_select_by_dep=None, packages_skip_by_dep=None, packages_skip_up_to=None, packages_select_build_failed=False, packages_skip_build_finished=False, packages_select_test_failures=False, packages_skip_test_passed=False, packages_select=None, packages_skip=None, packages_select_regex=None, packages_skip_regex=None, packages_start=None, packages_end=None, allow_overriding=[], cmake_args=None, cmake_target=None, cmake_target_skip_unavailable=False, cmake_clean_cache=False, cmake_clean_first=False, cmake_force_configure=False, ament_cmake_args=None, catkin_cmake_args=None, catkin_skip_building_tests=False, mixin_files=None, mixin=None, verb_parser=<colcon_mixin.mixin.mixin_argument.MixinArgumentDecorator object at 0x7735d4ddc770>, verb_extension=<colcon_core.verb.build.BuildVerb object at 0x7735d4ddc470>, main=<bound method BuildVerb.main of <colcon_core.verb.build.BuildVerb object at 0x7735d4ddc470>>, mixin_verb=('build',))
[0.146s] Level 1:colcon.colcon_core.package_discovery:discover_packages(colcon_meta) check parameters
[0.146s] Level 1:colcon.colcon_core.package_discovery:discover_packages(recursive) check parameters
[0.146s] Level 1:colcon.colcon_core.package_discovery:discover_packages(ignore) check parameters
[0.146s] Level 1:colcon.colcon_core.package_discovery:discover_packages(path) check parameters
[0.146s] Level 1:colcon.colcon_core.package_discovery:discover_packages(colcon_meta) discover
[0.146s] Level 1:colcon.colcon_core.package_discovery:discover_packages(recursive) discover
[0.146s] INFO:colcon.colcon_core.package_discovery:Crawling recursively for packages in '/home/student/moeder'
[0.146s] Level 1:colcon.colcon_core.package_identification:_identify(.) by extensions ['ignore', 'ignore_ament_install']
[0.147s] Level 1:colcon.colcon_core.package_identification:_identify(.) by extension 'ignore'
[0.147s] Level 1:colcon.colcon_core.package_identification:_identify(.) by extension 'ignore_ament_install'
[0.147s] Level 1:colcon.colcon_core.package_identification:_identify(.) by extensions ['colcon_pkg']
[0.147s] Level 1:colcon.colcon_core.package_identification:_identify(.) by extension 'colcon_pkg'
[0.147s] Level 1:colcon.colcon_core.package_identification:_identify(.) by extensions ['colcon_meta']
[0.147s] Level 1:colcon.colcon_core.package_identification:_identify(.) by extension 'colcon_meta'
[0.147s] Level 1:colcon.colcon_core.package_identification:_identify(.) by extensions ['ros']
[0.147s] Level 1:colcon.colcon_core.package_identification:_identify(.) by extension 'ros'
[0.169s] Level 1:colcon.colcon_core.package_identification:_identify(.) by extensions ['cmake', 'python']
[0.170s] Level 1:colcon.colcon_core.package_identification:_identify(.) by extension 'cmake'
[0.170s] Level 1:colcon.colcon_core.package_identification:_identify(.) by extension 'python'
[0.170s] Level 1:colcon.colcon_core.package_identification:_identify(.) by extensions ['python_setup_py']
[0.170s] Level 1:colcon.colcon_core.package_identification:_identify(.) by extension 'python_setup_py'
[0.170s] Level 1:colcon.colcon_core.package_identification:_identify(build) by extensions ['ignore', 'ignore_ament_install']
[0.170s] Level 1:colcon.colcon_core.package_identification:_identify(build) by extension 'ignore'
[0.170s] Level 1:colcon.colcon_core.package_identification:_identify(build) ignored
[0.170s] Level 1:colcon.colcon_core.package_identification:_identify(install) by extensions ['ignore', 'ignore_ament_install']
[0.170s] Level 1:colcon.colcon_core.package_identification:_identify(install) by extension 'ignore'
[0.170s] Level 1:colcon.colcon_core.package_identification:_identify(install) ignored
[0.170s] Level 1:colcon.colcon_core.package_identification:_identify(log) by extensions ['ignore', 'ignore_ament_install']
[0.170s] Level 1:colcon.colcon_core.package_identification:_identify(log) by extension 'ignore'
[0.171s] Level 1:colcon.colcon_core.package_identification:_identify(log) ignored
[0.171s] Level 1:colcon.colcon_core.package_identification:_identify(src) by extensions ['ignore', 'ignore_ament_install']
[0.171s] Level 1:colcon.colcon_core.package_identification:_identify(src) by extension 'ignore'
[0.171s] Level 1:colcon.colcon_core.package_identification:_identify(src) by extension 'ignore_ament_install'
[0.171s] Level 1:colcon.colcon_core.package_identification:_identify(src) by extensions ['colcon_pkg']
[0.171s] Level 1:colcon.colcon_core.package_identification:_identify(src) by extension 'colcon_pkg'
[0.171s] Level 1:colcon.colcon_core.package_identification:_identify(src) by extensions ['colcon_meta']
[0.171s] Level 1:colcon.colcon_core.package_identification:_identify(src) by extension 'colcon_meta'
[0.171s] Level 1:colcon.colcon_core.package_identification:_identify(src) by extensions ['ros']
[0.171s] Level 1:colcon.colcon_core.package_identification:_identify(src) by extension 'ros'
[0.171s] Level 1:colcon.colcon_core.package_identification:_identify(src) by extensions ['cmake', 'python']
[0.171s] Level 1:colcon.colcon_core.package_identification:_identify(src) by extension 'cmake'
[0.171s] Level 1:colcon.colcon_core.package_identification:_identify(src) by extension 'python'
[0.171s] Level 1:colcon.colcon_core.package_identification:_identify(src) by extensions ['python_setup_py']
[0.171s] Level 1:colcon.colcon_core.package_identification:_identify(src) by extension 'python_setup_py'
[0.171s] Level 1:colcon.colcon_core.package_identification:_identify(src/4_manipulation) by extensions ['ignore', 'ignore_ament_install']
[0.171s] Level 1:colcon.colcon_core.package_identification:_identify(src/4_manipulation) by extension 'ignore'
[0.171s] Level 1:colcon.colcon_core.package_identification:_identify(src/4_manipulation) by extension 'ignore_ament_install'
[0.171s] Level 1:colcon.colcon_core.package_identification:_identify(src/4_manipulation) by extensions ['colcon_pkg']
[0.171s] Level 1:colcon.colcon_core.package_identification:_identify(src/4_manipulation) by extension 'colcon_pkg'
[0.171s] Level 1:colcon.colcon_core.package_identification:_identify(src/4_manipulation) by extensions ['colcon_meta']
[0.171s] Level 1:colcon.colcon_core.package_identification:_identify(src/4_manipulation) by extension 'colcon_meta'
[0.171s] Level 1:colcon.colcon_core.package_identification:_identify(src/4_manipulation) by extensions ['ros']
[0.172s] Level 1:colcon.colcon_core.package_identification:_identify(src/4_manipulation) by extension 'ros'
[0.172s] Level 1:colcon.colcon_core.package_identification:_identify(src/4_manipulation) by extensions ['cmake', 'python']
[0.172s] Level 1:colcon.colcon_core.package_identification:_identify(src/4_manipulation) by extension 'cmake'
[0.172s] Level 1:colcon.colcon_core.package_identification:_identify(src/4_manipulation) by extension 'python'
[0.172s] Level 1:colcon.colcon_core.package_identification:_identify(src/4_manipulation) by extensions ['python_setup_py']
[0.172s] Level 1:colcon.colcon_core.package_identification:_identify(src/4_manipulation) by extension 'python_setup_py'
[0.172s] Level 1:colcon.colcon_core.package_identification:_identify(src/4_manipulation/manipulation) by extensions ['ignore', 'ignore_ament_install']
[0.172s] Level 1:colcon.colcon_core.package_identification:_identify(src/4_manipulation/manipulation) by extension 'ignore'
[0.172s] Level 1:colcon.colcon_core.package_identification:_identify(src/4_manipulation/manipulation) by extension 'ignore_ament_install'
[0.172s] Level 1:colcon.colcon_core.package_identification:_identify(src/4_manipulation/manipulation) by extensions ['colcon_pkg']
[0.172s] Level 1:colcon.colcon_core.package_identification:_identify(src/4_manipulation/manipulation) by extension 'colcon_pkg'
[0.172s] Level 1:colcon.colcon_core.package_identification:_identify(src/4_manipulation/manipulation) by extensions ['colcon_meta']
[0.172s] Level 1:colcon.colcon_core.package_identification:_identify(src/4_manipulation/manipulation) by extension 'colcon_meta'
[0.172s] Level 1:colcon.colcon_core.package_identification:_identify(src/4_manipulation/manipulation) by extensions ['ros']
[0.172s] Level 1:colcon.colcon_core.package_identification:_identify(src/4_manipulation/manipulation) by extension 'ros'
[0.174s] DEBUG:colcon.colcon_core.package_identification:Package 'src/4_manipulation/manipulation' with type 'ros.ament_python' and name 'manipulation'
[0.174s] Level 1:colcon.colcon_core.package_identification:_identify(src/4_manipulation/manipulation_moveit_config) by extensions ['ignore', 'ignore_ament_install']
[0.174s] Level 1:colcon.colcon_core.package_identification:_identify(src/4_manipulation/manipulation_moveit_config) by extension 'ignore'
[0.174s] Level 1:colcon.colcon_core.package_identification:_identify(src/4_manipulation/manipulation_moveit_config) by extension 'ignore_ament_install'
[0.174s] Level 1:colcon.colcon_core.package_identification:_identify(src/4_manipulation/manipulation_moveit_config) by extensions ['colcon_pkg']
[0.174s] Level 1:colcon.colcon_core.package_identification:_identify(src/4_manipulation/manipulation_moveit_config) by extension 'colcon_pkg'
[0.174s] Level 1:colcon.colcon_core.package_identification:_identify(src/4_manipulation/manipulation_moveit_config) by extensions ['colcon_meta']
[0.174s] Level 1:colcon.colcon_core.package_identification:_identify(src/4_manipulation/manipulation_moveit_config) by extension 'colcon_meta'
[0.175s] Level 1:colcon.colcon_core.package_identification:_identify(src/4_manipulation/manipulation_moveit_config) by extensions ['ros']
[0.175s] Level 1:colcon.colcon_core.package_identification:_identify(src/4_manipulation/manipulation_moveit_config) by extension 'ros'
[0.175s] DEBUG:colcon.colcon_core.package_identification:Package 'src/4_manipulation/manipulation_moveit_config' with type 'ros.ament_cmake' and name 'manipulation_moveit_config'
[0.175s] Level 1:colcon.colcon_core.package_identification:_identify(src/ROS2_airobotcel) by extensions ['ignore', 'ignore_ament_install']
[0.175s] Level 1:colcon.colcon_core.package_identification:_identify(src/ROS2_airobotcel) by extension 'ignore'
[0.175s] Level 1:colcon.colcon_core.package_identification:_identify(src/ROS2_airobotcel) by extension 'ignore_ament_install'
[0.175s] Level 1:colcon.colcon_core.package_identification:_identify(src/ROS2_airobotcel) by extensions ['colcon_pkg']
[0.175s] Level 1:colcon.colcon_core.package_identification:_identify(src/ROS2_airobotcel) by extension 'colcon_pkg'
[0.176s] Level 1:colcon.colcon_core.package_identification:_identify(src/ROS2_airobotcel) by extensions ['colcon_meta']
[0.176s] Level 1:colcon.colcon_core.package_identification:_identify(src/ROS2_airobotcel) by extension 'colcon_meta'
[0.176s] Level 1:colcon.colcon_core.package_identification:_identify(src/ROS2_airobotcel) by extensions ['ros']
[0.176s] Level 1:colcon.colcon_core.package_identification:_identify(src/ROS2_airobotcel) by extension 'ros'
[0.176s] Level 1:colcon.colcon_core.package_identification:_identify(src/ROS2_airobotcel) by extensions ['cmake', 'python']
[0.176s] Level 1:colcon.colcon_core.package_identification:_identify(src/ROS2_airobotcel) by extension 'cmake'
[0.176s] Level 1:colcon.colcon_core.package_identification:_identify(src/ROS2_airobotcel) by extension 'python'
[0.176s] Level 1:colcon.colcon_core.package_identification:_identify(src/ROS2_airobotcel) by extensions ['python_setup_py']
[0.176s] Level 1:colcon.colcon_core.package_identification:_identify(src/ROS2_airobotcel) by extension 'python_setup_py'
[0.176s] Level 1:colcon.colcon_core.package_discovery:discover_packages(recursive) using defaults
[0.176s] Level 1:colcon.colcon_core.package_discovery:discover_packages(ignore) discover
[0.176s] Level 1:colcon.colcon_core.package_discovery:discover_packages(ignore) using defaults
[0.176s] Level 1:colcon.colcon_core.package_discovery:discover_packages(path) discover
[0.176s] Level 1:colcon.colcon_core.package_discovery:discover_packages(path) using defaults
[0.194s] Level 1:colcon.colcon_core.package_discovery:discover_packages(prefix_path) check parameters
[0.194s] Level 1:colcon.colcon_core.package_discovery:discover_packages(prefix_path) discover
[0.197s] DEBUG:colcon.colcon_installed_package_information.package_discovery:Found 2 installed packages in /home/student/moeder/install
[0.198s] DEBUG:colcon.colcon_installed_package_information.package_discovery:Found 12 installed packages in /home/student/xarm_ws/install
[0.199s] DEBUG:colcon.colcon_installed_package_information.package_discovery:Found 21 installed packages in /home/student/ros2_industrial_ws/install
[0.199s] DEBUG:colcon.colcon_installed_package_information.package_discovery:Found 1 installed packages in /home/student/microROS_agent_ws/install
[0.200s] DEBUG:colcon.colcon_installed_package_information.package_discovery:Found 7 installed packages in /home/student/my_uf_ws/install
[0.202s] DEBUG:colcon.colcon_installed_package_information.package_discovery:Found 407 installed packages in /opt/ros/jazzy
[0.204s] Level 1:colcon.colcon_core.package_discovery:discover_packages(prefix_path) using defaults
[0.255s] WARNING:colcon.colcon_core.package_selection:Some selected packages are already built in one or more underlay workspaces:
	'manipulation' is in: /home/student/moeder/install/manipulation, /home/student/ros2_industrial_ws/install/manipulation
If a package in a merged underlay workspace is overridden and it installs headers, then all packages in the overlay must sort their include directories by workspace order. Failure to do so may result in build failures or undefined behavior at run time.
If the overridden package is used by another package in any underlay, then the overriding package in the overlay must be API and ABI compatible or undefined behavior at run time may occur.

If you understand the risks and want to override a package anyways, add the following to the command line:
	--allow-overriding manipulation

This may be promoted to an error in a future release of colcon-override-check.
[0.256s] Level 5:colcon.colcon_core.verb:set package 'manipulation' build argument 'cmake_args' from command line to 'None'
[0.256s] Level 5:colcon.colcon_core.verb:set package 'manipulation' build argument 'cmake_target' from command line to 'None'
[0.256s] Level 5:colcon.colcon_core.verb:set package 'manipulation' build argument 'cmake_target_skip_unavailable' from command line to 'False'
[0.256s] Level 5:colcon.colcon_core.verb:set package 'manipulation' build argument 'cmake_clean_cache' from command line to 'False'
[0.256s] Level 5:colcon.colcon_core.verb:set package 'manipulation' build argument 'cmake_clean_first' from command line to 'False'
[0.257s] Level 5:colcon.colcon_core.verb:set package 'manipulation' build argument 'cmake_force_configure' from command line to 'False'
[0.257s] Level 5:colcon.colcon_core.verb:set package 'manipulation' build argument 'ament_cmake_args' from command line to 'None'
[0.257s] Level 5:colcon.colcon_core.verb:set package 'manipulation' build argument 'catkin_cmake_args' from command line to 'None'
[0.257s] Level 5:colcon.colcon_core.verb:set package 'manipulation' build argument 'catkin_skip_building_tests' from command line to 'False'
[0.257s] DEBUG:colcon.colcon_core.verb:Building package 'manipulation' with the following arguments: {'ament_cmake_args': None, 'build_base': '/home/student/moeder/build/manipulation', 'catkin_cmake_args': None, 'catkin_skip_building_tests': False, 'cmake_args': None, 'cmake_clean_cache': False, 'cmake_clean_first': False, 'cmake_force_configure': False, 'cmake_target': None, 'cmake_target_skip_unavailable': False, 'install_base': '/home/student/moeder/install/manipulation', 'merge_install': False, 'path': '/home/student/moeder/src/4_manipulation/manipulation', 'symlink_install': False, 'test_result_base': None}
[0.257s] Level 5:colcon.colcon_core.verb:set package 'manipulation_moveit_config' build argument 'cmake_args' from command line to 'None'
[0.257s] Level 5:colcon.colcon_core.verb:set package 'manipulation_moveit_config' build argument 'cmake_target' from command line to 'None'
[0.257s] Level 5:colcon.colcon_core.verb:set package 'manipulation_moveit_config' build argument 'cmake_target_skip_unavailable' from command line to 'False'
[0.257s] Level 5:colcon.colcon_core.verb:set package 'manipulation_moveit_config' build argument 'cmake_clean_cache' from command line to 'False'
[0.257s] Level 5:colcon.colcon_core.verb:set package 'manipulation_moveit_config' build argument 'cmake_clean_first' from command line to 'False'
[0.257s] Level 5:colcon.colcon_core.verb:set package 'manipulation_moveit_config' build argument 'cmake_force_configure' from command line to 'False'
[0.257s] Level 5:colcon.colcon_core.verb:set package 'manipulation_moveit_config' build argument 'ament_cmake_args' from command line to 'None'
[0.257s] Level 5:colcon.colcon_core.verb:set package 'manipulation_moveit_config' build argument 'catkin_cmake_args' from command line to 'None'
[0.257s] Level 5:colcon.colcon_core.verb:set package 'manipulation_moveit_config' build argument 'catkin_skip_building_tests' from command line to 'False'
[0.257s] DEBUG:colcon.colcon_core.verb:Building package 'manipulation_moveit_config' with the following arguments: {'ament_cmake_args': None, 'build_base': '/home/student/moeder/build/manipulation_moveit_config', 'catkin_cmake_args': None, 'catkin_skip_building_tests': False, 'cmake_args': None, 'cmake_clean_cache': False, 'cmake_clean_first': False, 'cmake_force_configure': False, 'cmake_target': None, 'cmake_target_skip_unavailable': False, 'install_base': '/home/student/moeder/install/manipulation_moveit_config', 'merge_install': False, 'path': '/home/student/moeder/src/4_manipulation/manipulation_moveit_config', 'symlink_install': False, 'test_result_base': None}
[0.257s] INFO:colcon.colcon_core.executor:Executing jobs using 'parallel' executor
[0.259s] DEBUG:colcon.colcon_parallel_executor.executor.parallel:run_until_complete
[0.259s] INFO:colcon.colcon_ros.task.ament_python.build:Building ROS package in '/home/student/moeder/src/4_manipulation/manipulation' with build type 'ament_python'
[0.259s] Level 1:colcon.colcon_core.shell:create_environment_hook('manipulation', 'ament_prefix_path')
[0.262s] INFO:colcon.colcon_core.plugin_system:Skipping extension 'colcon_core.shell.bat': Not used on non-Windows systems
[0.262s] INFO:colcon.colcon_core.shell:Creating environment hook '/home/student/moeder/install/manipulation/share/manipulation/hook/ament_prefix_path.ps1'
[0.263s] INFO:colcon.colcon_core.shell:Creating environment descriptor '/home/student/moeder/install/manipulation/share/manipulation/hook/ament_prefix_path.dsv'
[0.264s] INFO:colcon.colcon_core.shell:Creating environment hook '/home/student/moeder/install/manipulation/share/manipulation/hook/ament_prefix_path.sh'
[0.264s] INFO:colcon.colcon_core.shell:Skip shell extension 'powershell' for command environment: Not usable outside of PowerShell
[0.265s] DEBUG:colcon.colcon_core.shell:Skip shell extension 'dsv' for command environment
[0.500s] INFO:colcon.colcon_core.task.python.build:Building Python package in '/home/student/moeder/src/4_manipulation/manipulation'
[0.500s] INFO:colcon.colcon_core.shell:Skip shell extension 'powershell' for command environment: Not usable outside of PowerShell
[0.500s] DEBUG:colcon.colcon_core.shell:Skip shell extension 'dsv' for command environment
[1.112s] DEBUG:colcon.colcon_core.event_handler.log_command:Invoking command in '/home/student/moeder/src/4_manipulation/manipulation': DEBUGINFOD_URLS=https://debuginfod.ubuntu.com PYTHONPATH=/home/student/moeder/build/manipulation/prefix_override:/usr/lib/python3/dist-packages/colcon_core/task/python/colcon_distutils_commands:/home/student/moeder/install/manipulation/lib/python3.12/site-packages:${PYTHONPATH} /usr/bin/python3 -W ignore:setup.py install is deprecated -W ignore:easy_install command is deprecated setup.py egg_info --egg-base ../../../build/manipulation build --build-base /home/student/moeder/build/manipulation/build install --record /home/student/moeder/build/manipulation/install.log --single-version-externally-managed install_data
[1.683s] DEBUG:colcon.colcon_core.event_handler.log_command:Invoked command in '/home/student/moeder/src/4_manipulation/manipulation' returned '0': DEBUGINFOD_URLS=https://debuginfod.ubuntu.com PYTHONPATH=/home/student/moeder/build/manipulation/prefix_override:/usr/lib/python3/dist-packages/colcon_core/task/python/colcon_distutils_commands:/home/student/moeder/install/manipulation/lib/python3.12/site-packages:${PYTHONPATH} /usr/bin/python3 -W ignore:setup.py install is deprecated -W ignore:easy_install command is deprecated setup.py egg_info --egg-base ../../../build/manipulation build --build-base /home/student/moeder/build/manipulation/build install --record /home/student/moeder/build/manipulation/install.log --single-version-externally-managed install_data
[1.685s] Level 1:colcon.colcon_core.environment:checking '/home/student/moeder/install/manipulation' for CMake module files
[1.685s] Level 1:colcon.colcon_core.environment:checking '/home/student/moeder/install/manipulation' for CMake config files
[1.686s] Level 1:colcon.colcon_core.environment:checking '/home/student/moeder/install/manipulation/lib'
[1.686s] Level 1:colcon.colcon_core.environment:checking '/home/student/moeder/install/manipulation/bin'
[1.686s] Level 1:colcon.colcon_core.environment:checking '/home/student/moeder/install/manipulation/lib/pkgconfig/manipulation.pc'
[1.686s] Level 1:colcon.colcon_core.environment:checking '/home/student/moeder/install/manipulation/lib/python3.12/site-packages'
[1.686s] Level 1:colcon.colcon_core.shell:create_environment_hook('manipulation', 'pythonpath')
[1.687s] INFO:colcon.colcon_core.shell:Creating environment hook '/home/student/moeder/install/manipulation/share/manipulation/hook/pythonpath.ps1'
[1.687s] INFO:colcon.colcon_core.shell:Creating environment descriptor '/home/student/moeder/install/manipulation/share/manipulation/hook/pythonpath.dsv'
[1.688s] INFO:colcon.colcon_core.shell:Creating environment hook '/home/student/moeder/install/manipulation/share/manipulation/hook/pythonpath.sh'
[1.688s] Level 1:colcon.colcon_core.environment:checking '/home/student/moeder/install/manipulation/bin'
[1.689s] Level 1:colcon.colcon_core.environment:create_environment_scripts_only(manipulation)
[1.689s] INFO:colcon.colcon_core.shell:Creating package script '/home/student/moeder/install/manipulation/share/manipulation/package.ps1'
[1.689s] INFO:colcon.colcon_core.shell:Creating package descriptor '/home/student/moeder/install/manipulation/share/manipulation/package.dsv'
[1.690s] INFO:colcon.colcon_core.shell:Creating package script '/home/student/moeder/install/manipulation/share/manipulation/package.sh'
[1.690s] INFO:colcon.colcon_core.shell:Creating package script '/home/student/moeder/install/manipulation/share/manipulation/package.bash'
[1.691s] INFO:colcon.colcon_core.shell:Creating package script '/home/student/moeder/install/manipulation/share/manipulation/package.zsh'
[1.692s] Level 1:colcon.colcon_core.environment:create_file_with_runtime_dependencies(/home/student/moeder/install/manipulation/share/colcon-core/packages/manipulation)
[1.692s] INFO:colcon.colcon_ros.task.ament_cmake.build:Building ROS package in '/home/student/moeder/src/4_manipulation/manipulation_moveit_config' with build type 'ament_cmake'
[1.692s] INFO:colcon.colcon_cmake.task.cmake.build:Building CMake package in '/home/student/moeder/src/4_manipulation/manipulation_moveit_config'
[1.693s] INFO:colcon.colcon_core.shell:Skip shell extension 'powershell' for command environment: Not usable outside of PowerShell
[1.693s] DEBUG:colcon.colcon_core.shell:Skip shell extension 'dsv' for command environment
[1.711s] DEBUG:colcon.colcon_core.event_handler.log_command:Invoking command in '/home/student/moeder/build/manipulation_moveit_config': AMENT_PREFIX_PATH=/home/student/moeder/install/manipulation:/home/student/moeder/install/manipulation_moveit_config:/home/student/ros2_industrial_ws/install/workshop_moveit_config:/home/student/ros2_industrial_ws/install/urdf_basics:/home/student/ros2_industrial_ws/install/transferframes_moveit_config:/home/student/ros2_industrial_ws/install/transferframes:/home/student/ros2_industrial_ws/install/template_package_python:/home/student/ros2_industrial_ws/install/template_interfaces:/home/student/ros2_industrial_ws/install/ros_industrial_utilities:/home/student/ros2_industrial_ws/install/ros_industrial_support:/home/student/ros2_industrial_ws/install/ros_industrial_sensors:/home/student/ros2_industrial_ws/install/ros_industrial_actuators:/home/student/ros2_industrial_ws/install/ros_industrial_msgs:/home/student/ros2_industrial_ws/install/ros_industrial_install:/home/student/ros2_industrial_ws/install/range_sensor_cpp:/home/student/ros2_industrial_ws/install/range_sensor:/home/student/ros2_industrial_ws/install/range_sensors_interfaces:/home/student/ros2_industrial_ws/install/pymoveit2:/home/student/ros2_industrial_ws/install/node_demo:/home/student/ros2_industrial_ws/install/my_moveit_python:/home/student/ros2_industrial_ws/install/manipulation_moveit_config:/home/student/ros2_industrial_ws/install/manipulation:/home/student/ros2_industrial_ws/install/fanuc_robots:/home/student/xarm_ws/install/xarm_planner:/home/student/xarm_ws/install/xarm_moveit_servo:/home/student/xarm_ws/install/xarm_moveit_config:/home/student/xarm_ws/install/xarm_gazebo:/home/student/xarm_ws/install/xarm_controller:/home/student/xarm_ws/install/xarm_api:/home/student/xarm_ws/install/xarm_sdk:/home/student/xarm_ws/install/xarm_msgs:/home/student/xarm_ws/install/xarm_description:/home/student/xarm_ws/install/mbot_demo:/home/student/xarm_ws/install/uf_ros_lib:/home/student/xarm_ws/install/realsense_gazebo_plugin:/home/student/my_uf_ws/install/pymoveit2:/home/student/my_uf_ws/install/my_uf_moveit_config:/home/student/my_uf_ws/install/my_uf_description:/home/student/my_uf_ws/install/my_uf_demo:/home/student/my_uf_ws/install/my_uf_bringup:/home/student/my_uf_ws/install/my_uf:/home/student/my_uf_ws/install/my_moveit_python:/home/student/microROS_agent_ws/install/micro_ros_agent:/opt/ros/jazzy CMAKE_PREFIX_PATH=${CMAKE_PREFIX_PATH}:/home/student/moeder/install/manipulation:/home/student/ros2_industrial_ws/install/urdf_basics:/home/student/ros2_industrial_ws/install/transferframes:/home/student/ros2_industrial_ws/install/template_package_python:/home/student/ros2_industrial_ws/install/ros_industrial_utilities:/home/student/ros2_industrial_ws/install/ros_industrial_support:/home/student/ros2_industrial_ws/install/range_sensor:/home/student/ros2_industrial_ws/install/node_demo:/home/student/ros2_industrial_ws/install/manipulation:/home/student/ros2_industrial_ws/install/fanuc_robots:/home/student/xarm_ws/install/uf_ros_lib:/home/student/my_uf_ws/install/my_uf_description:/home/student/my_uf_ws/install/my_uf_demo:/home/student/my_uf_ws/install/my_uf_bringup:/opt/ros/jazzy DEBUGINFOD_URLS=https://debuginfod.ubuntu.com /usr/bin/cmake --build /home/student/moeder/build/manipulation_moveit_config -- -j16 -l16
[1.770s] DEBUG:colcon.colcon_core.event_handler.log_command:Invoked command in '/home/student/moeder/build/manipulation_moveit_config' returned '0': AMENT_PREFIX_PATH=/home/student/moeder/install/manipulation:/home/student/moeder/install/manipulation_moveit_config:/home/student/ros2_industrial_ws/install/workshop_moveit_config:/home/student/ros2_industrial_ws/install/urdf_basics:/home/student/ros2_industrial_ws/install/transferframes_moveit_config:/home/student/ros2_industrial_ws/install/transferframes:/home/student/ros2_industrial_ws/install/template_package_python:/home/student/ros2_industrial_ws/install/template_interfaces:/home/student/ros2_industrial_ws/install/ros_industrial_utilities:/home/student/ros2_industrial_ws/install/ros_industrial_support:/home/student/ros2_industrial_ws/install/ros_industrial_sensors:/home/student/ros2_industrial_ws/install/ros_industrial_actuators:/home/student/ros2_industrial_ws/install/ros_industrial_msgs:/home/student/ros2_industrial_ws/install/ros_industrial_install:/home/student/ros2_industrial_ws/install/range_sensor_cpp:/home/student/ros2_industrial_ws/install/range_sensor:/home/student/ros2_industrial_ws/install/range_sensors_interfaces:/home/student/ros2_industrial_ws/install/pymoveit2:/home/student/ros2_industrial_ws/install/node_demo:/home/student/ros2_industrial_ws/install/my_moveit_python:/home/student/ros2_industrial_ws/install/manipulation_moveit_config:/home/student/ros2_industrial_ws/install/manipulation:/home/student/ros2_industrial_ws/install/fanuc_robots:/home/student/xarm_ws/install/xarm_planner:/home/student/xarm_ws/install/xarm_moveit_servo:/home/student/xarm_ws/install/xarm_moveit_config:/home/student/xarm_ws/install/xarm_gazebo:/home/student/xarm_ws/install/xarm_controller:/home/student/xarm_ws/install/xarm_api:/home/student/xarm_ws/install/xarm_sdk:/home/student/xarm_ws/install/xarm_msgs:/home/student/xarm_ws/install/xarm_description:/home/student/xarm_ws/install/mbot_demo:/home/student/xarm_ws/install/uf_ros_lib:/home/student/xarm_ws/install/realsense_gazebo_plugin:/home/student/my_uf_ws/install/pymoveit2:/home/student/my_uf_ws/install/my_uf_moveit_config:/home/student/my_uf_ws/install/my_uf_description:/home/student/my_uf_ws/install/my_uf_demo:/home/student/my_uf_ws/install/my_uf_bringup:/home/student/my_uf_ws/install/my_uf:/home/student/my_uf_ws/install/my_moveit_python:/home/student/microROS_agent_ws/install/micro_ros_agent:/opt/ros/jazzy CMAKE_PREFIX_PATH=${CMAKE_PREFIX_PATH}:/home/student/moeder/install/manipulation:/home/student/ros2_industrial_ws/install/urdf_basics:/home/student/ros2_industrial_ws/install/transferframes:/home/student/ros2_industrial_ws/install/template_package_python:/home/student/ros2_industrial_ws/install/ros_industrial_utilities:/home/student/ros2_industrial_ws/install/ros_industrial_support:/home/student/ros2_industrial_ws/install/range_sensor:/home/student/ros2_industrial_ws/install/node_demo:/home/student/ros2_industrial_ws/install/manipulation:/home/student/ros2_industrial_ws/install/fanuc_robots:/home/student/xarm_ws/install/uf_ros_lib:/home/student/my_uf_ws/install/my_uf_description:/home/student/my_uf_ws/install/my_uf_demo:/home/student/my_uf_ws/install/my_uf_bringup:/opt/ros/jazzy DEBUGINFOD_URLS=https://debuginfod.ubuntu.com /usr/bin/cmake --build /home/student/moeder/build/manipulation_moveit_config -- -j16 -l16
[1.785s] DEBUG:colcon.colcon_core.event_handler.log_command:Invoking command in '/home/student/moeder/build/manipulation_moveit_config': AMENT_PREFIX_PATH=/home/student/moeder/install/manipulation:/home/student/moeder/install/manipulation_moveit_config:/home/student/ros2_industrial_ws/install/workshop_moveit_config:/home/student/ros2_industrial_ws/install/urdf_basics:/home/student/ros2_industrial_ws/install/transferframes_moveit_config:/home/student/ros2_industrial_ws/install/transferframes:/home/student/ros2_industrial_ws/install/template_package_python:/home/student/ros2_industrial_ws/install/template_interfaces:/home/student/ros2_industrial_ws/install/ros_industrial_utilities:/home/student/ros2_industrial_ws/install/ros_industrial_support:/home/student/ros2_industrial_ws/install/ros_industrial_sensors:/home/student/ros2_industrial_ws/install/ros_industrial_actuators:/home/student/ros2_industrial_ws/install/ros_industrial_msgs:/home/student/ros2_industrial_ws/install/ros_industrial_install:/home/student/ros2_industrial_ws/install/range_sensor_cpp:/home/student/ros2_industrial_ws/install/range_sensor:/home/student/ros2_industrial_ws/install/range_sensors_interfaces:/home/student/ros2_industrial_ws/install/pymoveit2:/home/student/ros2_industrial_ws/install/node_demo:/home/student/ros2_industrial_ws/install/my_moveit_python:/home/student/ros2_industrial_ws/install/manipulation_moveit_config:/home/student/ros2_industrial_ws/install/manipulation:/home/student/ros2_industrial_ws/install/fanuc_robots:/home/student/xarm_ws/install/xarm_planner:/home/student/xarm_ws/install/xarm_moveit_servo:/home/student/xarm_ws/install/xarm_moveit_config:/home/student/xarm_ws/install/xarm_gazebo:/home/student/xarm_ws/install/xarm_controller:/home/student/xarm_ws/install/xarm_api:/home/student/xarm_ws/install/xarm_sdk:/home/student/xarm_ws/install/xarm_msgs:/home/student/xarm_ws/install/xarm_description:/home/student/xarm_ws/install/mbot_demo:/home/student/xarm_ws/install/uf_ros_lib:/home/student/xarm_ws/install/realsense_gazebo_plugin:/home/student/my_uf_ws/install/pymoveit2:/home/student/my_uf_ws/install/my_uf_moveit_config:/home/student/my_uf_ws/install/my_uf_description:/home/student/my_uf_ws/install/my_uf_demo:/home/student/my_uf_ws/install/my_uf_bringup:/home/student/my_uf_ws/install/my_uf:/home/student/my_uf_ws/install/my_moveit_python:/home/student/microROS_agent_ws/install/micro_ros_agent:/opt/ros/jazzy CMAKE_PREFIX_PATH=${CMAKE_PREFIX_PATH}:/home/student/moeder/install/manipulation:/home/student/ros2_industrial_ws/install/urdf_basics:/home/student/ros2_industrial_ws/install/transferframes:/home/student/ros2_industrial_ws/install/template_package_python:/home/student/ros2_industrial_ws/install/ros_industrial_utilities:/home/student/ros2_industrial_ws/install/ros_industrial_support:/home/student/ros2_industrial_ws/install/range_sensor:/home/student/ros2_industrial_ws/install/node_demo:/home/student/ros2_industrial_ws/install/manipulation:/home/student/ros2_industrial_ws/install/fanuc_robots:/home/student/xarm_ws/install/uf_ros_lib:/home/student/my_uf_ws/install/my_uf_description:/home/student/my_uf_ws/install/my_uf_demo:/home/student/my_uf_ws/install/my_uf_bringup:/opt/ros/jazzy DEBUGINFOD_URLS=https://debuginfod.ubuntu.com /usr/bin/cmake --install /home/student/moeder/build/manipulation_moveit_config
[1.801s] Level 1:colcon.colcon_core.environment:create_environment_scripts_only(manipulation_moveit_config)
[1.802s] Level 1:colcon.colcon_core.environment:checking '/home/student/moeder/install/manipulation_moveit_config' for CMake module files
[1.803s] DEBUG:colcon.colcon_core.event_handler.log_command:Invoked command in '/home/student/moeder/build/manipulation_moveit_config' returned '0': AMENT_PREFIX_PATH=/home/student/moeder/install/manipulation:/home/student/moeder/install/manipulation_moveit_config:/home/student/ros2_industrial_ws/install/workshop_moveit_config:/home/student/ros2_industrial_ws/install/urdf_basics:/home/student/ros2_industrial_ws/install/transferframes_moveit_config:/home/student/ros2_industrial_ws/install/transferframes:/home/student/ros2_industrial_ws/install/template_package_python:/home/student/ros2_industrial_ws/install/template_interfaces:/home/student/ros2_industrial_ws/install/ros_industrial_utilities:/home/student/ros2_industrial_ws/install/ros_industrial_support:/home/student/ros2_industrial_ws/install/ros_industrial_sensors:/home/student/ros2_industrial_ws/install/ros_industrial_actuators:/home/student/ros2_industrial_ws/install/ros_industrial_msgs:/home/student/ros2_industrial_ws/install/ros_industrial_install:/home/student/ros2_industrial_ws/install/range_sensor_cpp:/home/student/ros2_industrial_ws/install/range_sensor:/home/student/ros2_industrial_ws/install/range_sensors_interfaces:/home/student/ros2_industrial_ws/install/pymoveit2:/home/student/ros2_industrial_ws/install/node_demo:/home/student/ros2_industrial_ws/install/my_moveit_python:/home/student/ros2_industrial_ws/install/manipulation_moveit_config:/home/student/ros2_industrial_ws/install/manipulation:/home/student/ros2_industrial_ws/install/fanuc_robots:/home/student/xarm_ws/install/xarm_planner:/home/student/xarm_ws/install/xarm_moveit_servo:/home/student/xarm_ws/install/xarm_moveit_config:/home/student/xarm_ws/install/xarm_gazebo:/home/student/xarm_ws/install/xarm_controller:/home/student/xarm_ws/install/xarm_api:/home/student/xarm_ws/install/xarm_sdk:/home/student/xarm_ws/install/xarm_msgs:/home/student/xarm_ws/install/xarm_description:/home/student/xarm_ws/install/mbot_demo:/home/student/xarm_ws/install/uf_ros_lib:/home/student/xarm_ws/install/realsense_gazebo_plugin:/home/student/my_uf_ws/install/pymoveit2:/home/student/my_uf_ws/install/my_uf_moveit_config:/home/student/my_uf_ws/install/my_uf_description:/home/student/my_uf_ws/install/my_uf_demo:/home/student/my_uf_ws/install/my_uf_bringup:/home/student/my_uf_ws/install/my_uf:/home/student/my_uf_ws/install/my_moveit_python:/home/student/microROS_agent_ws/install/micro_ros_agent:/opt/ros/jazzy CMAKE_PREFIX_PATH=${CMAKE_PREFIX_PATH}:/home/student/moeder/install/manipulation:/home/student/ros2_industrial_ws/install/urdf_basics:/home/student/ros2_industrial_ws/install/transferframes:/home/student/ros2_industrial_ws/install/template_package_python:/home/student/ros2_industrial_ws/install/ros_industrial_utilities:/home/student/ros2_industrial_ws/install/ros_industrial_support:/home/student/ros2_industrial_ws/install/range_sensor:/home/student/ros2_industrial_ws/install/node_demo:/home/student/ros2_industrial_ws/install/manipulation:/home/student/ros2_industrial_ws/install/fanuc_robots:/home/student/xarm_ws/install/uf_ros_lib:/home/student/my_uf_ws/install/my_uf_description:/home/student/my_uf_ws/install/my_uf_demo:/home/student/my_uf_ws/install/my_uf_bringup:/opt/ros/jazzy DEBUGINFOD_URLS=https://debuginfod.ubuntu.com /usr/bin/cmake --install /home/student/moeder/build/manipulation_moveit_config
[1.803s] Level 1:colcon.colcon_core.environment:checking '/home/student/moeder/install/manipulation_moveit_config' for CMake config files
[1.803s] Level 1:colcon.colcon_core.shell:create_environment_hook('manipulation_moveit_config', 'cmake_prefix_path')
[1.804s] INFO:colcon.colcon_core.shell:Creating environment hook '/home/student/moeder/install/manipulation_moveit_config/share/manipulation_moveit_config/hook/cmake_prefix_path.ps1'
[1.804s] INFO:colcon.colcon_core.shell:Creating environment descriptor '/home/student/moeder/install/manipulation_moveit_config/share/manipulation_moveit_config/hook/cmake_prefix_path.dsv'
[1.805s] INFO:colcon.colcon_core.shell:Creating environment hook '/home/student/moeder/install/manipulation_moveit_config/share/manipulation_moveit_config/hook/cmake_prefix_path.sh'
[1.805s] Level 1:colcon.colcon_core.environment:checking '/home/student/moeder/install/manipulation_moveit_config/bin'
[1.805s] Level 1:colcon.colcon_core.environment:checking '/home/student/moeder/install/manipulation_moveit_config/lib/pkgconfig/manipulation_moveit_config.pc'
[1.806s] Level 1:colcon.colcon_core.environment:checking '/home/student/moeder/install/manipulation_moveit_config/lib/python3.12/site-packages'
[1.806s] Level 1:colcon.colcon_core.environment:checking '/home/student/moeder/install/manipulation_moveit_config/bin'
[1.806s] INFO:colcon.colcon_core.shell:Creating package script '/home/student/moeder/install/manipulation_moveit_config/share/manipulation_moveit_config/package.ps1'
[1.806s] INFO:colcon.colcon_core.shell:Creating package descriptor '/home/student/moeder/install/manipulation_moveit_config/share/manipulation_moveit_config/package.dsv'
[1.807s] INFO:colcon.colcon_core.shell:Creating package script '/home/student/moeder/install/manipulation_moveit_config/share/manipulation_moveit_config/package.sh'
[1.807s] INFO:colcon.colcon_core.shell:Creating package script '/home/student/moeder/install/manipulation_moveit_config/share/manipulation_moveit_config/package.bash'
[1.808s] INFO:colcon.colcon_core.shell:Creating package script '/home/student/moeder/install/manipulation_moveit_config/share/manipulation_moveit_config/package.zsh'
[1.808s] Level 1:colcon.colcon_core.environment:create_file_with_runtime_dependencies(/home/student/moeder/install/manipulation_moveit_config/share/colcon-core/packages/manipulation_moveit_config)
[1.809s] Level 1:colcon.colcon_core.environment:create_environment_scripts_only(manipulation_moveit_config)
[1.809s] Level 1:colcon.colcon_core.environment:checking '/home/student/moeder/install/manipulation_moveit_config' for CMake module files
[1.809s] Level 1:colcon.colcon_core.environment:checking '/home/student/moeder/install/manipulation_moveit_config' for CMake config files
[1.809s] Level 1:colcon.colcon_core.shell:create_environment_hook('manipulation_moveit_config', 'cmake_prefix_path')
[1.809s] INFO:colcon.colcon_core.shell:Creating environment hook '/home/student/moeder/install/manipulation_moveit_config/share/manipulation_moveit_config/hook/cmake_prefix_path.ps1'
[1.810s] INFO:colcon.colcon_core.shell:Creating environment descriptor '/home/student/moeder/install/manipulation_moveit_config/share/manipulation_moveit_config/hook/cmake_prefix_path.dsv'
[1.810s] INFO:colcon.colcon_core.shell:Creating environment hook '/home/student/moeder/install/manipulation_moveit_config/share/manipulation_moveit_config/hook/cmake_prefix_path.sh'
[1.811s] Level 1:colcon.colcon_core.environment:checking '/home/student/moeder/install/manipulation_moveit_config/bin'
[1.811s] Level 1:colcon.colcon_core.environment:checking '/home/student/moeder/install/manipulation_moveit_config/lib/pkgconfig/manipulation_moveit_config.pc'
[1.811s] Level 1:colcon.colcon_core.environment:checking '/home/student/moeder/install/manipulation_moveit_config/lib/python3.12/site-packages'
[1.812s] Level 1:colcon.colcon_core.environment:checking '/home/student/moeder/install/manipulation_moveit_config/bin'
[1.812s] INFO:colcon.colcon_core.shell:Creating package script '/home/student/moeder/install/manipulation_moveit_config/share/manipulation_moveit_config/package.ps1'
[1.812s] INFO:colcon.colcon_core.shell:Creating package descriptor '/home/student/moeder/install/manipulation_moveit_config/share/manipulation_moveit_config/package.dsv'
[1.813s] INFO:colcon.colcon_core.shell:Creating package script '/home/student/moeder/install/manipulation_moveit_config/share/manipulation_moveit_config/package.sh'
[1.813s] INFO:colcon.colcon_core.shell:Creating package script '/home/student/moeder/install/manipulation_moveit_config/share/manipulation_moveit_config/package.bash'
[1.814s] INFO:colcon.colcon_core.shell:Creating package script '/home/student/moeder/install/manipulation_moveit_config/share/manipulation_moveit_config/package.zsh'
[1.814s] Level 1:colcon.colcon_core.environment:create_file_with_runtime_dependencies(/home/student/moeder/install/manipulation_moveit_config/share/colcon-core/packages/manipulation_moveit_config)
[1.815s] DEBUG:colcon.colcon_parallel_executor.executor.parallel:closing loop
[1.815s] DEBUG:colcon.colcon_parallel_executor.executor.parallel:loop closed
[1.815s] DEBUG:colcon.colcon_parallel_executor.executor.parallel:run_until_complete finished with '0'
[1.815s] DEBUG:colcon.colcon_core.event_reactor:joining thread
[1.824s] INFO:colcon.colcon_core.plugin_system:Skipping extension 'colcon_notification.desktop_notification.terminal_notifier': Not used on non-Darwin systems
[1.824s] INFO:colcon.colcon_core.plugin_system:Skipping extension 'colcon_notification.desktop_notification.win32': Not used on non-Windows systems
[1.825s] INFO:colcon.colcon_notification.desktop_notification:Sending desktop notification using 'notify2'
[1.840s] DEBUG:colcon.colcon_core.event_reactor:joined thread
[1.840s] INFO:colcon.colcon_core.shell:Creating prefix script '/home/student/moeder/install/local_setup.ps1'
[1.842s] INFO:colcon.colcon_core.shell:Creating prefix util module '/home/student/moeder/install/_local_setup_util_ps1.py'
[1.844s] INFO:colcon.colcon_core.shell:Creating prefix chain script '/home/student/moeder/install/setup.ps1'
[1.847s] INFO:colcon.colcon_core.shell:Creating prefix script '/home/student/moeder/install/local_setup.sh'
[1.848s] INFO:colcon.colcon_core.shell:Creating prefix util module '/home/student/moeder/install/_local_setup_util_sh.py'
[1.848s] INFO:colcon.colcon_core.shell:Creating prefix chain script '/home/student/moeder/install/setup.sh'
[1.852s] INFO:colcon.colcon_core.shell:Creating prefix script '/home/student/moeder/install/local_setup.bash'
[1.871s] INFO:colcon.colcon_core.shell:Creating prefix chain script '/home/student/moeder/install/setup.bash'
[1.875s] INFO:colcon.colcon_core.shell:Creating prefix script '/home/student/moeder/install/local_setup.zsh'
[1.875s] INFO:colcon.colcon_core.shell:Creating prefix chain script '/home/student/moeder/install/setup.zsh'
