[1.483s] Invoking command in '/home/student/workspace/src/ROS2_airobotcel/build/voice_control_stijn': DEBUGINFOD_URLS=https://debuginfod.ubuntu.com PYTHONPATH=/home/student/workspace/src/ROS2_airobotcel/build/voice_control_stijn/prefix_override:/usr/lib/python3/dist-packages/colcon_core/task/python/colcon_distutils_commands:/home/student/workspace/src/ROS2_airobotcel/install/voice_control_stijn/lib/python3.12/site-packages:${PYTHONPATH} /usr/bin/python3 -W ignore:setup.py install is deprecated -W ignore:easy_install command is deprecated setup.py develop --editable --build-directory /home/student/workspace/src/ROS2_airobotcel/build/voice_control_stijn/build --no-deps symlink_data
[1.887s] running develop
[2.151s] running egg_info
[2.151s] creating voice_control_stijn.egg-info
[2.183s] writing voice_control_stijn.egg-info/PKG-INFO
[2.183s] writing dependency_links to voice_control_stijn.egg-info/dependency_links.txt
[2.184s] writing requirements to voice_control_stijn.egg-info/requires.txt
[2.184s] writing top-level names to voice_control_stijn.egg-info/top_level.txt
[2.184s] writing manifest file 'voice_control_stijn.egg-info/SOURCES.txt'
[2.245s] reading manifest file 'voice_control_stijn.egg-info/SOURCES.txt'
[2.246s] writing manifest file 'voice_control_stijn.egg-info/SOURCES.txt'
[2.285s] running build_ext
[2.285s] Creating /home/student/workspace/src/ROS2_airobotcel/install/voice_control_stijn/lib/python3.12/site-packages/voice-control-stijn.egg-link (link to .)
[2.286s] 
[2.286s] Installed /home/student/workspace/src/ROS2_airobotcel/build/voice_control_stijn
[2.286s] running symlink_data
[2.286s] creating /home/student/workspace/src/ROS2_airobotcel/install/voice_control_stijn/share/ament_index
[2.286s] creating /home/student/workspace/src/ROS2_airobotcel/install/voice_control_stijn/share/ament_index/resource_index
[2.286s] creating /home/student/workspace/src/ROS2_airobotcel/install/voice_control_stijn/share/ament_index/resource_index/packages
[2.286s] symbolically linking /home/student/workspace/src/ROS2_airobotcel/build/voice_control_stijn/resource/voice_control_stijn -> /home/student/workspace/src/ROS2_airobotcel/install/voice_control_stijn/share/ament_index/resource_index/packages
[2.286s] symbolically linking /home/student/workspace/src/ROS2_airobotcel/build/voice_control_stijn/package.xml -> /home/student/workspace/src/ROS2_airobotcel/install/voice_control_stijn/share/voice_control_stijn
[2.310s] Invoked command in '/home/student/workspace/src/ROS2_airobotcel/build/voice_control_stijn' returned '0': DEBUGINFOD_URLS=https://debuginfod.ubuntu.com PYTHONPATH=/home/student/workspace/src/ROS2_airobotcel/build/voice_control_stijn/prefix_override:/usr/lib/python3/dist-packages/colcon_core/task/python/colcon_distutils_commands:/home/student/workspace/src/ROS2_airobotcel/install/voice_control_stijn/lib/python3.12/site-packages:${PYTHONPATH} /usr/bin/python3 -W ignore:setup.py install is deprecated -W ignore:easy_install command is deprecated setup.py develop --editable --build-directory /home/student/workspace/src/ROS2_airobotcel/build/voice_control_stijn/build --no-deps symlink_data
