[0.331s] DEBUG:colcon:Command line arguments: ['/usr/bin/colcon', 'build', '--symlink-install']
[0.331s] DEBUG:colcon:Parsed command line arguments: Namespace(log_base=None, log_level=None, verb_name='build', build_base='build', install_base='install', merge_install=False, symlink_install=True, test_result_base=None, continue_on_error=False, executor='parallel', parallel_workers=8, event_handlers=None, ignore_user_meta=False, metas=['./colcon.meta'], base_paths=['.'], packages_ignore=None, packages_ignore_regex=None, paths=None, packages_up_to=None, packages_up_to_regex=None, packages_above=None, packages_above_and_dependencies=None, packages_above_depth=None, packages_select_by_dep=None, packages_skip_by_dep=None, packages_skip_up_to=None, packages_select_build_failed=False, packages_skip_build_finished=False, packages_select_test_failures=False, packages_skip_test_passed=False, packages_select=None, packages_skip=None, packages_select_regex=None, packages_skip_regex=None, packages_start=None, packages_end=None, allow_overriding=[], cmake_args=None, cmake_target=None, cmake_target_skip_unavailable=False, cmake_clean_cache=False, cmake_clean_first=False, cmake_force_configure=False, ament_cmake_args=None, catkin_cmake_args=None, catkin_skip_building_tests=False, mixin_files=None, mixin=None, verb_parser=<colcon_mixin.mixin.mixin_argument.MixinArgumentDecorator object at 0x7a55993d9100>, verb_extension=<colcon_core.verb.build.BuildVerb object at 0x7a55993d8dd0>, main=<bound method BuildVerb.main of <colcon_core.verb.build.BuildVerb object at 0x7a55993d8dd0>>, mixin_verb=('build',))
[0.414s] Level 1:colcon.colcon_core.package_discovery:discover_packages(colcon_meta) check parameters
[0.414s] Level 1:colcon.colcon_core.package_discovery:discover_packages(recursive) check parameters
[0.414s] Level 1:colcon.colcon_core.package_discovery:discover_packages(ignore) check parameters
[0.414s] Level 1:colcon.colcon_core.package_discovery:discover_packages(path) check parameters
[0.414s] Level 1:colcon.colcon_core.package_discovery:discover_packages(colcon_meta) discover
[0.414s] Level 1:colcon.colcon_core.package_discovery:discover_packages(recursive) discover
[0.414s] INFO:colcon.colcon_core.package_discovery:Crawling recursively for packages in '/home/student/workspace/src/ROS2_airobotcel'
[0.414s] Level 1:colcon.colcon_core.package_identification:_identify(.) by extensions ['ignore', 'ignore_ament_install']
[0.414s] Level 1:colcon.colcon_core.package_identification:_identify(.) by extension 'ignore'
[0.415s] Level 1:colcon.colcon_core.package_identification:_identify(.) by extension 'ignore_ament_install'
[0.415s] Level 1:colcon.colcon_core.package_identification:_identify(.) by extensions ['colcon_pkg']
[0.415s] Level 1:colcon.colcon_core.package_identification:_identify(.) by extension 'colcon_pkg'
[0.415s] Level 1:colcon.colcon_core.package_identification:_identify(.) by extensions ['colcon_meta']
[0.415s] Level 1:colcon.colcon_core.package_identification:_identify(.) by extension 'colcon_meta'
[0.415s] Level 1:colcon.colcon_core.package_identification:_identify(.) by extensions ['ros']
[0.415s] Level 1:colcon.colcon_core.package_identification:_identify(.) by extension 'ros'
[0.447s] Level 1:colcon.colcon_core.package_identification:_identify(.) by extensions ['cmake', 'python']
[0.447s] Level 1:colcon.colcon_core.package_identification:_identify(.) by extension 'cmake'
[0.447s] Level 1:colcon.colcon_core.package_identification:_identify(.) by extension 'python'
[0.447s] Level 1:colcon.colcon_core.package_identification:_identify(.) by extensions ['python_setup_py']
[0.447s] Level 1:colcon.colcon_core.package_identification:_identify(.) by extension 'python_setup_py'
[0.447s] Level 1:colcon.colcon_core.package_identification:_identify(build) by extensions ['ignore', 'ignore_ament_install']
[0.447s] Level 1:colcon.colcon_core.package_identification:_identify(build) by extension 'ignore'
[0.447s] Level 1:colcon.colcon_core.package_identification:_identify(build) ignored
[0.448s] Level 1:colcon.colcon_core.package_identification:_identify(install) by extensions ['ignore', 'ignore_ament_install']
[0.448s] Level 1:colcon.colcon_core.package_identification:_identify(install) by extension 'ignore'
[0.448s] Level 1:colcon.colcon_core.package_identification:_identify(install) ignored
[0.448s] Level 1:colcon.colcon_core.package_identification:_identify(log) by extensions ['ignore', 'ignore_ament_install']
[0.448s] Level 1:colcon.colcon_core.package_identification:_identify(log) by extension 'ignore'
[0.448s] Level 1:colcon.colcon_core.package_identification:_identify(log) ignored
[0.448s] Level 1:colcon.colcon_core.package_identification:_identify(voice_control_stijn) by extensions ['ignore', 'ignore_ament_install']
[0.448s] Level 1:colcon.colcon_core.package_identification:_identify(voice_control_stijn) by extension 'ignore'
[0.448s] Level 1:colcon.colcon_core.package_identification:_identify(voice_control_stijn) by extension 'ignore_ament_install'
[0.448s] Level 1:colcon.colcon_core.package_identification:_identify(voice_control_stijn) by extensions ['colcon_pkg']
[0.448s] Level 1:colcon.colcon_core.package_identification:_identify(voice_control_stijn) by extension 'colcon_pkg'
[0.448s] Level 1:colcon.colcon_core.package_identification:_identify(voice_control_stijn) by extensions ['colcon_meta']
[0.448s] Level 1:colcon.colcon_core.package_identification:_identify(voice_control_stijn) by extension 'colcon_meta'
[0.448s] Level 1:colcon.colcon_core.package_identification:_identify(voice_control_stijn) by extensions ['ros']
[0.448s] Level 1:colcon.colcon_core.package_identification:_identify(voice_control_stijn) by extension 'ros'
[0.452s] DEBUG:colcon.colcon_core.package_identification:Package 'voice_control_stijn' with type 'ros.ament_python' and name 'voice_control_stijn'
[0.452s] Level 1:colcon.colcon_core.package_discovery:discover_packages(recursive) using defaults
[0.452s] Level 1:colcon.colcon_core.package_discovery:discover_packages(ignore) discover
[0.452s] Level 1:colcon.colcon_core.package_discovery:discover_packages(ignore) using defaults
[0.452s] Level 1:colcon.colcon_core.package_discovery:discover_packages(path) discover
[0.452s] Level 1:colcon.colcon_core.package_discovery:discover_packages(path) using defaults
[0.510s] Level 1:colcon.colcon_core.package_discovery:discover_packages(prefix_path) check parameters
[0.510s] Level 1:colcon.colcon_core.package_discovery:discover_packages(prefix_path) discover
[0.558s] DEBUG:colcon.colcon_installed_package_information.package_discovery:Found 5 installed packages in /home/student/my_uf_ws/install
[0.558s] DEBUG:colcon.colcon_installed_package_information.package_discovery:Found 1 installed packages in /home/student/microROS_agent_ws/install
[0.559s] DEBUG:colcon.colcon_installed_package_information.package_discovery:Found 21 installed packages in /home/student/ros2_industrial_ws/install
[0.561s] DEBUG:colcon.colcon_installed_package_information.package_discovery:Found 12 installed packages in /home/student/xarm_ws/install
[0.563s] DEBUG:colcon.colcon_installed_package_information.package_discovery:Found 6 installed packages in /home/student/install
[0.566s] DEBUG:colcon.colcon_installed_package_information.package_discovery:Found 407 installed packages in /opt/ros/jazzy
[0.567s] Level 1:colcon.colcon_core.package_discovery:discover_packages(prefix_path) using defaults
[0.787s] Level 5:colcon.colcon_core.verb:set package 'voice_control_stijn' build argument 'cmake_args' from command line to 'None'
[0.787s] Level 5:colcon.colcon_core.verb:set package 'voice_control_stijn' build argument 'cmake_target' from command line to 'None'
[0.787s] Level 5:colcon.colcon_core.verb:set package 'voice_control_stijn' build argument 'cmake_target_skip_unavailable' from command line to 'False'
[0.787s] Level 5:colcon.colcon_core.verb:set package 'voice_control_stijn' build argument 'cmake_clean_cache' from command line to 'False'
[0.787s] Level 5:colcon.colcon_core.verb:set package 'voice_control_stijn' build argument 'cmake_clean_first' from command line to 'False'
[0.787s] Level 5:colcon.colcon_core.verb:set package 'voice_control_stijn' build argument 'cmake_force_configure' from command line to 'False'
[0.787s] Level 5:colcon.colcon_core.verb:set package 'voice_control_stijn' build argument 'ament_cmake_args' from command line to 'None'
[0.787s] Level 5:colcon.colcon_core.verb:set package 'voice_control_stijn' build argument 'catkin_cmake_args' from command line to 'None'
[0.787s] Level 5:colcon.colcon_core.verb:set package 'voice_control_stijn' build argument 'catkin_skip_building_tests' from command line to 'False'
[0.787s] DEBUG:colcon.colcon_core.verb:Building package 'voice_control_stijn' with the following arguments: {'ament_cmake_args': None, 'build_base': '/home/student/workspace/src/ROS2_airobotcel/build/voice_control_stijn', 'catkin_cmake_args': None, 'catkin_skip_building_tests': False, 'cmake_args': None, 'cmake_clean_cache': False, 'cmake_clean_first': False, 'cmake_force_configure': False, 'cmake_target': None, 'cmake_target_skip_unavailable': False, 'install_base': '/home/student/workspace/src/ROS2_airobotcel/install/voice_control_stijn', 'merge_install': False, 'path': '/home/student/workspace/src/ROS2_airobotcel/voice_control_stijn', 'symlink_install': True, 'test_result_base': None}
[0.787s] INFO:colcon.colcon_core.executor:Executing jobs using 'parallel' executor
[0.788s] DEBUG:colcon.colcon_parallel_executor.executor.parallel:run_until_complete
[0.789s] INFO:colcon.colcon_ros.task.ament_python.build:Building ROS package in '/home/student/workspace/src/ROS2_airobotcel/voice_control_stijn' with build type 'ament_python'
[0.789s] Level 1:colcon.colcon_core.shell:create_environment_hook('voice_control_stijn', 'ament_prefix_path')
[0.802s] INFO:colcon.colcon_core.plugin_system:Skipping extension 'colcon_core.shell.bat': Not used on non-Windows systems
[0.803s] INFO:colcon.colcon_core.shell:Creating environment hook '/home/student/workspace/src/ROS2_airobotcel/install/voice_control_stijn/share/voice_control_stijn/hook/ament_prefix_path.ps1'
[0.807s] INFO:colcon.colcon_core.shell:Creating environment descriptor '/home/student/workspace/src/ROS2_airobotcel/install/voice_control_stijn/share/voice_control_stijn/hook/ament_prefix_path.dsv'
[0.809s] INFO:colcon.colcon_core.shell:Creating environment hook '/home/student/workspace/src/ROS2_airobotcel/install/voice_control_stijn/share/voice_control_stijn/hook/ament_prefix_path.sh'
[0.810s] INFO:colcon.colcon_core.shell:Skip shell extension 'powershell' for command environment: Not usable outside of PowerShell
[0.810s] DEBUG:colcon.colcon_core.shell:Skip shell extension 'dsv' for command environment
[1.079s] INFO:colcon.colcon_core.task.python.build:Building Python package in '/home/student/workspace/src/ROS2_airobotcel/voice_control_stijn'
[1.079s] INFO:colcon.colcon_core.shell:Skip shell extension 'powershell' for command environment: Not usable outside of PowerShell
[1.079s] DEBUG:colcon.colcon_core.shell:Skip shell extension 'dsv' for command environment
[2.273s] DEBUG:colcon.colcon_core.event_handler.log_command:Invoking command in '/home/student/workspace/src/ROS2_airobotcel/build/voice_control_stijn': DEBUGINFOD_URLS=https://debuginfod.ubuntu.com PYTHONPATH=/home/student/workspace/src/ROS2_airobotcel/build/voice_control_stijn/prefix_override:/usr/lib/python3/dist-packages/colcon_core/task/python/colcon_distutils_commands:/home/student/workspace/src/ROS2_airobotcel/install/voice_control_stijn/lib/python3.12/site-packages:${PYTHONPATH} /usr/bin/python3 -W ignore:setup.py install is deprecated -W ignore:easy_install command is deprecated setup.py develop --editable --build-directory /home/student/workspace/src/ROS2_airobotcel/build/voice_control_stijn/build --no-deps symlink_data
[3.099s] Level 1:colcon.colcon_core.shell:create_environment_hook('voice_control_stijn', 'pythonpath_develop')
[3.099s] DEBUG:colcon.colcon_core.event_handler.log_command:Invoked command in '/home/student/workspace/src/ROS2_airobotcel/build/voice_control_stijn' returned '0': DEBUGINFOD_URLS=https://debuginfod.ubuntu.com PYTHONPATH=/home/student/workspace/src/ROS2_airobotcel/build/voice_control_stijn/prefix_override:/usr/lib/python3/dist-packages/colcon_core/task/python/colcon_distutils_commands:/home/student/workspace/src/ROS2_airobotcel/install/voice_control_stijn/lib/python3.12/site-packages:${PYTHONPATH} /usr/bin/python3 -W ignore:setup.py install is deprecated -W ignore:easy_install command is deprecated setup.py develop --editable --build-directory /home/student/workspace/src/ROS2_airobotcel/build/voice_control_stijn/build --no-deps symlink_data
[3.099s] INFO:colcon.colcon_core.shell:Creating environment hook '/home/student/workspace/src/ROS2_airobotcel/build/voice_control_stijn/share/voice_control_stijn/hook/pythonpath_develop.ps1'
[3.100s] INFO:colcon.colcon_core.shell:Creating environment descriptor '/home/student/workspace/src/ROS2_airobotcel/build/voice_control_stijn/share/voice_control_stijn/hook/pythonpath_develop.dsv'
[3.100s] INFO:colcon.colcon_core.shell:Creating environment hook '/home/student/workspace/src/ROS2_airobotcel/build/voice_control_stijn/share/voice_control_stijn/hook/pythonpath_develop.sh'
[3.121s] Level 1:colcon.colcon_core.environment:checking '/home/student/workspace/src/ROS2_airobotcel/install/voice_control_stijn' for CMake module files
[3.121s] Level 1:colcon.colcon_core.environment:checking '/home/student/workspace/src/ROS2_airobotcel/install/voice_control_stijn' for CMake config files
[3.122s] Level 1:colcon.colcon_core.environment:checking '/home/student/workspace/src/ROS2_airobotcel/install/voice_control_stijn/lib'
[3.122s] Level 1:colcon.colcon_core.environment:checking '/home/student/workspace/src/ROS2_airobotcel/install/voice_control_stijn/bin'
[3.122s] Level 1:colcon.colcon_core.environment:checking '/home/student/workspace/src/ROS2_airobotcel/install/voice_control_stijn/lib/pkgconfig/voice_control_stijn.pc'
[3.122s] Level 1:colcon.colcon_core.environment:checking '/home/student/workspace/src/ROS2_airobotcel/install/voice_control_stijn/lib/python3.12/site-packages'
[3.122s] Level 1:colcon.colcon_core.shell:create_environment_hook('voice_control_stijn', 'pythonpath')
[3.122s] INFO:colcon.colcon_core.shell:Creating environment hook '/home/student/workspace/src/ROS2_airobotcel/install/voice_control_stijn/share/voice_control_stijn/hook/pythonpath.ps1'
[3.123s] INFO:colcon.colcon_core.shell:Creating environment descriptor '/home/student/workspace/src/ROS2_airobotcel/install/voice_control_stijn/share/voice_control_stijn/hook/pythonpath.dsv'
[3.123s] INFO:colcon.colcon_core.shell:Creating environment hook '/home/student/workspace/src/ROS2_airobotcel/install/voice_control_stijn/share/voice_control_stijn/hook/pythonpath.sh'
[3.123s] Level 1:colcon.colcon_core.environment:checking '/home/student/workspace/src/ROS2_airobotcel/install/voice_control_stijn/bin'
[3.123s] Level 1:colcon.colcon_core.environment:create_environment_scripts_only(voice_control_stijn)
[3.124s] INFO:colcon.colcon_core.shell:Creating package script '/home/student/workspace/src/ROS2_airobotcel/install/voice_control_stijn/share/voice_control_stijn/package.ps1'
[3.125s] INFO:colcon.colcon_core.shell:Creating package descriptor '/home/student/workspace/src/ROS2_airobotcel/install/voice_control_stijn/share/voice_control_stijn/package.dsv'
[3.130s] INFO:colcon.colcon_core.shell:Creating package script '/home/student/workspace/src/ROS2_airobotcel/install/voice_control_stijn/share/voice_control_stijn/package.sh'
[3.134s] INFO:colcon.colcon_core.shell:Creating package script '/home/student/workspace/src/ROS2_airobotcel/install/voice_control_stijn/share/voice_control_stijn/package.bash'
[3.139s] INFO:colcon.colcon_core.shell:Creating package script '/home/student/workspace/src/ROS2_airobotcel/install/voice_control_stijn/share/voice_control_stijn/package.zsh'
[3.140s] Level 1:colcon.colcon_core.environment:create_file_with_runtime_dependencies(/home/student/workspace/src/ROS2_airobotcel/install/voice_control_stijn/share/colcon-core/packages/voice_control_stijn)
[3.141s] DEBUG:colcon.colcon_parallel_executor.executor.parallel:closing loop
[3.141s] DEBUG:colcon.colcon_parallel_executor.executor.parallel:loop closed
[3.141s] DEBUG:colcon.colcon_parallel_executor.executor.parallel:run_until_complete finished with '0'
[3.141s] DEBUG:colcon.colcon_core.event_reactor:joining thread
[3.168s] INFO:colcon.colcon_core.plugin_system:Skipping extension 'colcon_notification.desktop_notification.terminal_notifier': Not used on non-Darwin systems
[3.168s] INFO:colcon.colcon_core.plugin_system:Skipping extension 'colcon_notification.desktop_notification.win32': Not used on non-Windows systems
[3.168s] INFO:colcon.colcon_notification.desktop_notification:Sending desktop notification using 'notify2'
[3.203s] DEBUG:colcon.colcon_core.event_reactor:joined thread
[3.203s] INFO:colcon.colcon_core.shell:Creating prefix script '/home/student/workspace/src/ROS2_airobotcel/install/local_setup.ps1'
[3.205s] INFO:colcon.colcon_core.shell:Creating prefix util module '/home/student/workspace/src/ROS2_airobotcel/install/_local_setup_util_ps1.py'
[3.206s] INFO:colcon.colcon_core.shell:Creating prefix chain script '/home/student/workspace/src/ROS2_airobotcel/install/setup.ps1'
[3.209s] INFO:colcon.colcon_core.shell:Creating prefix script '/home/student/workspace/src/ROS2_airobotcel/install/local_setup.sh'
[3.211s] INFO:colcon.colcon_core.shell:Creating prefix util module '/home/student/workspace/src/ROS2_airobotcel/install/_local_setup_util_sh.py'
[3.212s] INFO:colcon.colcon_core.shell:Creating prefix chain script '/home/student/workspace/src/ROS2_airobotcel/install/setup.sh'
[3.215s] INFO:colcon.colcon_core.shell:Creating prefix script '/home/student/workspace/src/ROS2_airobotcel/install/local_setup.bash'
[3.216s] INFO:colcon.colcon_core.shell:Creating prefix chain script '/home/student/workspace/src/ROS2_airobotcel/install/setup.bash'
[3.218s] INFO:colcon.colcon_core.shell:Creating prefix script '/home/student/workspace/src/ROS2_airobotcel/install/local_setup.zsh'
[3.219s] INFO:colcon.colcon_core.shell:Creating prefix chain script '/home/student/workspace/src/ROS2_airobotcel/install/setup.zsh'
