[0.021s] Invoking command in '/home/student/moeder/build/manipulation_moveit_config': AMENT_PREFIX_PATH=/home/student/moeder/install/manipulation:${AMENT_PREFIX_PATH} CMAKE_PREFIX_PATH=${CMAKE_PREFIX_PATH}:/home/student/ros2_industrial_ws/install/urdf_basics:/home/student/ros2_industrial_ws/install/transferframes:/home/student/ros2_industrial_ws/install/template_package_python:/home/student/ros2_industrial_ws/install/ros_industrial_utilities:/home/student/ros2_industrial_ws/install/ros_industrial_support:/home/student/ros2_industrial_ws/install/range_sensor:/home/student/ros2_industrial_ws/install/node_demo:/home/student/ros2_industrial_ws/install/manipulation:/home/student/ros2_industrial_ws/install/fanuc_robots:/home/student/xarm_ws/install/uf_ros_lib:/home/student/my_uf_ws/install/my_uf_description:/home/student/my_uf_ws/install/my_uf_demo:/home/student/my_uf_ws/install/my_uf_bringup:/opt/ros/jazzy DEBUGINFOD_URLS=https://debuginfod.ubuntu.com PYTHONPATH=/home/student/moeder/install/manipulation/lib/python3.12/site-packages:${PYTHONPATH} /usr/bin/cmake --build /home/student/moeder/build/manipulation_moveit_config -- -j16 -l16
[0.093s] Invoked command in '/home/student/moeder/build/manipulation_moveit_config' returned '0': AMENT_PREFIX_PATH=/home/student/moeder/install/manipulation:${AMENT_PREFIX_PATH} CMAKE_PREFIX_PATH=${CMAKE_PREFIX_PATH}:/home/student/ros2_industrial_ws/install/urdf_basics:/home/student/ros2_industrial_ws/install/transferframes:/home/student/ros2_industrial_ws/install/template_package_python:/home/student/ros2_industrial_ws/install/ros_industrial_utilities:/home/student/ros2_industrial_ws/install/ros_industrial_support:/home/student/ros2_industrial_ws/install/range_sensor:/home/student/ros2_industrial_ws/install/node_demo:/home/student/ros2_industrial_ws/install/manipulation:/home/student/ros2_industrial_ws/install/fanuc_robots:/home/student/xarm_ws/install/uf_ros_lib:/home/student/my_uf_ws/install/my_uf_description:/home/student/my_uf_ws/install/my_uf_demo:/home/student/my_uf_ws/install/my_uf_bringup:/opt/ros/jazzy DEBUGINFOD_URLS=https://debuginfod.ubuntu.com PYTHONPATH=/home/student/moeder/install/manipulation/lib/python3.12/site-packages:${PYTHONPATH} /usr/bin/cmake --build /home/student/moeder/build/manipulation_moveit_config -- -j16 -l16
[0.108s] Invoking command in '/home/student/moeder/build/manipulation_moveit_config': AMENT_PREFIX_PATH=/home/student/moeder/install/manipulation:${AMENT_PREFIX_PATH} CMAKE_PREFIX_PATH=${CMAKE_PREFIX_PATH}:/home/student/ros2_industrial_ws/install/urdf_basics:/home/student/ros2_industrial_ws/install/transferframes:/home/student/ros2_industrial_ws/install/template_package_python:/home/student/ros2_industrial_ws/install/ros_industrial_utilities:/home/student/ros2_industrial_ws/install/ros_industrial_support:/home/student/ros2_industrial_ws/install/range_sensor:/home/student/ros2_industrial_ws/install/node_demo:/home/student/ros2_industrial_ws/install/manipulation:/home/student/ros2_industrial_ws/install/fanuc_robots:/home/student/xarm_ws/install/uf_ros_lib:/home/student/my_uf_ws/install/my_uf_description:/home/student/my_uf_ws/install/my_uf_demo:/home/student/my_uf_ws/install/my_uf_bringup:/opt/ros/jazzy DEBUGINFOD_URLS=https://debuginfod.ubuntu.com PYTHONPATH=/home/student/moeder/install/manipulation/lib/python3.12/site-packages:${PYTHONPATH} /usr/bin/cmake --install /home/student/moeder/build/manipulation_moveit_config
[0.121s] -- Install configuration: ""
[0.122s] -- Up-to-date: /home/student/moeder/install/manipulation_moveit_config/share/ament_index/resource_index/package_run_dependencies/manipulation_moveit_config
[0.122s] -- Up-to-date: /home/student/moeder/install/manipulation_moveit_config/share/ament_index/resource_index/parent_prefix_path/manipulation_moveit_config
[0.122s] -- Up-to-date: /home/student/moeder/install/manipulation_moveit_config/share/manipulation_moveit_config/environment/ament_prefix_path.sh
[0.122s] -- Up-to-date: /home/student/moeder/install/manipulation_moveit_config/share/manipulation_moveit_config/environment/ament_prefix_path.dsv
[0.122s] -- Up-to-date: /home/student/moeder/install/manipulation_moveit_config/share/manipulation_moveit_config/environment/path.sh
[0.122s] -- Up-to-date: /home/student/moeder/install/manipulation_moveit_config/share/manipulation_moveit_config/environment/path.dsv
[0.123s] -- Up-to-date: /home/student/moeder/install/manipulation_moveit_config/share/manipulation_moveit_config/local_setup.bash
[0.123s] -- Up-to-date: /home/student/moeder/install/manipulation_moveit_config/share/manipulation_moveit_config/local_setup.sh
[0.123s] -- Up-to-date: /home/student/moeder/install/manipulation_moveit_config/share/manipulation_moveit_config/local_setup.zsh
[0.123s] -- Up-to-date: /home/student/moeder/install/manipulation_moveit_config/share/manipulation_moveit_config/local_setup.dsv
[0.123s] -- Up-to-date: /home/student/moeder/install/manipulation_moveit_config/share/manipulation_moveit_config/package.dsv
[0.123s] -- Up-to-date: /home/student/moeder/install/manipulation_moveit_config/share/ament_index/resource_index/packages/manipulation_moveit_config
[0.123s] -- Up-to-date: /home/student/moeder/install/manipulation_moveit_config/share/manipulation_moveit_config/cmake/manipulation_moveit_configConfig.cmake
[0.123s] -- Up-to-date: /home/student/moeder/install/manipulation_moveit_config/share/manipulation_moveit_config/cmake/manipulation_moveit_configConfig-version.cmake
[0.123s] -- Up-to-date: /home/student/moeder/install/manipulation_moveit_config/share/manipulation_moveit_config/package.xml
[0.123s] -- Up-to-date: /home/student/moeder/install/manipulation_moveit_config/share/manipulation_moveit_config/launch
[0.124s] -- Up-to-date: /home/student/moeder/install/manipulation_moveit_config/share/manipulation_moveit_config/launch/move_group.launch.py
[0.124s] -- Up-to-date: /home/student/moeder/install/manipulation_moveit_config/share/manipulation_moveit_config/launch/setup_assistant.launch.py
[0.124s] -- Up-to-date: /home/student/moeder/install/manipulation_moveit_config/share/manipulation_moveit_config/launch/demo.launch.py
[0.124s] -- Up-to-date: /home/student/moeder/install/manipulation_moveit_config/share/manipulation_moveit_config/launch/rsp.launch.py
[0.124s] -- Up-to-date: /home/student/moeder/install/manipulation_moveit_config/share/manipulation_moveit_config/launch/warehouse_db.launch.py
[0.124s] -- Up-to-date: /home/student/moeder/install/manipulation_moveit_config/share/manipulation_moveit_config/launch/static_virtual_joint_tfs.launch.py
[0.124s] -- Up-to-date: /home/student/moeder/install/manipulation_moveit_config/share/manipulation_moveit_config/launch/spawn_controllers.launch.py
[0.124s] -- Up-to-date: /home/student/moeder/install/manipulation_moveit_config/share/manipulation_moveit_config/launch/moveit_rviz.launch.py
[0.124s] -- Up-to-date: /home/student/moeder/install/manipulation_moveit_config/share/manipulation_moveit_config/config
[0.124s] -- Up-to-date: /home/student/moeder/install/manipulation_moveit_config/share/manipulation_moveit_config/config/pilz_cartesian_limits.yaml
[0.124s] -- Up-to-date: /home/student/moeder/install/manipulation_moveit_config/share/manipulation_moveit_config/config/controllers.yaml
[0.124s] -- Up-to-date: /home/student/moeder/install/manipulation_moveit_config/share/manipulation_moveit_config/config/fake_controllers.yaml
[0.124s] -- Up-to-date: /home/student/moeder/install/manipulation_moveit_config/share/manipulation_moveit_config/config/manipuation_environment.urdf.xacro
[0.124s] -- Up-to-date: /home/student/moeder/install/manipulation_moveit_config/share/manipulation_moveit_config/config/ompl_planning.yaml
[0.124s] -- Up-to-date: /home/student/moeder/install/manipulation_moveit_config/share/manipulation_moveit_config/config/manipuation_environment.srdf
[0.125s] -- Up-to-date: /home/student/moeder/install/manipulation_moveit_config/share/manipulation_moveit_config/config/moveit.rviz
[0.125s] -- Up-to-date: /home/student/moeder/install/manipulation_moveit_config/share/manipulation_moveit_config/config/initial_positions.yaml
[0.125s] -- Up-to-date: /home/student/moeder/install/manipulation_moveit_config/share/manipulation_moveit_config/config/moveit_controllers.yaml
[0.125s] -- Up-to-date: /home/student/moeder/install/manipulation_moveit_config/share/manipulation_moveit_config/config/manipuation_environment.ros2_control.xacro
[0.125s] -- Up-to-date: /home/student/moeder/install/manipulation_moveit_config/share/manipulation_moveit_config/config/kinematics.yaml
[0.125s] -- Up-to-date: /home/student/moeder/install/manipulation_moveit_config/share/manipulation_moveit_config/config/joint_limits.yaml
[0.125s] -- Up-to-date: /home/student/moeder/install/manipulation_moveit_config/share/manipulation_moveit_config/config/ros2_controllers.yaml
[0.125s] -- Up-to-date: /home/student/moeder/install/manipulation_moveit_config/share/manipulation_moveit_config/.setup_assistant
[0.127s] Invoked command in '/home/student/moeder/build/manipulation_moveit_config' returned '0': AMENT_PREFIX_PATH=/home/student/moeder/install/manipulation:${AMENT_PREFIX_PATH} CMAKE_PREFIX_PATH=${CMAKE_PREFIX_PATH}:/home/student/ros2_industrial_ws/install/urdf_basics:/home/student/ros2_industrial_ws/install/transferframes:/home/student/ros2_industrial_ws/install/template_package_python:/home/student/ros2_industrial_ws/install/ros_industrial_utilities:/home/student/ros2_industrial_ws/install/ros_industrial_support:/home/student/ros2_industrial_ws/install/range_sensor:/home/student/ros2_industrial_ws/install/node_demo:/home/student/ros2_industrial_ws/install/manipulation:/home/student/ros2_industrial_ws/install/fanuc_robots:/home/student/xarm_ws/install/uf_ros_lib:/home/student/my_uf_ws/install/my_uf_description:/home/student/my_uf_ws/install/my_uf_demo:/home/student/my_uf_ws/install/my_uf_bringup:/opt/ros/jazzy DEBUGINFOD_URLS=https://debuginfod.ubuntu.com PYTHONPATH=/home/student/moeder/install/manipulation/lib/python3.12/site-packages:${PYTHONPATH} /usr/bin/cmake --install /home/student/moeder/build/manipulation_moveit_config
