/home/student/moeder/install/manipulation/lib/python3.12/site-packages/manipulation/__init__.py
/home/student/moeder/install/manipulation/lib/python3.12/site-packages/manipulation/assignment1.py
/home/student/moeder/install/manipulation/lib/python3.12/site-packages/manipulation/assignment2.py
/home/student/moeder/install/manipulation/lib/python3.12/site-packages/manipulation/__pycache__/__init__.cpython-312.pyc
/home/student/moeder/install/manipulation/lib/python3.12/site-packages/manipulation/__pycache__/assignment1.cpython-312.pyc
/home/student/moeder/install/manipulation/lib/python3.12/site-packages/manipulation/__pycache__/assignment2.cpython-312.pyc
/home/student/moeder/install/manipulation/share/ament_index/resource_index/packages/manipulation
/home/student/moeder/install/manipulation/share/manipulation/package.xml
/home/student/moeder/install/manipulation/share/manipulation/launch/view_environment.launch.py
/home/student/moeder/install/manipulation/share/manipulation/launch/environment_w_gazebo.launch.py
/home/student/moeder/install/manipulation/share/manipulation/launch/environment.launch.py
/home/student/moeder/install/manipulation/share/manipulation/launch/spawn_battery.launch.py
/home/student/moeder/install/manipulation/share/manipulation/launch/support/_gazebo_ign.launch.py
/home/student/moeder/install/manipulation/share/manipulation/launch/support/_robot_moveit_common2.launch.py
/home/student/moeder/install/manipulation/share/manipulation/rviz/fake_robot.rviz
/home/student/moeder/install/manipulation/share/manipulation/rviz/environment.rviz
/home/student/moeder/install/manipulation/share/manipulation/urdf/robot_on_pedestal.urdf
/home/student/moeder/install/manipulation/share/manipulation/urdf/create_sdf_from_urdf_xacro.sh
/home/student/moeder/install/manipulation/share/manipulation/urdf/environment.urdf.xacro
/home/student/moeder/install/manipulation/share/manipulation/urdf/robot_on_pedestal.sdf
/home/student/moeder/install/manipulation/share/manipulation/urdf/robot_on_pedestal.urdf.xacro
/home/student/moeder/install/manipulation/share/manipulation/worlds/casus.world
/home/student/moeder/install/manipulation/lib/python3.12/site-packages/manipulation-0.0.0-py3.12.egg-info/zip-safe
/home/student/moeder/install/manipulation/lib/python3.12/site-packages/manipulation-0.0.0-py3.12.egg-info/dependency_links.txt
/home/student/moeder/install/manipulation/lib/python3.12/site-packages/manipulation-0.0.0-py3.12.egg-info/top_level.txt
/home/student/moeder/install/manipulation/lib/python3.12/site-packages/manipulation-0.0.0-py3.12.egg-info/requires.txt
/home/student/moeder/install/manipulation/lib/python3.12/site-packages/manipulation-0.0.0-py3.12.egg-info/SOURCES.txt
/home/student/moeder/install/manipulation/lib/python3.12/site-packages/manipulation-0.0.0-py3.12.egg-info/PKG-INFO
/home/student/moeder/install/manipulation/lib/python3.12/site-packages/manipulation-0.0.0-py3.12.egg-info/entry_points.txt
/home/student/moeder/install/manipulation/lib/manipulation/assignment1
/home/student/moeder/install/manipulation/lib/manipulation/assignment2
