running egg_info
creating ../../build/manipulator_unit/manipulator_unit.egg-info
writing ../../build/manipulator_unit/manipulator_unit.egg-info/PKG-INFO
writing dependency_links to ../../build/manipulator_unit/manipulator_unit.egg-info/dependency_links.txt
writing requirements to ../../build/manipulator_unit/manipulator_unit.egg-info/requires.txt
writing top-level names to ../../build/manipulator_unit/manipulator_unit.egg-info/top_level.txt
writing manifest file '../../build/manipulator_unit/manipulator_unit.egg-info/SOURCES.txt'
reading manifest file '../../build/manipulator_unit/manipulator_unit.egg-info/SOURCES.txt'
writing manifest file '../../build/manipulator_unit/manipulator_unit.egg-info/SOURCES.txt'
running build
running build_py
creating /home/student/workspace/src/ROS2_airobotcel/build/manipulator_unit/build
creating /home/student/workspace/src/ROS2_airobotcel/build/manipulator_unit/build/lib
creating /home/student/workspace/src/ROS2_airobotcel/build/manipulator_unit/build/lib/manipulator_unit
copying manipulator_unit/__init__.py -> /home/student/workspace/src/ROS2_airobotcel/build/manipulator_unit/build/lib/manipulator_unit
running install
running install_lib
creating /home/student/workspace/src/ROS2_airobotcel/install/manipulator_unit/lib/python3.12/site-packages/manipulator_unit
copying /home/student/workspace/src/ROS2_airobotcel/build/manipulator_unit/build/lib/manipulator_unit/__init__.py -> /home/student/workspace/src/ROS2_airobotcel/install/manipulator_unit/lib/python3.12/site-packages/manipulator_unit
byte-compiling /home/student/workspace/src/ROS2_airobotcel/install/manipulator_unit/lib/python3.12/site-packages/manipulator_unit/__init__.py to __init__.cpython-312.pyc
running install_data
creating /home/student/workspace/src/ROS2_airobotcel/install/manipulator_unit/share/ament_index
creating /home/student/workspace/src/ROS2_airobotcel/install/manipulator_unit/share/ament_index/resource_index
creating /home/student/workspace/src/ROS2_airobotcel/install/manipulator_unit/share/ament_index/resource_index/packages
copying resource/manipulator_unit -> /home/student/workspace/src/ROS2_airobotcel/install/manipulator_unit/share/ament_index/resource_index/packages
copying package.xml -> /home/student/workspace/src/ROS2_airobotcel/install/manipulator_unit/share/manipulator_unit
running install_egg_info
Copying ../../build/manipulator_unit/manipulator_unit.egg-info to /home/student/workspace/src/ROS2_airobotcel/install/manipulator_unit/lib/python3.12/site-packages/manipulator_unit-0.0.0-py3.12.egg-info
running install_scripts
writing list of installed files to '/home/student/workspace/src/ROS2_airobotcel/build/manipulator_unit/install.log'
