[1.620s] Invoking command in '/home/student/workspace/src/ROS2_airobotcel/src/manipulator_unit': DEBUGINFOD_URLS=https://debuginfod.ubuntu.com PYTHONPATH=/home/student/workspace/src/ROS2_airobotcel/build/manipulator_unit/prefix_override:/usr/lib/python3/dist-packages/colcon_core/task/python/colcon_distutils_commands:/home/student/workspace/src/ROS2_airobotcel/install/manipulator_unit/lib/python3.12/site-packages:${PYTHONPATH} /usr/bin/python3 -W ignore:setup.py install is deprecated -W ignore:easy_install command is deprecated setup.py egg_info --egg-base ../../build/manipulator_unit build --build-base /home/student/workspace/src/ROS2_airobotcel/build/manipulator_unit/build install --record /home/student/workspace/src/ROS2_airobotcel/build/manipulator_unit/install.log --single-version-externally-managed install_data
[1.964s] running egg_info
[1.965s] creating ../../build/manipulator_unit/manipulator_unit.egg-info
[1.989s] writing ../../build/manipulator_unit/manipulator_unit.egg-info/PKG-INFO
[1.989s] writing dependency_links to ../../build/manipulator_unit/manipulator_unit.egg-info/dependency_links.txt
[1.989s] writing requirements to ../../build/manipulator_unit/manipulator_unit.egg-info/requires.txt
[1.989s] writing top-level names to ../../build/manipulator_unit/manipulator_unit.egg-info/top_level.txt
[1.989s] writing manifest file '../../build/manipulator_unit/manipulator_unit.egg-info/SOURCES.txt'
[2.038s] reading manifest file '../../build/manipulator_unit/manipulator_unit.egg-info/SOURCES.txt'
[2.039s] writing manifest file '../../build/manipulator_unit/manipulator_unit.egg-info/SOURCES.txt'
[2.039s] running build
[2.040s] running build_py
[2.040s] creating /home/student/workspace/src/ROS2_airobotcel/build/manipulator_unit/build
[2.040s] creating /home/student/workspace/src/ROS2_airobotcel/build/manipulator_unit/build/lib
[2.040s] creating /home/student/workspace/src/ROS2_airobotcel/build/manipulator_unit/build/lib/manipulator_unit
[2.041s] copying manipulator_unit/__init__.py -> /home/student/workspace/src/ROS2_airobotcel/build/manipulator_unit/build/lib/manipulator_unit
[2.041s] running install
[2.048s] running install_lib
[2.073s] creating /home/student/workspace/src/ROS2_airobotcel/install/manipulator_unit/lib/python3.12/site-packages/manipulator_unit
[2.074s] copying /home/student/workspace/src/ROS2_airobotcel/build/manipulator_unit/build/lib/manipulator_unit/__init__.py -> /home/student/workspace/src/ROS2_airobotcel/install/manipulator_unit/lib/python3.12/site-packages/manipulator_unit
[2.075s] byte-compiling /home/student/workspace/src/ROS2_airobotcel/install/manipulator_unit/lib/python3.12/site-packages/manipulator_unit/__init__.py to __init__.cpython-312.pyc
[2.075s] running install_data
[2.075s] creating /home/student/workspace/src/ROS2_airobotcel/install/manipulator_unit/share/ament_index
[2.075s] creating /home/student/workspace/src/ROS2_airobotcel/install/manipulator_unit/share/ament_index/resource_index
[2.076s] creating /home/student/workspace/src/ROS2_airobotcel/install/manipulator_unit/share/ament_index/resource_index/packages
[2.076s] copying resource/manipulator_unit -> /home/student/workspace/src/ROS2_airobotcel/install/manipulator_unit/share/ament_index/resource_index/packages
[2.076s] copying package.xml -> /home/student/workspace/src/ROS2_airobotcel/install/manipulator_unit/share/manipulator_unit
[2.077s] running install_egg_info
[2.114s] Copying ../../build/manipulator_unit/manipulator_unit.egg-info to /home/student/workspace/src/ROS2_airobotcel/install/manipulator_unit/lib/python3.12/site-packages/manipulator_unit-0.0.0-py3.12.egg-info
[2.115s] running install_scripts
[2.294s] writing list of installed files to '/home/student/workspace/src/ROS2_airobotcel/build/manipulator_unit/install.log'
[2.359s] Invoked command in '/home/student/workspace/src/ROS2_airobotcel/src/manipulator_unit' returned '0': DEBUGINFOD_URLS=https://debuginfod.ubuntu.com PYTHONPATH=/home/student/workspace/src/ROS2_airobotcel/build/manipulator_unit/prefix_override:/usr/lib/python3/dist-packages/colcon_core/task/python/colcon_distutils_commands:/home/student/workspace/src/ROS2_airobotcel/install/manipulator_unit/lib/python3.12/site-packages:${PYTHONPATH} /usr/bin/python3 -W ignore:setup.py install is deprecated -W ignore:easy_install command is deprecated setup.py egg_info --egg-base ../../build/manipulator_unit build --build-base /home/student/workspace/src/ROS2_airobotcel/build/manipulator_unit/build install --record /home/student/workspace/src/ROS2_airobotcel/build/manipulator_unit/install.log --single-version-externally-managed install_data
