-- The C compiler identification is GNU 13.3.0
-- The CXX compiler identification is GNU 13.3.0
-- Detecting C compiler ABI info
-- Detecting C compiler ABI info - done
-- Check for working C compiler: /usr/bin/cc - skipped
-- Detecting C compile features
-- Detecting C compile features - done
-- Detecting CXX compiler ABI info
-- Detecting CXX compiler ABI info - done
-- Check for working CXX compiler: /usr/bin/c++ - skipped
-- Detecting CXX compile features
-- Detecting CXX compile features - done
-- Found ament_cmake: 2.5.4 (/opt/ros/jazzy/share/ament_cmake/cmake)
-- Found Python3: /usr/bin/python3 (found version "3.12.3") found components: Interpreter 
-- Found rclpy: 7.1.6 (/opt/ros/jazzy/share/rclpy/cmake)
-- Found std_msgs: 5.3.6 (/opt/ros/jazzy/share/std_msgs/cmake)
-- Found rosidl_generator_c: 4.6.6 (/opt/ros/jazzy/share/rosidl_generator_c/cmake)
-- Found rosidl_generator_cpp: 4.6.6 (/opt/ros/jazzy/share/rosidl_generator_cpp/cmake)
-- Using all available rosidl_typesupport_c: rosidl_typesupport_fastrtps_c;rosidl_typesupport_introspection_c
-- Using all available rosidl_typesupport_cpp: rosidl_typesupport_fastrtps_cpp;rosidl_typesupport_introspection_cpp
-- Found ament_lint_auto: 0.17.3 (/opt/ros/jazzy/share/ament_lint_auto/cmake)
-- Added test 'lint_cmake' to check CMake code style
-- Added test 'xmllint' to check XML markup files
-- Configuring done (1.5s)
-- Generating done (0.0s)
-- Build files have been written to: /home/student/workspace/src/ROS2_airobotcel/build/voice_control
-- Install configuration: ""
-- Installing: /home/student/workspace/src/ROS2_airobotcel/install/voice_control/share/ament_index/resource_index/package_run_dependencies/voice_control
-- Installing: /home/student/workspace/src/ROS2_airobotcel/install/voice_control/share/ament_index/resource_index/parent_prefix_path/voice_control
-- Installing: /home/student/workspace/src/ROS2_airobotcel/install/voice_control/share/voice_control/environment/ament_prefix_path.sh
-- Installing: /home/student/workspace/src/ROS2_airobotcel/install/voice_control/share/voice_control/environment/ament_prefix_path.dsv
-- Installing: /home/student/workspace/src/ROS2_airobotcel/install/voice_control/share/voice_control/environment/path.sh
-- Installing: /home/student/workspace/src/ROS2_airobotcel/install/voice_control/share/voice_control/environment/path.dsv
-- Installing: /home/student/workspace/src/ROS2_airobotcel/install/voice_control/share/voice_control/local_setup.bash
-- Installing: /home/student/workspace/src/ROS2_airobotcel/install/voice_control/share/voice_control/local_setup.sh
-- Installing: /home/student/workspace/src/ROS2_airobotcel/install/voice_control/share/voice_control/local_setup.zsh
-- Installing: /home/student/workspace/src/ROS2_airobotcel/install/voice_control/share/voice_control/local_setup.dsv
-- Installing: /home/student/workspace/src/ROS2_airobotcel/install/voice_control/share/voice_control/package.dsv
-- Installing: /home/student/workspace/src/ROS2_airobotcel/install/voice_control/share/ament_index/resource_index/packages/voice_control
-- Installing: /home/student/workspace/src/ROS2_airobotcel/install/voice_control/share/voice_control/cmake/voice_controlConfig.cmake
-- Installing: /home/student/workspace/src/ROS2_airobotcel/install/voice_control/share/voice_control/cmake/voice_controlConfig-version.cmake
-- Installing: /home/student/workspace/src/ROS2_airobotcel/install/voice_control/share/voice_control/package.xml
