[0.653s] Invoking command in '/home/student/workspace/src/ROS2_airobotcel/build/voice_control': CMAKE_PREFIX_PATH=${CMAKE_PREFIX_PATH}:/home/student/ros2_industrial_ws/install/urdf_basics:/home/student/ros2_industrial_ws/install/transferframes:/home/student/ros2_industrial_ws/install/template_package_python:/home/student/ros2_industrial_ws/install/ros_industrial_utilities:/home/student/ros2_industrial_ws/install/ros_industrial_support:/home/student/ros2_industrial_ws/install/range_sensor:/home/student/ros2_industrial_ws/install/node_demo:/home/student/ros2_industrial_ws/install/manipulation:/home/student/ros2_industrial_ws/install/fanuc_robots:/home/student/install/uf_ros_lib:/home/student/install/range_sensor:/home/student/install/my_uf_description:/home/student/install/manipulation:/home/student/my_uf_ws/install/my_uf_description:/home/student/my_uf_ws/install/my_uf_demo:/home/student/my_uf_ws/install/my_uf_bringup:/home/student/xarm_ws/install/uf_ros_lib:/opt/ros/jazzy DEBUGINFOD_URLS=https://debuginfod.ubuntu.com /usr/bin/cmake /home/student/workspace/src/ROS2_airobotcel/src/voice_control -DCMAKE_INSTALL_PREFIX=/home/student/workspace/src/ROS2_airobotcel/install/voice_control
[0.750s] -- The C compiler identification is GNU 13.3.0
[0.827s] -- The CXX compiler identification is GNU 13.3.0
[0.840s] -- Detecting C compiler ABI info
[0.945s] -- Detecting C compiler ABI info - done
[0.950s] -- Check for working C compiler: /usr/bin/cc - skipped
[0.951s] -- Detecting C compile features
[0.951s] -- Detecting C compile features - done
[0.960s] -- Detecting CXX compiler ABI info
[1.065s] -- Detecting CXX compiler ABI info - done
[1.078s] -- Check for working CXX compiler: /usr/bin/c++ - skipped
[1.080s] -- Detecting CXX compile features
[1.080s] -- Detecting CXX compile features - done
[1.092s] -- Found ament_cmake: 2.5.4 (/opt/ros/jazzy/share/ament_cmake/cmake)
[1.334s] -- Found Python3: /usr/bin/python3 (found version "3.12.3") found components: Interpreter 
[1.544s] -- Found rclpy: 7.1.6 (/opt/ros/jazzy/share/rclpy/cmake)
[1.552s] -- Found std_msgs: 5.3.6 (/opt/ros/jazzy/share/std_msgs/cmake)
[1.729s] -- Found rosidl_generator_c: 4.6.6 (/opt/ros/jazzy/share/rosidl_generator_c/cmake)
[1.765s] -- Found rosidl_generator_cpp: 4.6.6 (/opt/ros/jazzy/share/rosidl_generator_cpp/cmake)
[1.822s] -- Using all available rosidl_typesupport_c: rosidl_typesupport_fastrtps_c;rosidl_typesupport_introspection_c
[1.865s] -- Using all available rosidl_typesupport_cpp: rosidl_typesupport_fastrtps_cpp;rosidl_typesupport_introspection_cpp
[1.944s] -- Found ament_lint_auto: 0.17.3 (/opt/ros/jazzy/share/ament_lint_auto/cmake)
[2.127s] -- Added test 'lint_cmake' to check CMake code style
[2.131s] -- Added test 'xmllint' to check XML markup files
[2.137s] -- Configuring done (1.5s)
[2.142s] -- Generating done (0.0s)
[2.145s] -- Build files have been written to: /home/student/workspace/src/ROS2_airobotcel/build/voice_control
[2.155s] Invoked command in '/home/student/workspace/src/ROS2_airobotcel/build/voice_control' returned '0': CMAKE_PREFIX_PATH=${CMAKE_PREFIX_PATH}:/home/student/ros2_industrial_ws/install/urdf_basics:/home/student/ros2_industrial_ws/install/transferframes:/home/student/ros2_industrial_ws/install/template_package_python:/home/student/ros2_industrial_ws/install/ros_industrial_utilities:/home/student/ros2_industrial_ws/install/ros_industrial_support:/home/student/ros2_industrial_ws/install/range_sensor:/home/student/ros2_industrial_ws/install/node_demo:/home/student/ros2_industrial_ws/install/manipulation:/home/student/ros2_industrial_ws/install/fanuc_robots:/home/student/install/uf_ros_lib:/home/student/install/range_sensor:/home/student/install/my_uf_description:/home/student/install/manipulation:/home/student/my_uf_ws/install/my_uf_description:/home/student/my_uf_ws/install/my_uf_demo:/home/student/my_uf_ws/install/my_uf_bringup:/home/student/xarm_ws/install/uf_ros_lib:/opt/ros/jazzy DEBUGINFOD_URLS=https://debuginfod.ubuntu.com /usr/bin/cmake /home/student/workspace/src/ROS2_airobotcel/src/voice_control -DCMAKE_INSTALL_PREFIX=/home/student/workspace/src/ROS2_airobotcel/install/voice_control
[2.156s] Invoking command in '/home/student/workspace/src/ROS2_airobotcel/build/voice_control': CMAKE_PREFIX_PATH=${CMAKE_PREFIX_PATH}:/home/student/ros2_industrial_ws/install/urdf_basics:/home/student/ros2_industrial_ws/install/transferframes:/home/student/ros2_industrial_ws/install/template_package_python:/home/student/ros2_industrial_ws/install/ros_industrial_utilities:/home/student/ros2_industrial_ws/install/ros_industrial_support:/home/student/ros2_industrial_ws/install/range_sensor:/home/student/ros2_industrial_ws/install/node_demo:/home/student/ros2_industrial_ws/install/manipulation:/home/student/ros2_industrial_ws/install/fanuc_robots:/home/student/install/uf_ros_lib:/home/student/install/range_sensor:/home/student/install/my_uf_description:/home/student/install/manipulation:/home/student/my_uf_ws/install/my_uf_description:/home/student/my_uf_ws/install/my_uf_demo:/home/student/my_uf_ws/install/my_uf_bringup:/home/student/xarm_ws/install/uf_ros_lib:/opt/ros/jazzy DEBUGINFOD_URLS=https://debuginfod.ubuntu.com /usr/bin/cmake --build /home/student/workspace/src/ROS2_airobotcel/build/voice_control -- -j8 -l8
[2.226s] Invoked command in '/home/student/workspace/src/ROS2_airobotcel/build/voice_control' returned '0': CMAKE_PREFIX_PATH=${CMAKE_PREFIX_PATH}:/home/student/ros2_industrial_ws/install/urdf_basics:/home/student/ros2_industrial_ws/install/transferframes:/home/student/ros2_industrial_ws/install/template_package_python:/home/student/ros2_industrial_ws/install/ros_industrial_utilities:/home/student/ros2_industrial_ws/install/ros_industrial_support:/home/student/ros2_industrial_ws/install/range_sensor:/home/student/ros2_industrial_ws/install/node_demo:/home/student/ros2_industrial_ws/install/manipulation:/home/student/ros2_industrial_ws/install/fanuc_robots:/home/student/install/uf_ros_lib:/home/student/install/range_sensor:/home/student/install/my_uf_description:/home/student/install/manipulation:/home/student/my_uf_ws/install/my_uf_description:/home/student/my_uf_ws/install/my_uf_demo:/home/student/my_uf_ws/install/my_uf_bringup:/home/student/xarm_ws/install/uf_ros_lib:/opt/ros/jazzy DEBUGINFOD_URLS=https://debuginfod.ubuntu.com /usr/bin/cmake --build /home/student/workspace/src/ROS2_airobotcel/build/voice_control -- -j8 -l8
[2.227s] Invoking command in '/home/student/workspace/src/ROS2_airobotcel/build/voice_control': CMAKE_PREFIX_PATH=${CMAKE_PREFIX_PATH}:/home/student/ros2_industrial_ws/install/urdf_basics:/home/student/ros2_industrial_ws/install/transferframes:/home/student/ros2_industrial_ws/install/template_package_python:/home/student/ros2_industrial_ws/install/ros_industrial_utilities:/home/student/ros2_industrial_ws/install/ros_industrial_support:/home/student/ros2_industrial_ws/install/range_sensor:/home/student/ros2_industrial_ws/install/node_demo:/home/student/ros2_industrial_ws/install/manipulation:/home/student/ros2_industrial_ws/install/fanuc_robots:/home/student/install/uf_ros_lib:/home/student/install/range_sensor:/home/student/install/my_uf_description:/home/student/install/manipulation:/home/student/my_uf_ws/install/my_uf_description:/home/student/my_uf_ws/install/my_uf_demo:/home/student/my_uf_ws/install/my_uf_bringup:/home/student/xarm_ws/install/uf_ros_lib:/opt/ros/jazzy DEBUGINFOD_URLS=https://debuginfod.ubuntu.com /usr/bin/cmake --install /home/student/workspace/src/ROS2_airobotcel/build/voice_control
[2.238s] -- Install configuration: ""
[2.239s] -- Installing: /home/student/workspace/src/ROS2_airobotcel/install/voice_control/share/ament_index/resource_index/package_run_dependencies/voice_control
[2.239s] -- Installing: /home/student/workspace/src/ROS2_airobotcel/install/voice_control/share/ament_index/resource_index/parent_prefix_path/voice_control
[2.239s] -- Installing: /home/student/workspace/src/ROS2_airobotcel/install/voice_control/share/voice_control/environment/ament_prefix_path.sh
[2.240s] -- Installing: /home/student/workspace/src/ROS2_airobotcel/install/voice_control/share/voice_control/environment/ament_prefix_path.dsv
[2.241s] -- Installing: /home/student/workspace/src/ROS2_airobotcel/install/voice_control/share/voice_control/environment/path.sh
[2.241s] -- Installing: /home/student/workspace/src/ROS2_airobotcel/install/voice_control/share/voice_control/environment/path.dsv
[2.242s] -- Installing: /home/student/workspace/src/ROS2_airobotcel/install/voice_control/share/voice_control/local_setup.bash
[2.242s] -- Installing: /home/student/workspace/src/ROS2_airobotcel/install/voice_control/share/voice_control/local_setup.sh
[2.242s] -- Installing: /home/student/workspace/src/ROS2_airobotcel/install/voice_control/share/voice_control/local_setup.zsh
[2.243s] -- Installing: /home/student/workspace/src/ROS2_airobotcel/install/voice_control/share/voice_control/local_setup.dsv
[2.243s] -- Installing: /home/student/workspace/src/ROS2_airobotcel/install/voice_control/share/voice_control/package.dsv
[2.243s] -- Installing: /home/student/workspace/src/ROS2_airobotcel/install/voice_control/share/ament_index/resource_index/packages/voice_control
[2.244s] -- Installing: /home/student/workspace/src/ROS2_airobotcel/install/voice_control/share/voice_control/cmake/voice_controlConfig.cmake
[2.244s] -- Installing: /home/student/workspace/src/ROS2_airobotcel/install/voice_control/share/voice_control/cmake/voice_controlConfig-version.cmake
[2.244s] -- Installing: /home/student/workspace/src/ROS2_airobotcel/install/voice_control/share/voice_control/package.xml
[2.275s] Invoked command in '/home/student/workspace/src/ROS2_airobotcel/build/voice_control' returned '0': CMAKE_PREFIX_PATH=${CMAKE_PREFIX_PATH}:/home/student/ros2_industrial_ws/install/urdf_basics:/home/student/ros2_industrial_ws/install/transferframes:/home/student/ros2_industrial_ws/install/template_package_python:/home/student/ros2_industrial_ws/install/ros_industrial_utilities:/home/student/ros2_industrial_ws/install/ros_industrial_support:/home/student/ros2_industrial_ws/install/range_sensor:/home/student/ros2_industrial_ws/install/node_demo:/home/student/ros2_industrial_ws/install/manipulation:/home/student/ros2_industrial_ws/install/fanuc_robots:/home/student/install/uf_ros_lib:/home/student/install/range_sensor:/home/student/install/my_uf_description:/home/student/install/manipulation:/home/student/my_uf_ws/install/my_uf_description:/home/student/my_uf_ws/install/my_uf_demo:/home/student/my_uf_ws/install/my_uf_bringup:/home/student/xarm_ws/install/uf_ros_lib:/opt/ros/jazzy DEBUGINFOD_URLS=https://debuginfod.ubuntu.com /usr/bin/cmake --install /home/student/workspace/src/ROS2_airobotcel/build/voice_control
