[0.057s] Invoking command in '/home/student/workspace/src/ROS2_airobotcel/build/AI_vision': CMAKE_PREFIX_PATH=${CMAKE_PREFIX_PATH}:/home/student/ros2_industrial_ws/install/urdf_basics:/home/student/ros2_industrial_ws/install/transferframes:/home/student/ros2_industrial_ws/install/template_package_python:/home/student/ros2_industrial_ws/install/ros_industrial_utilities:/home/student/ros2_industrial_ws/install/ros_industrial_support:/home/student/ros2_industrial_ws/install/range_sensor:/home/student/ros2_industrial_ws/install/node_demo:/home/student/ros2_industrial_ws/install/manipulation:/home/student/ros2_industrial_ws/install/fanuc_robots:/home/student/install/uf_ros_lib:/home/student/install/range_sensor:/home/student/install/my_uf_description:/home/student/install/manipulation:/home/student/my_uf_ws/install/my_uf_description:/home/student/my_uf_ws/install/my_uf_demo:/home/student/my_uf_ws/install/my_uf_bringup:/home/student/xarm_ws/install/uf_ros_lib:/opt/ros/jazzy DEBUGINFOD_URLS=https://debuginfod.ubuntu.com /usr/bin/cmake /home/student/workspace/src/ROS2_airobotcel/src/AI_vision -DCMAKE_INSTALL_PREFIX=/home/student/workspace/src/ROS2_airobotcel/install/AI_vision
[0.690s] -- The C compiler identification is GNU 13.3.0
[0.691s] -- The CXX compiler identification is GNU 13.3.0
[0.691s] -- Detecting C compiler ABI info
[0.778s] -- Detecting C compiler ABI info - done
[0.787s] -- Check for working C compiler: /usr/bin/cc - skipped
[0.788s] -- Detecting C compile features
[0.789s] -- Detecting C compile features - done
[0.804s] -- Detecting CXX compiler ABI info
[0.940s] -- Detecting CXX compiler ABI info - done
[0.948s] -- Check for working CXX compiler: /usr/bin/c++ - skipped
[0.948s] -- Detecting CXX compile features
[0.949s] -- Detecting CXX compile features - done
[1.033s] -- Found ament_cmake: 2.5.4 (/opt/ros/jazzy/share/ament_cmake/cmake)
[1.304s] -- Found Python3: /usr/bin/python3 (found version "3.12.3") found components: Interpreter 
[1.589s] -- Found rclpy: 7.1.6 (/opt/ros/jazzy/share/rclpy/cmake)
[1.597s] -- Found std_msgs: 5.3.6 (/opt/ros/jazzy/share/std_msgs/cmake)
[1.774s] -- Found rosidl_generator_c: 4.6.6 (/opt/ros/jazzy/share/rosidl_generator_c/cmake)
[1.811s] -- Found rosidl_generator_cpp: 4.6.6 (/opt/ros/jazzy/share/rosidl_generator_cpp/cmake)
[1.868s] -- Using all available rosidl_typesupport_c: rosidl_typesupport_fastrtps_c;rosidl_typesupport_introspection_c
[1.910s] -- Using all available rosidl_typesupport_cpp: rosidl_typesupport_fastrtps_cpp;rosidl_typesupport_introspection_cpp
[1.989s] -- Found ament_lint_auto: 0.17.3 (/opt/ros/jazzy/share/ament_lint_auto/cmake)
[2.088s] WARNING: Package name "AI_vision" does not follow the naming conventions. It should start with a lower case letter and only contain lower case letters, digits, underscores, and dashes.
[2.171s] -- Added test 'flake8' to check Python code syntax and style conventions
[2.171s] -- Configured 'flake8' exclude dirs and/or files: 
[2.173s] -- Added test 'lint_cmake' to check CMake code style
[2.175s] -- Added test 'pep257' to check Python code against some of the docstring style conventions in PEP 257
[2.177s] -- Added test 'xmllint' to check XML markup files
[2.182s] -- Configuring done (2.0s)
[2.190s] -- Generating done (0.0s)
[2.192s] -- Build files have been written to: /home/student/workspace/src/ROS2_airobotcel/build/AI_vision
[2.202s] Invoked command in '/home/student/workspace/src/ROS2_airobotcel/build/AI_vision' returned '0': CMAKE_PREFIX_PATH=${CMAKE_PREFIX_PATH}:/home/student/ros2_industrial_ws/install/urdf_basics:/home/student/ros2_industrial_ws/install/transferframes:/home/student/ros2_industrial_ws/install/template_package_python:/home/student/ros2_industrial_ws/install/ros_industrial_utilities:/home/student/ros2_industrial_ws/install/ros_industrial_support:/home/student/ros2_industrial_ws/install/range_sensor:/home/student/ros2_industrial_ws/install/node_demo:/home/student/ros2_industrial_ws/install/manipulation:/home/student/ros2_industrial_ws/install/fanuc_robots:/home/student/install/uf_ros_lib:/home/student/install/range_sensor:/home/student/install/my_uf_description:/home/student/install/manipulation:/home/student/my_uf_ws/install/my_uf_description:/home/student/my_uf_ws/install/my_uf_demo:/home/student/my_uf_ws/install/my_uf_bringup:/home/student/xarm_ws/install/uf_ros_lib:/opt/ros/jazzy DEBUGINFOD_URLS=https://debuginfod.ubuntu.com /usr/bin/cmake /home/student/workspace/src/ROS2_airobotcel/src/AI_vision -DCMAKE_INSTALL_PREFIX=/home/student/workspace/src/ROS2_airobotcel/install/AI_vision
[2.203s] Invoking command in '/home/student/workspace/src/ROS2_airobotcel/build/AI_vision': CMAKE_PREFIX_PATH=${CMAKE_PREFIX_PATH}:/home/student/ros2_industrial_ws/install/urdf_basics:/home/student/ros2_industrial_ws/install/transferframes:/home/student/ros2_industrial_ws/install/template_package_python:/home/student/ros2_industrial_ws/install/ros_industrial_utilities:/home/student/ros2_industrial_ws/install/ros_industrial_support:/home/student/ros2_industrial_ws/install/range_sensor:/home/student/ros2_industrial_ws/install/node_demo:/home/student/ros2_industrial_ws/install/manipulation:/home/student/ros2_industrial_ws/install/fanuc_robots:/home/student/install/uf_ros_lib:/home/student/install/range_sensor:/home/student/install/my_uf_description:/home/student/install/manipulation:/home/student/my_uf_ws/install/my_uf_description:/home/student/my_uf_ws/install/my_uf_demo:/home/student/my_uf_ws/install/my_uf_bringup:/home/student/xarm_ws/install/uf_ros_lib:/opt/ros/jazzy DEBUGINFOD_URLS=https://debuginfod.ubuntu.com /usr/bin/cmake --build /home/student/workspace/src/ROS2_airobotcel/build/AI_vision -- -j8 -l8
[2.257s] Invoked command in '/home/student/workspace/src/ROS2_airobotcel/build/AI_vision' returned '0': CMAKE_PREFIX_PATH=${CMAKE_PREFIX_PATH}:/home/student/ros2_industrial_ws/install/urdf_basics:/home/student/ros2_industrial_ws/install/transferframes:/home/student/ros2_industrial_ws/install/template_package_python:/home/student/ros2_industrial_ws/install/ros_industrial_utilities:/home/student/ros2_industrial_ws/install/ros_industrial_support:/home/student/ros2_industrial_ws/install/range_sensor:/home/student/ros2_industrial_ws/install/node_demo:/home/student/ros2_industrial_ws/install/manipulation:/home/student/ros2_industrial_ws/install/fanuc_robots:/home/student/install/uf_ros_lib:/home/student/install/range_sensor:/home/student/install/my_uf_description:/home/student/install/manipulation:/home/student/my_uf_ws/install/my_uf_description:/home/student/my_uf_ws/install/my_uf_demo:/home/student/my_uf_ws/install/my_uf_bringup:/home/student/xarm_ws/install/uf_ros_lib:/opt/ros/jazzy DEBUGINFOD_URLS=https://debuginfod.ubuntu.com /usr/bin/cmake --build /home/student/workspace/src/ROS2_airobotcel/build/AI_vision -- -j8 -l8
[2.270s] Invoking command in '/home/student/workspace/src/ROS2_airobotcel/build/AI_vision': CMAKE_PREFIX_PATH=${CMAKE_PREFIX_PATH}:/home/student/ros2_industrial_ws/install/urdf_basics:/home/student/ros2_industrial_ws/install/transferframes:/home/student/ros2_industrial_ws/install/template_package_python:/home/student/ros2_industrial_ws/install/ros_industrial_utilities:/home/student/ros2_industrial_ws/install/ros_industrial_support:/home/student/ros2_industrial_ws/install/range_sensor:/home/student/ros2_industrial_ws/install/node_demo:/home/student/ros2_industrial_ws/install/manipulation:/home/student/ros2_industrial_ws/install/fanuc_robots:/home/student/install/uf_ros_lib:/home/student/install/range_sensor:/home/student/install/my_uf_description:/home/student/install/manipulation:/home/student/my_uf_ws/install/my_uf_description:/home/student/my_uf_ws/install/my_uf_demo:/home/student/my_uf_ws/install/my_uf_bringup:/home/student/xarm_ws/install/uf_ros_lib:/opt/ros/jazzy DEBUGINFOD_URLS=https://debuginfod.ubuntu.com /usr/bin/cmake --install /home/student/workspace/src/ROS2_airobotcel/build/AI_vision
[2.281s] -- Install configuration: ""
[2.282s] -- Installing: /home/student/workspace/src/ROS2_airobotcel/install/AI_vision/share/ament_index/resource_index/package_run_dependencies/AI_vision
[2.282s] -- Installing: /home/student/workspace/src/ROS2_airobotcel/install/AI_vision/share/ament_index/resource_index/parent_prefix_path/AI_vision
[2.282s] -- Installing: /home/student/workspace/src/ROS2_airobotcel/install/AI_vision/share/AI_vision/environment/ament_prefix_path.sh
[2.282s] -- Installing: /home/student/workspace/src/ROS2_airobotcel/install/AI_vision/share/AI_vision/environment/ament_prefix_path.dsv
[2.282s] -- Installing: /home/student/workspace/src/ROS2_airobotcel/install/AI_vision/share/AI_vision/environment/path.sh
[2.283s] -- Installing: /home/student/workspace/src/ROS2_airobotcel/install/AI_vision/share/AI_vision/environment/path.dsv
[2.283s] -- Installing: /home/student/workspace/src/ROS2_airobotcel/install/AI_vision/share/AI_vision/local_setup.bash
[2.284s] -- Installing: /home/student/workspace/src/ROS2_airobotcel/install/AI_vision/share/AI_vision/local_setup.sh
[2.285s] -- Installing: /home/student/workspace/src/ROS2_airobotcel/install/AI_vision/share/AI_vision/local_setup.zsh
[2.286s] -- Installing: /home/student/workspace/src/ROS2_airobotcel/install/AI_vision/share/AI_vision/local_setup.dsv
[2.286s] -- Installing: /home/student/workspace/src/ROS2_airobotcel/install/AI_vision/share/AI_vision/package.dsv
[2.286s] -- Installing: /home/student/workspace/src/ROS2_airobotcel/install/AI_vision/share/ament_index/resource_index/packages/AI_vision
[2.287s] -- Installing: /home/student/workspace/src/ROS2_airobotcel/install/AI_vision/share/AI_vision/cmake/AI_visionConfig.cmake
[2.287s] -- Installing: /home/student/workspace/src/ROS2_airobotcel/install/AI_vision/share/AI_vision/cmake/AI_visionConfig-version.cmake
[2.287s] -- Installing: /home/student/workspace/src/ROS2_airobotcel/install/AI_vision/share/AI_vision/package.xml
[2.291s] Invoked command in '/home/student/workspace/src/ROS2_airobotcel/build/AI_vision' returned '0': CMAKE_PREFIX_PATH=${CMAKE_PREFIX_PATH}:/home/student/ros2_industrial_ws/install/urdf_basics:/home/student/ros2_industrial_ws/install/transferframes:/home/student/ros2_industrial_ws/install/template_package_python:/home/student/ros2_industrial_ws/install/ros_industrial_utilities:/home/student/ros2_industrial_ws/install/ros_industrial_support:/home/student/ros2_industrial_ws/install/range_sensor:/home/student/ros2_industrial_ws/install/node_demo:/home/student/ros2_industrial_ws/install/manipulation:/home/student/ros2_industrial_ws/install/fanuc_robots:/home/student/install/uf_ros_lib:/home/student/install/range_sensor:/home/student/install/my_uf_description:/home/student/install/manipulation:/home/student/my_uf_ws/install/my_uf_description:/home/student/my_uf_ws/install/my_uf_demo:/home/student/my_uf_ws/install/my_uf_bringup:/home/student/xarm_ws/install/uf_ros_lib:/opt/ros/jazzy DEBUGINFOD_URLS=https://debuginfod.ubuntu.com /usr/bin/cmake --install /home/student/workspace/src/ROS2_airobotcel/build/AI_vision
