[0.167s] DEBUG:colcon:Command line arguments: ['/usr/bin/colcon', 'build']
[0.167s] DEBUG:colcon:Parsed command line arguments: Namespace(log_base=None, log_level=None, verb_name='build', build_base='build', install_base='install', merge_install=False, symlink_install=False, test_result_base=None, continue_on_error=False, executor='parallel', parallel_workers=8, event_handlers=None, ignore_user_meta=False, metas=['./colcon.meta'], base_paths=['.'], packages_ignore=None, packages_ignore_regex=None, paths=None, packages_up_to=None, packages_up_to_regex=None, packages_above=None, packages_above_and_dependencies=None, packages_above_depth=None, packages_select_by_dep=None, packages_skip_by_dep=None, packages_skip_up_to=None, packages_select_build_failed=False, packages_skip_build_finished=False, packages_select_test_failures=False, packages_skip_test_passed=False, packages_select=None, packages_skip=None, packages_select_regex=None, packages_skip_regex=None, packages_start=None, packages_end=None, allow_overriding=[], cmake_args=None, cmake_target=None, cmake_target_skip_unavailable=False, cmake_clean_cache=False, cmake_clean_first=False, cmake_force_configure=False, ament_cmake_args=None, catkin_cmake_args=None, catkin_skip_building_tests=False, mixin_files=None, mixin=None, verb_parser=<colcon_mixin.mixin.mixin_argument.MixinArgumentDecorator object at 0x79a4fa1dd2e0>, verb_extension=<colcon_core.verb.build.BuildVerb object at 0x79a4fa1dd0d0>, main=<bound method BuildVerb.main of <colcon_core.verb.build.BuildVerb object at 0x79a4fa1dd0d0>>, mixin_verb=('build',))
[0.221s] Level 1:colcon.colcon_core.package_discovery:discover_packages(colcon_meta) check parameters
[0.221s] Level 1:colcon.colcon_core.package_discovery:discover_packages(recursive) check parameters
[0.221s] Level 1:colcon.colcon_core.package_discovery:discover_packages(ignore) check parameters
[0.221s] Level 1:colcon.colcon_core.package_discovery:discover_packages(path) check parameters
[0.221s] Level 1:colcon.colcon_core.package_discovery:discover_packages(colcon_meta) discover
[0.221s] Level 1:colcon.colcon_core.package_discovery:discover_packages(recursive) discover
[0.221s] INFO:colcon.colcon_core.package_discovery:Crawling recursively for packages in '/home/student/workspace/src/ROS2_airobotcel'
[0.221s] Level 1:colcon.colcon_core.package_identification:_identify(.) by extensions ['ignore', 'ignore_ament_install']
[0.221s] Level 1:colcon.colcon_core.package_identification:_identify(.) by extension 'ignore'
[0.221s] Level 1:colcon.colcon_core.package_identification:_identify(.) by extension 'ignore_ament_install'
[0.221s] Level 1:colcon.colcon_core.package_identification:_identify(.) by extensions ['colcon_pkg']
[0.221s] Level 1:colcon.colcon_core.package_identification:_identify(.) by extension 'colcon_pkg'
[0.221s] Level 1:colcon.colcon_core.package_identification:_identify(.) by extensions ['colcon_meta']
[0.221s] Level 1:colcon.colcon_core.package_identification:_identify(.) by extension 'colcon_meta'
[0.221s] Level 1:colcon.colcon_core.package_identification:_identify(.) by extensions ['ros']
[0.221s] Level 1:colcon.colcon_core.package_identification:_identify(.) by extension 'ros'
[0.255s] Level 1:colcon.colcon_core.package_identification:_identify(.) by extensions ['cmake', 'python']
[0.255s] Level 1:colcon.colcon_core.package_identification:_identify(.) by extension 'cmake'
[0.255s] Level 1:colcon.colcon_core.package_identification:_identify(.) by extension 'python'
[0.255s] Level 1:colcon.colcon_core.package_identification:_identify(.) by extensions ['python_setup_py']
[0.255s] Level 1:colcon.colcon_core.package_identification:_identify(.) by extension 'python_setup_py'
[0.255s] Level 1:colcon.colcon_core.package_identification:_identify(build) by extensions ['ignore', 'ignore_ament_install']
[0.255s] Level 1:colcon.colcon_core.package_identification:_identify(build) by extension 'ignore'
[0.255s] Level 1:colcon.colcon_core.package_identification:_identify(build) ignored
[0.255s] Level 1:colcon.colcon_core.package_identification:_identify(install) by extensions ['ignore', 'ignore_ament_install']
[0.256s] Level 1:colcon.colcon_core.package_identification:_identify(install) by extension 'ignore'
[0.256s] Level 1:colcon.colcon_core.package_identification:_identify(install) ignored
[0.256s] Level 1:colcon.colcon_core.package_identification:_identify(log) by extensions ['ignore', 'ignore_ament_install']
[0.256s] Level 1:colcon.colcon_core.package_identification:_identify(log) by extension 'ignore'
[0.256s] Level 1:colcon.colcon_core.package_identification:_identify(log) ignored
[0.256s] Level 1:colcon.colcon_core.package_identification:_identify(src) by extensions ['ignore', 'ignore_ament_install']
[0.256s] Level 1:colcon.colcon_core.package_identification:_identify(src) by extension 'ignore'
[0.256s] Level 1:colcon.colcon_core.package_identification:_identify(src) by extension 'ignore_ament_install'
[0.256s] Level 1:colcon.colcon_core.package_identification:_identify(src) by extensions ['colcon_pkg']
[0.256s] Level 1:colcon.colcon_core.package_identification:_identify(src) by extension 'colcon_pkg'
[0.256s] Level 1:colcon.colcon_core.package_identification:_identify(src) by extensions ['colcon_meta']
[0.256s] Level 1:colcon.colcon_core.package_identification:_identify(src) by extension 'colcon_meta'
[0.256s] Level 1:colcon.colcon_core.package_identification:_identify(src) by extensions ['ros']
[0.256s] Level 1:colcon.colcon_core.package_identification:_identify(src) by extension 'ros'
[0.256s] Level 1:colcon.colcon_core.package_identification:_identify(src) by extensions ['cmake', 'python']
[0.256s] Level 1:colcon.colcon_core.package_identification:_identify(src) by extension 'cmake'
[0.256s] Level 1:colcon.colcon_core.package_identification:_identify(src) by extension 'python'
[0.256s] Level 1:colcon.colcon_core.package_identification:_identify(src) by extensions ['python_setup_py']
[0.256s] Level 1:colcon.colcon_core.package_identification:_identify(src) by extension 'python_setup_py'
[0.256s] Level 1:colcon.colcon_core.package_identification:_identify(src/AI_vision) by extensions ['ignore', 'ignore_ament_install']
[0.256s] Level 1:colcon.colcon_core.package_identification:_identify(src/AI_vision) by extension 'ignore'
[0.256s] Level 1:colcon.colcon_core.package_identification:_identify(src/AI_vision) by extension 'ignore_ament_install'
[0.256s] Level 1:colcon.colcon_core.package_identification:_identify(src/AI_vision) by extensions ['colcon_pkg']
[0.257s] Level 1:colcon.colcon_core.package_identification:_identify(src/AI_vision) by extension 'colcon_pkg'
[0.257s] Level 1:colcon.colcon_core.package_identification:_identify(src/AI_vision) by extensions ['colcon_meta']
[0.257s] Level 1:colcon.colcon_core.package_identification:_identify(src/AI_vision) by extension 'colcon_meta'
[0.257s] Level 1:colcon.colcon_core.package_identification:_identify(src/AI_vision) by extensions ['ros']
[0.257s] Level 1:colcon.colcon_core.package_identification:_identify(src/AI_vision) by extension 'ros'
[0.261s] DEBUG:colcon.colcon_core.package_identification:Package 'src/AI_vision' with type 'ros.ament_cmake' and name 'AI_vision'
[0.261s] Level 1:colcon.colcon_core.package_identification:_identify(src/HMI_unit) by extensions ['ignore', 'ignore_ament_install']
[0.261s] Level 1:colcon.colcon_core.package_identification:_identify(src/HMI_unit) by extension 'ignore'
[0.261s] Level 1:colcon.colcon_core.package_identification:_identify(src/HMI_unit) by extension 'ignore_ament_install'
[0.261s] Level 1:colcon.colcon_core.package_identification:_identify(src/HMI_unit) by extensions ['colcon_pkg']
[0.261s] Level 1:colcon.colcon_core.package_identification:_identify(src/HMI_unit) by extension 'colcon_pkg'
[0.261s] Level 1:colcon.colcon_core.package_identification:_identify(src/HMI_unit) by extensions ['colcon_meta']
[0.261s] Level 1:colcon.colcon_core.package_identification:_identify(src/HMI_unit) by extension 'colcon_meta'
[0.261s] Level 1:colcon.colcon_core.package_identification:_identify(src/HMI_unit) by extensions ['ros']
[0.261s] Level 1:colcon.colcon_core.package_identification:_identify(src/HMI_unit) by extension 'ros'
[0.262s] DEBUG:colcon.colcon_core.package_identification:Package 'src/HMI_unit' with type 'ros.ament_python' and name 'HMI_unit'
[0.262s] Level 1:colcon.colcon_core.package_identification:_identify(src/manipulator_unit) by extensions ['ignore', 'ignore_ament_install']
[0.262s] Level 1:colcon.colcon_core.package_identification:_identify(src/manipulator_unit) by extension 'ignore'
[0.262s] Level 1:colcon.colcon_core.package_identification:_identify(src/manipulator_unit) by extension 'ignore_ament_install'
[0.262s] Level 1:colcon.colcon_core.package_identification:_identify(src/manipulator_unit) by extensions ['colcon_pkg']
[0.262s] Level 1:colcon.colcon_core.package_identification:_identify(src/manipulator_unit) by extension 'colcon_pkg'
[0.262s] Level 1:colcon.colcon_core.package_identification:_identify(src/manipulator_unit) by extensions ['colcon_meta']
[0.262s] Level 1:colcon.colcon_core.package_identification:_identify(src/manipulator_unit) by extension 'colcon_meta'
[0.262s] Level 1:colcon.colcon_core.package_identification:_identify(src/manipulator_unit) by extensions ['ros']
[0.262s] Level 1:colcon.colcon_core.package_identification:_identify(src/manipulator_unit) by extension 'ros'
[0.263s] DEBUG:colcon.colcon_core.package_identification:Package 'src/manipulator_unit' with type 'ros.ament_python' and name 'manipulator_unit'
[0.263s] Level 1:colcon.colcon_core.package_identification:_identify(src/voice_control) by extensions ['ignore', 'ignore_ament_install']
[0.263s] Level 1:colcon.colcon_core.package_identification:_identify(src/voice_control) by extension 'ignore'
[0.263s] Level 1:colcon.colcon_core.package_identification:_identify(src/voice_control) by extension 'ignore_ament_install'
[0.263s] Level 1:colcon.colcon_core.package_identification:_identify(src/voice_control) by extensions ['colcon_pkg']
[0.263s] Level 1:colcon.colcon_core.package_identification:_identify(src/voice_control) by extension 'colcon_pkg'
[0.263s] Level 1:colcon.colcon_core.package_identification:_identify(src/voice_control) by extensions ['colcon_meta']
[0.263s] Level 1:colcon.colcon_core.package_identification:_identify(src/voice_control) by extension 'colcon_meta'
[0.263s] Level 1:colcon.colcon_core.package_identification:_identify(src/voice_control) by extensions ['ros']
[0.263s] Level 1:colcon.colcon_core.package_identification:_identify(src/voice_control) by extension 'ros'
[0.264s] DEBUG:colcon.colcon_core.package_identification:Package 'src/voice_control' with type 'ros.ament_cmake' and name 'voice_control'
[0.264s] Level 1:colcon.colcon_core.package_discovery:discover_packages(recursive) using defaults
[0.264s] Level 1:colcon.colcon_core.package_discovery:discover_packages(ignore) discover
[0.264s] Level 1:colcon.colcon_core.package_discovery:discover_packages(ignore) using defaults
[0.264s] Level 1:colcon.colcon_core.package_discovery:discover_packages(path) discover
[0.264s] Level 1:colcon.colcon_core.package_discovery:discover_packages(path) using defaults
[0.307s] Level 1:colcon.colcon_core.package_discovery:discover_packages(prefix_path) check parameters
[0.307s] Level 1:colcon.colcon_core.package_discovery:discover_packages(prefix_path) discover
[0.314s] DEBUG:colcon.colcon_installed_package_information.package_discovery:Found 5 installed packages in /home/student/my_uf_ws/install
[0.315s] DEBUG:colcon.colcon_installed_package_information.package_discovery:Found 1 installed packages in /home/student/microROS_agent_ws/install
[0.316s] DEBUG:colcon.colcon_installed_package_information.package_discovery:Found 21 installed packages in /home/student/ros2_industrial_ws/install
[0.317s] DEBUG:colcon.colcon_installed_package_information.package_discovery:Found 12 installed packages in /home/student/xarm_ws/install
[0.317s] DEBUG:colcon.colcon_installed_package_information.package_discovery:Found 6 installed packages in /home/student/install
[0.319s] DEBUG:colcon.colcon_installed_package_information.package_discovery:Found 407 installed packages in /opt/ros/jazzy
[0.320s] Level 1:colcon.colcon_core.package_discovery:discover_packages(prefix_path) using defaults
[0.391s] Level 5:colcon.colcon_core.verb:set package 'AI_vision' build argument 'cmake_args' from command line to 'None'
[0.391s] Level 5:colcon.colcon_core.verb:set package 'AI_vision' build argument 'cmake_target' from command line to 'None'
[0.391s] Level 5:colcon.colcon_core.verb:set package 'AI_vision' build argument 'cmake_target_skip_unavailable' from command line to 'False'
[0.391s] Level 5:colcon.colcon_core.verb:set package 'AI_vision' build argument 'cmake_clean_cache' from command line to 'False'
[0.391s] Level 5:colcon.colcon_core.verb:set package 'AI_vision' build argument 'cmake_clean_first' from command line to 'False'
[0.391s] Level 5:colcon.colcon_core.verb:set package 'AI_vision' build argument 'cmake_force_configure' from command line to 'False'
[0.391s] Level 5:colcon.colcon_core.verb:set package 'AI_vision' build argument 'ament_cmake_args' from command line to 'None'
[0.391s] Level 5:colcon.colcon_core.verb:set package 'AI_vision' build argument 'catkin_cmake_args' from command line to 'None'
[0.391s] Level 5:colcon.colcon_core.verb:set package 'AI_vision' build argument 'catkin_skip_building_tests' from command line to 'False'
[0.391s] DEBUG:colcon.colcon_core.verb:Building package 'AI_vision' with the following arguments: {'ament_cmake_args': None, 'build_base': '/home/student/workspace/src/ROS2_airobotcel/build/AI_vision', 'catkin_cmake_args': None, 'catkin_skip_building_tests': False, 'cmake_args': None, 'cmake_clean_cache': False, 'cmake_clean_first': False, 'cmake_force_configure': False, 'cmake_target': None, 'cmake_target_skip_unavailable': False, 'install_base': '/home/student/workspace/src/ROS2_airobotcel/install/AI_vision', 'merge_install': False, 'path': '/home/student/workspace/src/ROS2_airobotcel/src/AI_vision', 'symlink_install': False, 'test_result_base': None}
[0.391s] Level 5:colcon.colcon_core.verb:set package 'HMI_unit' build argument 'cmake_args' from command line to 'None'
[0.391s] Level 5:colcon.colcon_core.verb:set package 'HMI_unit' build argument 'cmake_target' from command line to 'None'
[0.391s] Level 5:colcon.colcon_core.verb:set package 'HMI_unit' build argument 'cmake_target_skip_unavailable' from command line to 'False'
[0.391s] Level 5:colcon.colcon_core.verb:set package 'HMI_unit' build argument 'cmake_clean_cache' from command line to 'False'
[0.391s] Level 5:colcon.colcon_core.verb:set package 'HMI_unit' build argument 'cmake_clean_first' from command line to 'False'
[0.391s] Level 5:colcon.colcon_core.verb:set package 'HMI_unit' build argument 'cmake_force_configure' from command line to 'False'
[0.392s] Level 5:colcon.colcon_core.verb:set package 'HMI_unit' build argument 'ament_cmake_args' from command line to 'None'
[0.392s] Level 5:colcon.colcon_core.verb:set package 'HMI_unit' build argument 'catkin_cmake_args' from command line to 'None'
[0.392s] Level 5:colcon.colcon_core.verb:set package 'HMI_unit' build argument 'catkin_skip_building_tests' from command line to 'False'
[0.392s] DEBUG:colcon.colcon_core.verb:Building package 'HMI_unit' with the following arguments: {'ament_cmake_args': None, 'build_base': '/home/student/workspace/src/ROS2_airobotcel/build/HMI_unit', 'catkin_cmake_args': None, 'catkin_skip_building_tests': False, 'cmake_args': None, 'cmake_clean_cache': False, 'cmake_clean_first': False, 'cmake_force_configure': False, 'cmake_target': None, 'cmake_target_skip_unavailable': False, 'install_base': '/home/student/workspace/src/ROS2_airobotcel/install/HMI_unit', 'merge_install': False, 'path': '/home/student/workspace/src/ROS2_airobotcel/src/HMI_unit', 'symlink_install': False, 'test_result_base': None}
[0.392s] Level 5:colcon.colcon_core.verb:set package 'manipulator_unit' build argument 'cmake_args' from command line to 'None'
[0.392s] Level 5:colcon.colcon_core.verb:set package 'manipulator_unit' build argument 'cmake_target' from command line to 'None'
[0.392s] Level 5:colcon.colcon_core.verb:set package 'manipulator_unit' build argument 'cmake_target_skip_unavailable' from command line to 'False'
[0.392s] Level 5:colcon.colcon_core.verb:set package 'manipulator_unit' build argument 'cmake_clean_cache' from command line to 'False'
[0.392s] Level 5:colcon.colcon_core.verb:set package 'manipulator_unit' build argument 'cmake_clean_first' from command line to 'False'
[0.392s] Level 5:colcon.colcon_core.verb:set package 'manipulator_unit' build argument 'cmake_force_configure' from command line to 'False'
[0.392s] Level 5:colcon.colcon_core.verb:set package 'manipulator_unit' build argument 'ament_cmake_args' from command line to 'None'
[0.392s] Level 5:colcon.colcon_core.verb:set package 'manipulator_unit' build argument 'catkin_cmake_args' from command line to 'None'
[0.392s] Level 5:colcon.colcon_core.verb:set package 'manipulator_unit' build argument 'catkin_skip_building_tests' from command line to 'False'
[0.392s] DEBUG:colcon.colcon_core.verb:Building package 'manipulator_unit' with the following arguments: {'ament_cmake_args': None, 'build_base': '/home/student/workspace/src/ROS2_airobotcel/build/manipulator_unit', 'catkin_cmake_args': None, 'catkin_skip_building_tests': False, 'cmake_args': None, 'cmake_clean_cache': False, 'cmake_clean_first': False, 'cmake_force_configure': False, 'cmake_target': None, 'cmake_target_skip_unavailable': False, 'install_base': '/home/student/workspace/src/ROS2_airobotcel/install/manipulator_unit', 'merge_install': False, 'path': '/home/student/workspace/src/ROS2_airobotcel/src/manipulator_unit', 'symlink_install': False, 'test_result_base': None}
[0.392s] Level 5:colcon.colcon_core.verb:set package 'voice_control' build argument 'cmake_args' from command line to 'None'
[0.392s] Level 5:colcon.colcon_core.verb:set package 'voice_control' build argument 'cmake_target' from command line to 'None'
[0.392s] Level 5:colcon.colcon_core.verb:set package 'voice_control' build argument 'cmake_target_skip_unavailable' from command line to 'False'
[0.392s] Level 5:colcon.colcon_core.verb:set package 'voice_control' build argument 'cmake_clean_cache' from command line to 'False'
[0.392s] Level 5:colcon.colcon_core.verb:set package 'voice_control' build argument 'cmake_clean_first' from command line to 'False'
[0.392s] Level 5:colcon.colcon_core.verb:set package 'voice_control' build argument 'cmake_force_configure' from command line to 'False'
[0.392s] Level 5:colcon.colcon_core.verb:set package 'voice_control' build argument 'ament_cmake_args' from command line to 'None'
[0.392s] Level 5:colcon.colcon_core.verb:set package 'voice_control' build argument 'catkin_cmake_args' from command line to 'None'
[0.392s] Level 5:colcon.colcon_core.verb:set package 'voice_control' build argument 'catkin_skip_building_tests' from command line to 'False'
[0.392s] DEBUG:colcon.colcon_core.verb:Building package 'voice_control' with the following arguments: {'ament_cmake_args': None, 'build_base': '/home/student/workspace/src/ROS2_airobotcel/build/voice_control', 'catkin_cmake_args': None, 'catkin_skip_building_tests': False, 'cmake_args': None, 'cmake_clean_cache': False, 'cmake_clean_first': False, 'cmake_force_configure': False, 'cmake_target': None, 'cmake_target_skip_unavailable': False, 'install_base': '/home/student/workspace/src/ROS2_airobotcel/install/voice_control', 'merge_install': False, 'path': '/home/student/workspace/src/ROS2_airobotcel/src/voice_control', 'symlink_install': False, 'test_result_base': None}
[0.392s] INFO:colcon.colcon_core.executor:Executing jobs using 'parallel' executor
[0.393s] DEBUG:colcon.colcon_parallel_executor.executor.parallel:run_until_complete
[0.393s] INFO:colcon.colcon_ros.task.ament_cmake.build:Building ROS package in '/home/student/workspace/src/ROS2_airobotcel/src/AI_vision' with build type 'ament_cmake'
[0.393s] INFO:colcon.colcon_cmake.task.cmake.build:Building CMake package in '/home/student/workspace/src/ROS2_airobotcel/src/AI_vision'
[0.397s] INFO:colcon.colcon_core.plugin_system:Skipping extension 'colcon_core.shell.bat': Not used on non-Windows systems
[0.397s] INFO:colcon.colcon_core.shell:Skip shell extension 'powershell' for command environment: Not usable outside of PowerShell
[0.397s] DEBUG:colcon.colcon_core.shell:Skip shell extension 'dsv' for command environment
[0.409s] INFO:colcon.colcon_ros.task.ament_python.build:Building ROS package in '/home/student/workspace/src/ROS2_airobotcel/src/HMI_unit' with build type 'ament_python'
[0.409s] Level 1:colcon.colcon_core.shell:create_environment_hook('HMI_unit', 'ament_prefix_path')
[0.410s] INFO:colcon.colcon_core.shell:Creating environment hook '/home/student/workspace/src/ROS2_airobotcel/install/HMI_unit/share/HMI_unit/hook/ament_prefix_path.ps1'
[0.412s] INFO:colcon.colcon_core.shell:Creating environment descriptor '/home/student/workspace/src/ROS2_airobotcel/install/HMI_unit/share/HMI_unit/hook/ament_prefix_path.dsv'
[0.412s] INFO:colcon.colcon_core.shell:Creating environment hook '/home/student/workspace/src/ROS2_airobotcel/install/HMI_unit/share/HMI_unit/hook/ament_prefix_path.sh'
[0.413s] INFO:colcon.colcon_core.shell:Skip shell extension 'powershell' for command environment: Not usable outside of PowerShell
[0.413s] DEBUG:colcon.colcon_core.shell:Skip shell extension 'dsv' for command environment
[0.420s] INFO:colcon.colcon_ros.task.ament_python.build:Building ROS package in '/home/student/workspace/src/ROS2_airobotcel/src/manipulator_unit' with build type 'ament_python'
[0.420s] Level 1:colcon.colcon_core.shell:create_environment_hook('manipulator_unit', 'ament_prefix_path')
[0.420s] INFO:colcon.colcon_core.shell:Creating environment hook '/home/student/workspace/src/ROS2_airobotcel/install/manipulator_unit/share/manipulator_unit/hook/ament_prefix_path.ps1'
[0.422s] INFO:colcon.colcon_core.shell:Creating environment descriptor '/home/student/workspace/src/ROS2_airobotcel/install/manipulator_unit/share/manipulator_unit/hook/ament_prefix_path.dsv'
[0.422s] INFO:colcon.colcon_core.shell:Creating environment hook '/home/student/workspace/src/ROS2_airobotcel/install/manipulator_unit/share/manipulator_unit/hook/ament_prefix_path.sh'
[0.423s] INFO:colcon.colcon_core.shell:Skip shell extension 'powershell' for command environment: Not usable outside of PowerShell
[0.423s] DEBUG:colcon.colcon_core.shell:Skip shell extension 'dsv' for command environment
[0.439s] INFO:colcon.colcon_ros.task.ament_cmake.build:Building ROS package in '/home/student/workspace/src/ROS2_airobotcel/src/voice_control' with build type 'ament_cmake'
[0.439s] INFO:colcon.colcon_cmake.task.cmake.build:Building CMake package in '/home/student/workspace/src/ROS2_airobotcel/src/voice_control'
[0.439s] INFO:colcon.colcon_core.shell:Skip shell extension 'powershell' for command environment: Not usable outside of PowerShell
[0.439s] DEBUG:colcon.colcon_core.shell:Skip shell extension 'dsv' for command environment
[0.451s] DEBUG:colcon.colcon_core.event_handler.log_command:Invoking command in '/home/student/workspace/src/ROS2_airobotcel/build/AI_vision': CMAKE_PREFIX_PATH=${CMAKE_PREFIX_PATH}:/home/student/ros2_industrial_ws/install/urdf_basics:/home/student/ros2_industrial_ws/install/transferframes:/home/student/ros2_industrial_ws/install/template_package_python:/home/student/ros2_industrial_ws/install/ros_industrial_utilities:/home/student/ros2_industrial_ws/install/ros_industrial_support:/home/student/ros2_industrial_ws/install/range_sensor:/home/student/ros2_industrial_ws/install/node_demo:/home/student/ros2_industrial_ws/install/manipulation:/home/student/ros2_industrial_ws/install/fanuc_robots:/home/student/install/uf_ros_lib:/home/student/install/range_sensor:/home/student/install/my_uf_description:/home/student/install/manipulation:/home/student/my_uf_ws/install/my_uf_description:/home/student/my_uf_ws/install/my_uf_demo:/home/student/my_uf_ws/install/my_uf_bringup:/home/student/xarm_ws/install/uf_ros_lib:/opt/ros/jazzy DEBUGINFOD_URLS=https://debuginfod.ubuntu.com /usr/bin/cmake /home/student/workspace/src/ROS2_airobotcel/src/AI_vision -DCMAKE_INSTALL_PREFIX=/home/student/workspace/src/ROS2_airobotcel/install/AI_vision
[0.758s] INFO:colcon.colcon_core.task.python.build:Building Python package in '/home/student/workspace/src/ROS2_airobotcel/src/HMI_unit'
[0.759s] INFO:colcon.colcon_core.shell:Skip shell extension 'powershell' for command environment: Not usable outside of PowerShell
[0.759s] DEBUG:colcon.colcon_core.shell:Skip shell extension 'dsv' for command environment
[1.074s] INFO:colcon.colcon_core.task.python.build:Building Python package in '/home/student/workspace/src/ROS2_airobotcel/src/manipulator_unit'
[1.074s] INFO:colcon.colcon_core.shell:Skip shell extension 'powershell' for command environment: Not usable outside of PowerShell
[1.074s] DEBUG:colcon.colcon_core.shell:Skip shell extension 'dsv' for command environment
[1.092s] DEBUG:colcon.colcon_core.event_handler.log_command:Invoking command in '/home/student/workspace/src/ROS2_airobotcel/build/voice_control': CMAKE_PREFIX_PATH=${CMAKE_PREFIX_PATH}:/home/student/ros2_industrial_ws/install/urdf_basics:/home/student/ros2_industrial_ws/install/transferframes:/home/student/ros2_industrial_ws/install/template_package_python:/home/student/ros2_industrial_ws/install/ros_industrial_utilities:/home/student/ros2_industrial_ws/install/ros_industrial_support:/home/student/ros2_industrial_ws/install/range_sensor:/home/student/ros2_industrial_ws/install/node_demo:/home/student/ros2_industrial_ws/install/manipulation:/home/student/ros2_industrial_ws/install/fanuc_robots:/home/student/install/uf_ros_lib:/home/student/install/range_sensor:/home/student/install/my_uf_description:/home/student/install/manipulation:/home/student/my_uf_ws/install/my_uf_description:/home/student/my_uf_ws/install/my_uf_demo:/home/student/my_uf_ws/install/my_uf_bringup:/home/student/xarm_ws/install/uf_ros_lib:/opt/ros/jazzy DEBUGINFOD_URLS=https://debuginfod.ubuntu.com /usr/bin/cmake /home/student/workspace/src/ROS2_airobotcel/src/voice_control -DCMAKE_INSTALL_PREFIX=/home/student/workspace/src/ROS2_airobotcel/install/voice_control
[2.041s] DEBUG:colcon.colcon_core.event_handler.log_command:Invoking command in '/home/student/workspace/src/ROS2_airobotcel/src/manipulator_unit': DEBUGINFOD_URLS=https://debuginfod.ubuntu.com PYTHONPATH=/home/student/workspace/src/ROS2_airobotcel/build/manipulator_unit/prefix_override:/usr/lib/python3/dist-packages/colcon_core/task/python/colcon_distutils_commands:/home/student/workspace/src/ROS2_airobotcel/install/manipulator_unit/lib/python3.12/site-packages:${PYTHONPATH} /usr/bin/python3 -W ignore:setup.py install is deprecated -W ignore:easy_install command is deprecated setup.py egg_info --egg-base ../../build/manipulator_unit build --build-base /home/student/workspace/src/ROS2_airobotcel/build/manipulator_unit/build install --record /home/student/workspace/src/ROS2_airobotcel/build/manipulator_unit/install.log --single-version-externally-managed install_data
[2.044s] DEBUG:colcon.colcon_core.event_handler.log_command:Invoking command in '/home/student/workspace/src/ROS2_airobotcel/src/HMI_unit': DEBUGINFOD_URLS=https://debuginfod.ubuntu.com PYTHONPATH=/home/student/workspace/src/ROS2_airobotcel/build/HMI_unit/prefix_override:/usr/lib/python3/dist-packages/colcon_core/task/python/colcon_distutils_commands:/home/student/workspace/src/ROS2_airobotcel/install/HMI_unit/lib/python3.12/site-packages:${PYTHONPATH} /usr/bin/python3 -W ignore:setup.py install is deprecated -W ignore:easy_install command is deprecated setup.py egg_info --egg-base ../../build/HMI_unit build --build-base /home/student/workspace/src/ROS2_airobotcel/build/HMI_unit/build install --record /home/student/workspace/src/ROS2_airobotcel/build/HMI_unit/install.log --single-version-externally-managed install_data
[2.594s] DEBUG:colcon.colcon_core.event_handler.log_command:Invoked command in '/home/student/workspace/src/ROS2_airobotcel/build/voice_control' returned '0': CMAKE_PREFIX_PATH=${CMAKE_PREFIX_PATH}:/home/student/ros2_industrial_ws/install/urdf_basics:/home/student/ros2_industrial_ws/install/transferframes:/home/student/ros2_industrial_ws/install/template_package_python:/home/student/ros2_industrial_ws/install/ros_industrial_utilities:/home/student/ros2_industrial_ws/install/ros_industrial_support:/home/student/ros2_industrial_ws/install/range_sensor:/home/student/ros2_industrial_ws/install/node_demo:/home/student/ros2_industrial_ws/install/manipulation:/home/student/ros2_industrial_ws/install/fanuc_robots:/home/student/install/uf_ros_lib:/home/student/install/range_sensor:/home/student/install/my_uf_description:/home/student/install/manipulation:/home/student/my_uf_ws/install/my_uf_description:/home/student/my_uf_ws/install/my_uf_demo:/home/student/my_uf_ws/install/my_uf_bringup:/home/student/xarm_ws/install/uf_ros_lib:/opt/ros/jazzy DEBUGINFOD_URLS=https://debuginfod.ubuntu.com /usr/bin/cmake /home/student/workspace/src/ROS2_airobotcel/src/voice_control -DCMAKE_INSTALL_PREFIX=/home/student/workspace/src/ROS2_airobotcel/install/voice_control
[2.596s] DEBUG:colcon.colcon_core.event_handler.log_command:Invoking command in '/home/student/workspace/src/ROS2_airobotcel/build/voice_control': CMAKE_PREFIX_PATH=${CMAKE_PREFIX_PATH}:/home/student/ros2_industrial_ws/install/urdf_basics:/home/student/ros2_industrial_ws/install/transferframes:/home/student/ros2_industrial_ws/install/template_package_python:/home/student/ros2_industrial_ws/install/ros_industrial_utilities:/home/student/ros2_industrial_ws/install/ros_industrial_support:/home/student/ros2_industrial_ws/install/range_sensor:/home/student/ros2_industrial_ws/install/node_demo:/home/student/ros2_industrial_ws/install/manipulation:/home/student/ros2_industrial_ws/install/fanuc_robots:/home/student/install/uf_ros_lib:/home/student/install/range_sensor:/home/student/install/my_uf_description:/home/student/install/manipulation:/home/student/my_uf_ws/install/my_uf_description:/home/student/my_uf_ws/install/my_uf_demo:/home/student/my_uf_ws/install/my_uf_bringup:/home/student/xarm_ws/install/uf_ros_lib:/opt/ros/jazzy DEBUGINFOD_URLS=https://debuginfod.ubuntu.com /usr/bin/cmake --build /home/student/workspace/src/ROS2_airobotcel/build/voice_control -- -j8 -l8
[2.596s] DEBUG:colcon.colcon_core.event_handler.log_command:Invoked command in '/home/student/workspace/src/ROS2_airobotcel/build/AI_vision' returned '0': CMAKE_PREFIX_PATH=${CMAKE_PREFIX_PATH}:/home/student/ros2_industrial_ws/install/urdf_basics:/home/student/ros2_industrial_ws/install/transferframes:/home/student/ros2_industrial_ws/install/template_package_python:/home/student/ros2_industrial_ws/install/ros_industrial_utilities:/home/student/ros2_industrial_ws/install/ros_industrial_support:/home/student/ros2_industrial_ws/install/range_sensor:/home/student/ros2_industrial_ws/install/node_demo:/home/student/ros2_industrial_ws/install/manipulation:/home/student/ros2_industrial_ws/install/fanuc_robots:/home/student/install/uf_ros_lib:/home/student/install/range_sensor:/home/student/install/my_uf_description:/home/student/install/manipulation:/home/student/my_uf_ws/install/my_uf_description:/home/student/my_uf_ws/install/my_uf_demo:/home/student/my_uf_ws/install/my_uf_bringup:/home/student/xarm_ws/install/uf_ros_lib:/opt/ros/jazzy DEBUGINFOD_URLS=https://debuginfod.ubuntu.com /usr/bin/cmake /home/student/workspace/src/ROS2_airobotcel/src/AI_vision -DCMAKE_INSTALL_PREFIX=/home/student/workspace/src/ROS2_airobotcel/install/AI_vision
[2.597s] DEBUG:colcon.colcon_core.event_handler.log_command:Invoking command in '/home/student/workspace/src/ROS2_airobotcel/build/AI_vision': CMAKE_PREFIX_PATH=${CMAKE_PREFIX_PATH}:/home/student/ros2_industrial_ws/install/urdf_basics:/home/student/ros2_industrial_ws/install/transferframes:/home/student/ros2_industrial_ws/install/template_package_python:/home/student/ros2_industrial_ws/install/ros_industrial_utilities:/home/student/ros2_industrial_ws/install/ros_industrial_support:/home/student/ros2_industrial_ws/install/range_sensor:/home/student/ros2_industrial_ws/install/node_demo:/home/student/ros2_industrial_ws/install/manipulation:/home/student/ros2_industrial_ws/install/fanuc_robots:/home/student/install/uf_ros_lib:/home/student/install/range_sensor:/home/student/install/my_uf_description:/home/student/install/manipulation:/home/student/my_uf_ws/install/my_uf_description:/home/student/my_uf_ws/install/my_uf_demo:/home/student/my_uf_ws/install/my_uf_bringup:/home/student/xarm_ws/install/uf_ros_lib:/opt/ros/jazzy DEBUGINFOD_URLS=https://debuginfod.ubuntu.com /usr/bin/cmake --build /home/student/workspace/src/ROS2_airobotcel/build/AI_vision -- -j8 -l8
[2.651s] DEBUG:colcon.colcon_core.event_handler.log_command:Invoked command in '/home/student/workspace/src/ROS2_airobotcel/build/AI_vision' returned '0': CMAKE_PREFIX_PATH=${CMAKE_PREFIX_PATH}:/home/student/ros2_industrial_ws/install/urdf_basics:/home/student/ros2_industrial_ws/install/transferframes:/home/student/ros2_industrial_ws/install/template_package_python:/home/student/ros2_industrial_ws/install/ros_industrial_utilities:/home/student/ros2_industrial_ws/install/ros_industrial_support:/home/student/ros2_industrial_ws/install/range_sensor:/home/student/ros2_industrial_ws/install/node_demo:/home/student/ros2_industrial_ws/install/manipulation:/home/student/ros2_industrial_ws/install/fanuc_robots:/home/student/install/uf_ros_lib:/home/student/install/range_sensor:/home/student/install/my_uf_description:/home/student/install/manipulation:/home/student/my_uf_ws/install/my_uf_description:/home/student/my_uf_ws/install/my_uf_demo:/home/student/my_uf_ws/install/my_uf_bringup:/home/student/xarm_ws/install/uf_ros_lib:/opt/ros/jazzy DEBUGINFOD_URLS=https://debuginfod.ubuntu.com /usr/bin/cmake --build /home/student/workspace/src/ROS2_airobotcel/build/AI_vision -- -j8 -l8
[2.664s] DEBUG:colcon.colcon_core.event_handler.log_command:Invoking command in '/home/student/workspace/src/ROS2_airobotcel/build/AI_vision': CMAKE_PREFIX_PATH=${CMAKE_PREFIX_PATH}:/home/student/ros2_industrial_ws/install/urdf_basics:/home/student/ros2_industrial_ws/install/transferframes:/home/student/ros2_industrial_ws/install/template_package_python:/home/student/ros2_industrial_ws/install/ros_industrial_utilities:/home/student/ros2_industrial_ws/install/ros_industrial_support:/home/student/ros2_industrial_ws/install/range_sensor:/home/student/ros2_industrial_ws/install/node_demo:/home/student/ros2_industrial_ws/install/manipulation:/home/student/ros2_industrial_ws/install/fanuc_robots:/home/student/install/uf_ros_lib:/home/student/install/range_sensor:/home/student/install/my_uf_description:/home/student/install/manipulation:/home/student/my_uf_ws/install/my_uf_description:/home/student/my_uf_ws/install/my_uf_demo:/home/student/my_uf_ws/install/my_uf_bringup:/home/student/xarm_ws/install/uf_ros_lib:/opt/ros/jazzy DEBUGINFOD_URLS=https://debuginfod.ubuntu.com /usr/bin/cmake --install /home/student/workspace/src/ROS2_airobotcel/build/AI_vision
[2.666s] DEBUG:colcon.colcon_core.event_handler.log_command:Invoked command in '/home/student/workspace/src/ROS2_airobotcel/build/voice_control' returned '0': CMAKE_PREFIX_PATH=${CMAKE_PREFIX_PATH}:/home/student/ros2_industrial_ws/install/urdf_basics:/home/student/ros2_industrial_ws/install/transferframes:/home/student/ros2_industrial_ws/install/template_package_python:/home/student/ros2_industrial_ws/install/ros_industrial_utilities:/home/student/ros2_industrial_ws/install/ros_industrial_support:/home/student/ros2_industrial_ws/install/range_sensor:/home/student/ros2_industrial_ws/install/node_demo:/home/student/ros2_industrial_ws/install/manipulation:/home/student/ros2_industrial_ws/install/fanuc_robots:/home/student/install/uf_ros_lib:/home/student/install/range_sensor:/home/student/install/my_uf_description:/home/student/install/manipulation:/home/student/my_uf_ws/install/my_uf_description:/home/student/my_uf_ws/install/my_uf_demo:/home/student/my_uf_ws/install/my_uf_bringup:/home/student/xarm_ws/install/uf_ros_lib:/opt/ros/jazzy DEBUGINFOD_URLS=https://debuginfod.ubuntu.com /usr/bin/cmake --build /home/student/workspace/src/ROS2_airobotcel/build/voice_control -- -j8 -l8
[2.667s] DEBUG:colcon.colcon_core.event_handler.log_command:Invoking command in '/home/student/workspace/src/ROS2_airobotcel/build/voice_control': CMAKE_PREFIX_PATH=${CMAKE_PREFIX_PATH}:/home/student/ros2_industrial_ws/install/urdf_basics:/home/student/ros2_industrial_ws/install/transferframes:/home/student/ros2_industrial_ws/install/template_package_python:/home/student/ros2_industrial_ws/install/ros_industrial_utilities:/home/student/ros2_industrial_ws/install/ros_industrial_support:/home/student/ros2_industrial_ws/install/range_sensor:/home/student/ros2_industrial_ws/install/node_demo:/home/student/ros2_industrial_ws/install/manipulation:/home/student/ros2_industrial_ws/install/fanuc_robots:/home/student/install/uf_ros_lib:/home/student/install/range_sensor:/home/student/install/my_uf_description:/home/student/install/manipulation:/home/student/my_uf_ws/install/my_uf_description:/home/student/my_uf_ws/install/my_uf_demo:/home/student/my_uf_ws/install/my_uf_bringup:/home/student/xarm_ws/install/uf_ros_lib:/opt/ros/jazzy DEBUGINFOD_URLS=https://debuginfod.ubuntu.com /usr/bin/cmake --install /home/student/workspace/src/ROS2_airobotcel/build/voice_control
[2.684s] Level 1:colcon.colcon_core.environment:create_environment_scripts_only(AI_vision)
[2.685s] DEBUG:colcon.colcon_core.event_handler.log_command:Invoked command in '/home/student/workspace/src/ROS2_airobotcel/build/AI_vision' returned '0': CMAKE_PREFIX_PATH=${CMAKE_PREFIX_PATH}:/home/student/ros2_industrial_ws/install/urdf_basics:/home/student/ros2_industrial_ws/install/transferframes:/home/student/ros2_industrial_ws/install/template_package_python:/home/student/ros2_industrial_ws/install/ros_industrial_utilities:/home/student/ros2_industrial_ws/install/ros_industrial_support:/home/student/ros2_industrial_ws/install/range_sensor:/home/student/ros2_industrial_ws/install/node_demo:/home/student/ros2_industrial_ws/install/manipulation:/home/student/ros2_industrial_ws/install/fanuc_robots:/home/student/install/uf_ros_lib:/home/student/install/range_sensor:/home/student/install/my_uf_description:/home/student/install/manipulation:/home/student/my_uf_ws/install/my_uf_description:/home/student/my_uf_ws/install/my_uf_demo:/home/student/my_uf_ws/install/my_uf_bringup:/home/student/xarm_ws/install/uf_ros_lib:/opt/ros/jazzy DEBUGINFOD_URLS=https://debuginfod.ubuntu.com /usr/bin/cmake --install /home/student/workspace/src/ROS2_airobotcel/build/AI_vision
[2.688s] Level 1:colcon.colcon_core.environment:checking '/home/student/workspace/src/ROS2_airobotcel/install/AI_vision' for CMake module files
[2.688s] Level 1:colcon.colcon_core.environment:checking '/home/student/workspace/src/ROS2_airobotcel/install/AI_vision' for CMake config files
[2.688s] Level 1:colcon.colcon_core.shell:create_environment_hook('AI_vision', 'cmake_prefix_path')
[2.688s] INFO:colcon.colcon_core.shell:Creating environment hook '/home/student/workspace/src/ROS2_airobotcel/install/AI_vision/share/AI_vision/hook/cmake_prefix_path.ps1'
[2.689s] INFO:colcon.colcon_core.shell:Creating environment descriptor '/home/student/workspace/src/ROS2_airobotcel/install/AI_vision/share/AI_vision/hook/cmake_prefix_path.dsv'
[2.689s] INFO:colcon.colcon_core.shell:Creating environment hook '/home/student/workspace/src/ROS2_airobotcel/install/AI_vision/share/AI_vision/hook/cmake_prefix_path.sh'
[2.690s] Level 1:colcon.colcon_core.environment:checking '/home/student/workspace/src/ROS2_airobotcel/install/AI_vision/bin'
[2.690s] Level 1:colcon.colcon_core.environment:checking '/home/student/workspace/src/ROS2_airobotcel/install/AI_vision/lib/pkgconfig/AI_vision.pc'
[2.690s] Level 1:colcon.colcon_core.environment:checking '/home/student/workspace/src/ROS2_airobotcel/install/AI_vision/lib/python3.12/site-packages'
[2.690s] Level 1:colcon.colcon_core.environment:checking '/home/student/workspace/src/ROS2_airobotcel/install/AI_vision/bin'
[2.690s] INFO:colcon.colcon_core.shell:Creating package script '/home/student/workspace/src/ROS2_airobotcel/install/AI_vision/share/AI_vision/package.ps1'
[2.691s] INFO:colcon.colcon_core.shell:Creating package descriptor '/home/student/workspace/src/ROS2_airobotcel/install/AI_vision/share/AI_vision/package.dsv'
[2.692s] INFO:colcon.colcon_core.shell:Creating package script '/home/student/workspace/src/ROS2_airobotcel/install/AI_vision/share/AI_vision/package.sh'
[2.692s] INFO:colcon.colcon_core.shell:Creating package script '/home/student/workspace/src/ROS2_airobotcel/install/AI_vision/share/AI_vision/package.bash'
[2.694s] INFO:colcon.colcon_core.shell:Creating package script '/home/student/workspace/src/ROS2_airobotcel/install/AI_vision/share/AI_vision/package.zsh'
[2.694s] Level 1:colcon.colcon_core.environment:create_file_with_runtime_dependencies(/home/student/workspace/src/ROS2_airobotcel/install/AI_vision/share/colcon-core/packages/AI_vision)
[2.695s] Level 1:colcon.colcon_core.environment:create_environment_scripts_only(AI_vision)
[2.695s] Level 1:colcon.colcon_core.environment:checking '/home/student/workspace/src/ROS2_airobotcel/install/AI_vision' for CMake module files
[2.696s] Level 1:colcon.colcon_core.environment:checking '/home/student/workspace/src/ROS2_airobotcel/install/AI_vision' for CMake config files
[2.696s] Level 1:colcon.colcon_core.shell:create_environment_hook('AI_vision', 'cmake_prefix_path')
[2.696s] INFO:colcon.colcon_core.shell:Creating environment hook '/home/student/workspace/src/ROS2_airobotcel/install/AI_vision/share/AI_vision/hook/cmake_prefix_path.ps1'
[2.696s] INFO:colcon.colcon_core.shell:Creating environment descriptor '/home/student/workspace/src/ROS2_airobotcel/install/AI_vision/share/AI_vision/hook/cmake_prefix_path.dsv'
[2.697s] INFO:colcon.colcon_core.shell:Creating environment hook '/home/student/workspace/src/ROS2_airobotcel/install/AI_vision/share/AI_vision/hook/cmake_prefix_path.sh'
[2.697s] Level 1:colcon.colcon_core.environment:checking '/home/student/workspace/src/ROS2_airobotcel/install/AI_vision/bin'
[2.698s] Level 1:colcon.colcon_core.environment:checking '/home/student/workspace/src/ROS2_airobotcel/install/AI_vision/lib/pkgconfig/AI_vision.pc'
[2.698s] Level 1:colcon.colcon_core.environment:checking '/home/student/workspace/src/ROS2_airobotcel/install/AI_vision/lib/python3.12/site-packages'
[2.698s] Level 1:colcon.colcon_core.environment:checking '/home/student/workspace/src/ROS2_airobotcel/install/AI_vision/bin'
[2.698s] INFO:colcon.colcon_core.shell:Creating package script '/home/student/workspace/src/ROS2_airobotcel/install/AI_vision/share/AI_vision/package.ps1'
[2.699s] INFO:colcon.colcon_core.shell:Creating package descriptor '/home/student/workspace/src/ROS2_airobotcel/install/AI_vision/share/AI_vision/package.dsv'
[2.699s] INFO:colcon.colcon_core.shell:Creating package script '/home/student/workspace/src/ROS2_airobotcel/install/AI_vision/share/AI_vision/package.sh'
[2.709s] INFO:colcon.colcon_core.shell:Creating package script '/home/student/workspace/src/ROS2_airobotcel/install/AI_vision/share/AI_vision/package.bash'
[2.710s] INFO:colcon.colcon_core.shell:Creating package script '/home/student/workspace/src/ROS2_airobotcel/install/AI_vision/share/AI_vision/package.zsh'
[2.710s] Level 1:colcon.colcon_core.environment:create_file_with_runtime_dependencies(/home/student/workspace/src/ROS2_airobotcel/install/AI_vision/share/colcon-core/packages/AI_vision)
[2.712s] Level 1:colcon.colcon_core.environment:create_environment_scripts_only(voice_control)
[2.712s] Level 1:colcon.colcon_core.environment:checking '/home/student/workspace/src/ROS2_airobotcel/install/voice_control' for CMake module files
[2.714s] Level 1:colcon.colcon_core.environment:checking '/home/student/workspace/src/ROS2_airobotcel/install/voice_control' for CMake config files
[2.715s] DEBUG:colcon.colcon_core.event_handler.log_command:Invoked command in '/home/student/workspace/src/ROS2_airobotcel/build/voice_control' returned '0': CMAKE_PREFIX_PATH=${CMAKE_PREFIX_PATH}:/home/student/ros2_industrial_ws/install/urdf_basics:/home/student/ros2_industrial_ws/install/transferframes:/home/student/ros2_industrial_ws/install/template_package_python:/home/student/ros2_industrial_ws/install/ros_industrial_utilities:/home/student/ros2_industrial_ws/install/ros_industrial_support:/home/student/ros2_industrial_ws/install/range_sensor:/home/student/ros2_industrial_ws/install/node_demo:/home/student/ros2_industrial_ws/install/manipulation:/home/student/ros2_industrial_ws/install/fanuc_robots:/home/student/install/uf_ros_lib:/home/student/install/range_sensor:/home/student/install/my_uf_description:/home/student/install/manipulation:/home/student/my_uf_ws/install/my_uf_description:/home/student/my_uf_ws/install/my_uf_demo:/home/student/my_uf_ws/install/my_uf_bringup:/home/student/xarm_ws/install/uf_ros_lib:/opt/ros/jazzy DEBUGINFOD_URLS=https://debuginfod.ubuntu.com /usr/bin/cmake --install /home/student/workspace/src/ROS2_airobotcel/build/voice_control
[2.716s] Level 1:colcon.colcon_core.shell:create_environment_hook('voice_control', 'cmake_prefix_path')
[2.716s] INFO:colcon.colcon_core.shell:Creating environment hook '/home/student/workspace/src/ROS2_airobotcel/install/voice_control/share/voice_control/hook/cmake_prefix_path.ps1'
[2.717s] INFO:colcon.colcon_core.shell:Creating environment descriptor '/home/student/workspace/src/ROS2_airobotcel/install/voice_control/share/voice_control/hook/cmake_prefix_path.dsv'
[2.718s] INFO:colcon.colcon_core.shell:Creating environment hook '/home/student/workspace/src/ROS2_airobotcel/install/voice_control/share/voice_control/hook/cmake_prefix_path.sh'
[2.724s] Level 1:colcon.colcon_core.environment:checking '/home/student/workspace/src/ROS2_airobotcel/install/voice_control/bin'
[2.726s] Level 1:colcon.colcon_core.environment:checking '/home/student/workspace/src/ROS2_airobotcel/install/voice_control/lib/pkgconfig/voice_control.pc'
[2.727s] Level 1:colcon.colcon_core.environment:checking '/home/student/workspace/src/ROS2_airobotcel/install/voice_control/lib/python3.12/site-packages'
[2.728s] Level 1:colcon.colcon_core.environment:checking '/home/student/workspace/src/ROS2_airobotcel/install/voice_control/bin'
[2.728s] INFO:colcon.colcon_core.shell:Creating package script '/home/student/workspace/src/ROS2_airobotcel/install/voice_control/share/voice_control/package.ps1'
[2.731s] INFO:colcon.colcon_core.shell:Creating package descriptor '/home/student/workspace/src/ROS2_airobotcel/install/voice_control/share/voice_control/package.dsv'
[2.732s] INFO:colcon.colcon_core.shell:Creating package script '/home/student/workspace/src/ROS2_airobotcel/install/voice_control/share/voice_control/package.sh'
[2.732s] INFO:colcon.colcon_core.shell:Creating package script '/home/student/workspace/src/ROS2_airobotcel/install/voice_control/share/voice_control/package.bash'
[2.732s] INFO:colcon.colcon_core.shell:Creating package script '/home/student/workspace/src/ROS2_airobotcel/install/voice_control/share/voice_control/package.zsh'
[2.733s] Level 1:colcon.colcon_core.environment:create_file_with_runtime_dependencies(/home/student/workspace/src/ROS2_airobotcel/install/voice_control/share/colcon-core/packages/voice_control)
[2.734s] Level 1:colcon.colcon_core.environment:create_environment_scripts_only(voice_control)
[2.734s] Level 1:colcon.colcon_core.environment:checking '/home/student/workspace/src/ROS2_airobotcel/install/voice_control' for CMake module files
[2.735s] Level 1:colcon.colcon_core.environment:checking '/home/student/workspace/src/ROS2_airobotcel/install/voice_control' for CMake config files
[2.735s] Level 1:colcon.colcon_core.shell:create_environment_hook('voice_control', 'cmake_prefix_path')
[2.736s] INFO:colcon.colcon_core.shell:Creating environment hook '/home/student/workspace/src/ROS2_airobotcel/install/voice_control/share/voice_control/hook/cmake_prefix_path.ps1'
[2.737s] INFO:colcon.colcon_core.shell:Creating environment descriptor '/home/student/workspace/src/ROS2_airobotcel/install/voice_control/share/voice_control/hook/cmake_prefix_path.dsv'
[2.737s] INFO:colcon.colcon_core.shell:Creating environment hook '/home/student/workspace/src/ROS2_airobotcel/install/voice_control/share/voice_control/hook/cmake_prefix_path.sh'
[2.738s] Level 1:colcon.colcon_core.environment:checking '/home/student/workspace/src/ROS2_airobotcel/install/voice_control/bin'
[2.738s] Level 1:colcon.colcon_core.environment:checking '/home/student/workspace/src/ROS2_airobotcel/install/voice_control/lib/pkgconfig/voice_control.pc'
[2.738s] Level 1:colcon.colcon_core.environment:checking '/home/student/workspace/src/ROS2_airobotcel/install/voice_control/lib/python3.12/site-packages'
[2.739s] Level 1:colcon.colcon_core.environment:checking '/home/student/workspace/src/ROS2_airobotcel/install/voice_control/bin'
[2.739s] INFO:colcon.colcon_core.shell:Creating package script '/home/student/workspace/src/ROS2_airobotcel/install/voice_control/share/voice_control/package.ps1'
[2.739s] INFO:colcon.colcon_core.shell:Creating package descriptor '/home/student/workspace/src/ROS2_airobotcel/install/voice_control/share/voice_control/package.dsv'
[2.740s] INFO:colcon.colcon_core.shell:Creating package script '/home/student/workspace/src/ROS2_airobotcel/install/voice_control/share/voice_control/package.sh'
[2.740s] INFO:colcon.colcon_core.shell:Creating package script '/home/student/workspace/src/ROS2_airobotcel/install/voice_control/share/voice_control/package.bash'
[2.741s] INFO:colcon.colcon_core.shell:Creating package script '/home/student/workspace/src/ROS2_airobotcel/install/voice_control/share/voice_control/package.zsh'
[2.742s] Level 1:colcon.colcon_core.environment:create_file_with_runtime_dependencies(/home/student/workspace/src/ROS2_airobotcel/install/voice_control/share/colcon-core/packages/voice_control)
[2.778s] Level 1:colcon.colcon_core.environment:checking '/home/student/workspace/src/ROS2_airobotcel/install/manipulator_unit' for CMake module files
[2.780s] DEBUG:colcon.colcon_core.event_handler.log_command:Invoked command in '/home/student/workspace/src/ROS2_airobotcel/src/manipulator_unit' returned '0': DEBUGINFOD_URLS=https://debuginfod.ubuntu.com PYTHONPATH=/home/student/workspace/src/ROS2_airobotcel/build/manipulator_unit/prefix_override:/usr/lib/python3/dist-packages/colcon_core/task/python/colcon_distutils_commands:/home/student/workspace/src/ROS2_airobotcel/install/manipulator_unit/lib/python3.12/site-packages:${PYTHONPATH} /usr/bin/python3 -W ignore:setup.py install is deprecated -W ignore:easy_install command is deprecated setup.py egg_info --egg-base ../../build/manipulator_unit build --build-base /home/student/workspace/src/ROS2_airobotcel/build/manipulator_unit/build install --record /home/student/workspace/src/ROS2_airobotcel/build/manipulator_unit/install.log --single-version-externally-managed install_data
[2.781s] Level 1:colcon.colcon_core.environment:checking '/home/student/workspace/src/ROS2_airobotcel/install/manipulator_unit' for CMake config files
[2.783s] Level 1:colcon.colcon_core.environment:checking '/home/student/workspace/src/ROS2_airobotcel/install/manipulator_unit/lib'
[2.783s] Level 1:colcon.colcon_core.environment:checking '/home/student/workspace/src/ROS2_airobotcel/install/manipulator_unit/bin'
[2.784s] Level 1:colcon.colcon_core.environment:checking '/home/student/workspace/src/ROS2_airobotcel/install/manipulator_unit/lib/pkgconfig/manipulator_unit.pc'
[2.784s] Level 1:colcon.colcon_core.environment:checking '/home/student/workspace/src/ROS2_airobotcel/install/manipulator_unit/lib/python3.12/site-packages'
[2.784s] Level 1:colcon.colcon_core.shell:create_environment_hook('manipulator_unit', 'pythonpath')
[2.785s] INFO:colcon.colcon_core.shell:Creating environment hook '/home/student/workspace/src/ROS2_airobotcel/install/manipulator_unit/share/manipulator_unit/hook/pythonpath.ps1'
[2.786s] INFO:colcon.colcon_core.shell:Creating environment descriptor '/home/student/workspace/src/ROS2_airobotcel/install/manipulator_unit/share/manipulator_unit/hook/pythonpath.dsv'
[2.786s] INFO:colcon.colcon_core.shell:Creating environment hook '/home/student/workspace/src/ROS2_airobotcel/install/manipulator_unit/share/manipulator_unit/hook/pythonpath.sh'
[2.788s] Level 1:colcon.colcon_core.environment:checking '/home/student/workspace/src/ROS2_airobotcel/install/manipulator_unit/bin'
[2.788s] Level 1:colcon.colcon_core.environment:create_environment_scripts_only(manipulator_unit)
[2.788s] INFO:colcon.colcon_core.shell:Creating package script '/home/student/workspace/src/ROS2_airobotcel/install/manipulator_unit/share/manipulator_unit/package.ps1'
[2.788s] INFO:colcon.colcon_core.shell:Creating package descriptor '/home/student/workspace/src/ROS2_airobotcel/install/manipulator_unit/share/manipulator_unit/package.dsv'
[2.789s] INFO:colcon.colcon_core.shell:Creating package script '/home/student/workspace/src/ROS2_airobotcel/install/manipulator_unit/share/manipulator_unit/package.sh'
[2.789s] INFO:colcon.colcon_core.shell:Creating package script '/home/student/workspace/src/ROS2_airobotcel/install/manipulator_unit/share/manipulator_unit/package.bash'
[2.789s] INFO:colcon.colcon_core.shell:Creating package script '/home/student/workspace/src/ROS2_airobotcel/install/manipulator_unit/share/manipulator_unit/package.zsh'
[2.790s] Level 1:colcon.colcon_core.environment:create_file_with_runtime_dependencies(/home/student/workspace/src/ROS2_airobotcel/install/manipulator_unit/share/colcon-core/packages/manipulator_unit)
[2.791s] Level 1:colcon.colcon_core.environment:checking '/home/student/workspace/src/ROS2_airobotcel/install/HMI_unit' for CMake module files
[2.792s] DEBUG:colcon.colcon_core.event_handler.log_command:Invoked command in '/home/student/workspace/src/ROS2_airobotcel/src/HMI_unit' returned '0': DEBUGINFOD_URLS=https://debuginfod.ubuntu.com PYTHONPATH=/home/student/workspace/src/ROS2_airobotcel/build/HMI_unit/prefix_override:/usr/lib/python3/dist-packages/colcon_core/task/python/colcon_distutils_commands:/home/student/workspace/src/ROS2_airobotcel/install/HMI_unit/lib/python3.12/site-packages:${PYTHONPATH} /usr/bin/python3 -W ignore:setup.py install is deprecated -W ignore:easy_install command is deprecated setup.py egg_info --egg-base ../../build/HMI_unit build --build-base /home/student/workspace/src/ROS2_airobotcel/build/HMI_unit/build install --record /home/student/workspace/src/ROS2_airobotcel/build/HMI_unit/install.log --single-version-externally-managed install_data
[2.792s] Level 1:colcon.colcon_core.environment:checking '/home/student/workspace/src/ROS2_airobotcel/install/HMI_unit' for CMake config files
[2.792s] Level 1:colcon.colcon_core.environment:checking '/home/student/workspace/src/ROS2_airobotcel/install/HMI_unit/lib'
[2.793s] Level 1:colcon.colcon_core.environment:checking '/home/student/workspace/src/ROS2_airobotcel/install/HMI_unit/bin'
[2.793s] Level 1:colcon.colcon_core.environment:checking '/home/student/workspace/src/ROS2_airobotcel/install/HMI_unit/lib/pkgconfig/HMI_unit.pc'
[2.793s] Level 1:colcon.colcon_core.environment:checking '/home/student/workspace/src/ROS2_airobotcel/install/HMI_unit/lib/python3.12/site-packages'
[2.793s] Level 1:colcon.colcon_core.shell:create_environment_hook('HMI_unit', 'pythonpath')
[2.793s] INFO:colcon.colcon_core.shell:Creating environment hook '/home/student/workspace/src/ROS2_airobotcel/install/HMI_unit/share/HMI_unit/hook/pythonpath.ps1'
[2.793s] INFO:colcon.colcon_core.shell:Creating environment descriptor '/home/student/workspace/src/ROS2_airobotcel/install/HMI_unit/share/HMI_unit/hook/pythonpath.dsv'
[2.794s] INFO:colcon.colcon_core.shell:Creating environment hook '/home/student/workspace/src/ROS2_airobotcel/install/HMI_unit/share/HMI_unit/hook/pythonpath.sh'
[2.794s] Level 1:colcon.colcon_core.environment:checking '/home/student/workspace/src/ROS2_airobotcel/install/HMI_unit/bin'
[2.794s] Level 1:colcon.colcon_core.environment:create_environment_scripts_only(HMI_unit)
[2.794s] INFO:colcon.colcon_core.shell:Creating package script '/home/student/workspace/src/ROS2_airobotcel/install/HMI_unit/share/HMI_unit/package.ps1'
[2.795s] INFO:colcon.colcon_core.shell:Creating package descriptor '/home/student/workspace/src/ROS2_airobotcel/install/HMI_unit/share/HMI_unit/package.dsv'
[2.795s] INFO:colcon.colcon_core.shell:Creating package script '/home/student/workspace/src/ROS2_airobotcel/install/HMI_unit/share/HMI_unit/package.sh'
[2.796s] INFO:colcon.colcon_core.shell:Creating package script '/home/student/workspace/src/ROS2_airobotcel/install/HMI_unit/share/HMI_unit/package.bash'
[2.796s] INFO:colcon.colcon_core.shell:Creating package script '/home/student/workspace/src/ROS2_airobotcel/install/HMI_unit/share/HMI_unit/package.zsh'
[2.796s] Level 1:colcon.colcon_core.environment:create_file_with_runtime_dependencies(/home/student/workspace/src/ROS2_airobotcel/install/HMI_unit/share/colcon-core/packages/HMI_unit)
[2.797s] DEBUG:colcon.colcon_parallel_executor.executor.parallel:closing loop
[2.797s] DEBUG:colcon.colcon_parallel_executor.executor.parallel:loop closed
[2.801s] DEBUG:colcon.colcon_parallel_executor.executor.parallel:run_until_complete finished with '0'
[2.802s] DEBUG:colcon.colcon_core.event_reactor:joining thread
[2.823s] INFO:colcon.colcon_core.plugin_system:Skipping extension 'colcon_notification.desktop_notification.terminal_notifier': Not used on non-Darwin systems
[2.823s] INFO:colcon.colcon_core.plugin_system:Skipping extension 'colcon_notification.desktop_notification.win32': Not used on non-Windows systems
[2.823s] INFO:colcon.colcon_notification.desktop_notification:Sending desktop notification using 'notify2'
[2.864s] DEBUG:colcon.colcon_core.event_reactor:joined thread
[2.864s] INFO:colcon.colcon_core.shell:Creating prefix script '/home/student/workspace/src/ROS2_airobotcel/install/local_setup.ps1'
[2.865s] INFO:colcon.colcon_core.shell:Creating prefix util module '/home/student/workspace/src/ROS2_airobotcel/install/_local_setup_util_ps1.py'
[2.866s] INFO:colcon.colcon_core.shell:Creating prefix chain script '/home/student/workspace/src/ROS2_airobotcel/install/setup.ps1'
[2.869s] INFO:colcon.colcon_core.shell:Creating prefix script '/home/student/workspace/src/ROS2_airobotcel/install/local_setup.sh'
[2.869s] INFO:colcon.colcon_core.shell:Creating prefix util module '/home/student/workspace/src/ROS2_airobotcel/install/_local_setup_util_sh.py'
[2.870s] INFO:colcon.colcon_core.shell:Creating prefix chain script '/home/student/workspace/src/ROS2_airobotcel/install/setup.sh'
[2.872s] INFO:colcon.colcon_core.shell:Creating prefix script '/home/student/workspace/src/ROS2_airobotcel/install/local_setup.bash'
[2.873s] INFO:colcon.colcon_core.shell:Creating prefix chain script '/home/student/workspace/src/ROS2_airobotcel/install/setup.bash'
[2.878s] INFO:colcon.colcon_core.shell:Creating prefix script '/home/student/workspace/src/ROS2_airobotcel/install/local_setup.zsh'
[2.882s] INFO:colcon.colcon_core.shell:Creating prefix chain script '/home/student/workspace/src/ROS2_airobotcel/install/setup.zsh'
