running egg_info
creating ../../../build/manipulation/manipulation.egg-info
writing ../../../build/manipulation/manipulation.egg-info/PKG-INFO
writing dependency_links to ../../../build/manipulation/manipulation.egg-info/dependency_links.txt
writing entry points to ../../../build/manipulation/manipulation.egg-info/entry_points.txt
writing requirements to ../../../build/manipulation/manipulation.egg-info/requires.txt
writing top-level names to ../../../build/manipulation/manipulation.egg-info/top_level.txt
writing manifest file '../../../build/manipulation/manipulation.egg-info/SOURCES.txt'
reading manifest file '../../../build/manipulation/manipulation.egg-info/SOURCES.txt'
writing manifest file '../../../build/manipulation/manipulation.egg-info/SOURCES.txt'
running build
running build_py
creating /home/student/moeder/build/manipulation/build
creating /home/student/moeder/build/manipulation/build/lib
creating /home/student/moeder/build/manipulation/build/lib/manipulation
copying manipulation/__init__.py -> /home/student/moeder/build/manipulation/build/lib/manipulation
copying manipulation/assignment1.py -> /home/student/moeder/build/manipulation/build/lib/manipulation
copying manipulation/assignment2.py -> /home/student/moeder/build/manipulation/build/lib/manipulation
running install
running install_lib
creating /home/student/moeder/install/manipulation/lib/python3.12/site-packages/manipulation
copying /home/student/moeder/build/manipulation/build/lib/manipulation/__init__.py -> /home/student/moeder/install/manipulation/lib/python3.12/site-packages/manipulation
copying /home/student/moeder/build/manipulation/build/lib/manipulation/assignment1.py -> /home/student/moeder/install/manipulation/lib/python3.12/site-packages/manipulation
copying /home/student/moeder/build/manipulation/build/lib/manipulation/assignment2.py -> /home/student/moeder/install/manipulation/lib/python3.12/site-packages/manipulation
byte-compiling /home/student/moeder/install/manipulation/lib/python3.12/site-packages/manipulation/__init__.py to __init__.cpython-312.pyc
byte-compiling /home/student/moeder/install/manipulation/lib/python3.12/site-packages/manipulation/assignment1.py to assignment1.cpython-312.pyc
byte-compiling /home/student/moeder/install/manipulation/lib/python3.12/site-packages/manipulation/assignment2.py to assignment2.cpython-312.pyc
running install_data
creating /home/student/moeder/install/manipulation/share/ament_index
creating /home/student/moeder/install/manipulation/share/ament_index/resource_index
creating /home/student/moeder/install/manipulation/share/ament_index/resource_index/packages
copying resource/manipulation -> /home/student/moeder/install/manipulation/share/ament_index/resource_index/packages
copying package.xml -> /home/student/moeder/install/manipulation/share/manipulation
creating /home/student/moeder/install/manipulation/share/manipulation/launch
copying launch/view_environment.launch.py -> /home/student/moeder/install/manipulation/share/manipulation/launch/
copying launch/environment_w_gazebo.launch.py -> /home/student/moeder/install/manipulation/share/manipulation/launch/
copying launch/environment.launch.py -> /home/student/moeder/install/manipulation/share/manipulation/launch/
copying launch/spawn_battery.launch.py -> /home/student/moeder/install/manipulation/share/manipulation/launch/
creating /home/student/moeder/install/manipulation/share/manipulation/launch/support
copying launch/support/_gazebo_ign.launch.py -> /home/student/moeder/install/manipulation/share/manipulation/launch/support
copying launch/support/_robot_moveit_common2.launch.py -> /home/student/moeder/install/manipulation/share/manipulation/launch/support
creating /home/student/moeder/install/manipulation/share/manipulation/rviz
copying rviz/fake_robot.rviz -> /home/student/moeder/install/manipulation/share/manipulation/rviz/
copying rviz/environment.rviz -> /home/student/moeder/install/manipulation/share/manipulation/rviz/
creating /home/student/moeder/install/manipulation/share/manipulation/urdf
copying urdf/robot_on_pedestal.urdf -> /home/student/moeder/install/manipulation/share/manipulation/urdf/
copying urdf/create_sdf_from_urdf_xacro.sh -> /home/student/moeder/install/manipulation/share/manipulation/urdf/
copying urdf/environment.urdf.xacro -> /home/student/moeder/install/manipulation/share/manipulation/urdf/
copying urdf/robot_on_pedestal.sdf -> /home/student/moeder/install/manipulation/share/manipulation/urdf/
copying urdf/robot_on_pedestal.urdf.xacro -> /home/student/moeder/install/manipulation/share/manipulation/urdf/
creating /home/student/moeder/install/manipulation/share/manipulation/worlds
copying worlds/casus.world -> /home/student/moeder/install/manipulation/share/manipulation/worlds/
running install_egg_info
Copying ../../../build/manipulation/manipulation.egg-info to /home/student/moeder/install/manipulation/lib/python3.12/site-packages/manipulation-0.0.0-py3.12.egg-info
running install_scripts
Installing assignment1 script to /home/student/moeder/install/manipulation/lib/manipulation
Installing assignment2 script to /home/student/moeder/install/manipulation/lib/manipulation
writing list of installed files to '/home/student/moeder/build/manipulation/install.log'
