[1.336s] Invoking command in '/home/student/moeder/src/4_manipulation/manipulation': DEBUGINFOD_URLS=https://debuginfod.ubuntu.com PYTHONPATH=/home/student/moeder/build/manipulation/prefix_override:/usr/lib/python3/dist-packages/colcon_core/task/python/colcon_distutils_commands:/home/student/moeder/install/manipulation/lib/python3.12/site-packages:${PYTHONPATH} /usr/bin/python3 -W ignore:setup.py install is deprecated -W ignore:easy_install command is deprecated setup.py egg_info --egg-base ../../../build/manipulation build --build-base /home/student/moeder/build/manipulation/build install --record /home/student/moeder/build/manipulation/install.log --single-version-externally-managed install_data
[1.620s] running egg_info
[1.621s] creating ../../../build/manipulation/manipulation.egg-info
[1.641s] writing ../../../build/manipulation/manipulation.egg-info/PKG-INFO
[1.641s] writing dependency_links to ../../../build/manipulation/manipulation.egg-info/dependency_links.txt
[1.641s] writing entry points to ../../../build/manipulation/manipulation.egg-info/entry_points.txt
[1.641s] writing requirements to ../../../build/manipulation/manipulation.egg-info/requires.txt
[1.641s] writing top-level names to ../../../build/manipulation/manipulation.egg-info/top_level.txt
[1.641s] writing manifest file '../../../build/manipulation/manipulation.egg-info/SOURCES.txt'
[1.682s] reading manifest file '../../../build/manipulation/manipulation.egg-info/SOURCES.txt'
[1.683s] writing manifest file '../../../build/manipulation/manipulation.egg-info/SOURCES.txt'
[1.683s] running build
[1.683s] running build_py
[1.684s] creating /home/student/moeder/build/manipulation/build
[1.684s] creating /home/student/moeder/build/manipulation/build/lib
[1.684s] creating /home/student/moeder/build/manipulation/build/lib/manipulation
[1.684s] copying manipulation/__init__.py -> /home/student/moeder/build/manipulation/build/lib/manipulation
[1.684s] copying manipulation/assignment1.py -> /home/student/moeder/build/manipulation/build/lib/manipulation
[1.685s] copying manipulation/assignment2.py -> /home/student/moeder/build/manipulation/build/lib/manipulation
[1.686s] running install
[1.691s] running install_lib
[1.713s] creating /home/student/moeder/install/manipulation/lib/python3.12/site-packages/manipulation
[1.713s] copying /home/student/moeder/build/manipulation/build/lib/manipulation/__init__.py -> /home/student/moeder/install/manipulation/lib/python3.12/site-packages/manipulation
[1.713s] copying /home/student/moeder/build/manipulation/build/lib/manipulation/assignment1.py -> /home/student/moeder/install/manipulation/lib/python3.12/site-packages/manipulation
[1.713s] copying /home/student/moeder/build/manipulation/build/lib/manipulation/assignment2.py -> /home/student/moeder/install/manipulation/lib/python3.12/site-packages/manipulation
[1.715s] byte-compiling /home/student/moeder/install/manipulation/lib/python3.12/site-packages/manipulation/__init__.py to __init__.cpython-312.pyc
[1.716s] byte-compiling /home/student/moeder/install/manipulation/lib/python3.12/site-packages/manipulation/assignment1.py to assignment1.cpython-312.pyc
[1.717s] byte-compiling /home/student/moeder/install/manipulation/lib/python3.12/site-packages/manipulation/assignment2.py to assignment2.cpython-312.pyc
[1.718s] running install_data
[1.718s] creating /home/student/moeder/install/manipulation/share/ament_index
[1.718s] creating /home/student/moeder/install/manipulation/share/ament_index/resource_index
[1.718s] creating /home/student/moeder/install/manipulation/share/ament_index/resource_index/packages
[1.718s] copying resource/manipulation -> /home/student/moeder/install/manipulation/share/ament_index/resource_index/packages
[1.719s] copying package.xml -> /home/student/moeder/install/manipulation/share/manipulation
[1.719s] creating /home/student/moeder/install/manipulation/share/manipulation/launch
[1.719s] copying launch/view_environment.launch.py -> /home/student/moeder/install/manipulation/share/manipulation/launch/
[1.719s] copying launch/environment_w_gazebo.launch.py -> /home/student/moeder/install/manipulation/share/manipulation/launch/
[1.720s] copying launch/environment.launch.py -> /home/student/moeder/install/manipulation/share/manipulation/launch/
[1.721s] copying launch/spawn_battery.launch.py -> /home/student/moeder/install/manipulation/share/manipulation/launch/
[1.721s] creating /home/student/moeder/install/manipulation/share/manipulation/launch/support
[1.721s] copying launch/support/_gazebo_ign.launch.py -> /home/student/moeder/install/manipulation/share/manipulation/launch/support
[1.722s] copying launch/support/_robot_moveit_common2.launch.py -> /home/student/moeder/install/manipulation/share/manipulation/launch/support
[1.722s] creating /home/student/moeder/install/manipulation/share/manipulation/rviz
[1.723s] copying rviz/fake_robot.rviz -> /home/student/moeder/install/manipulation/share/manipulation/rviz/
[1.723s] copying rviz/environment.rviz -> /home/student/moeder/install/manipulation/share/manipulation/rviz/
[1.724s] creating /home/student/moeder/install/manipulation/share/manipulation/urdf
[1.724s] copying urdf/robot_on_pedestal.urdf -> /home/student/moeder/install/manipulation/share/manipulation/urdf/
[1.725s] copying urdf/create_sdf_from_urdf_xacro.sh -> /home/student/moeder/install/manipulation/share/manipulation/urdf/
[1.725s] copying urdf/environment.urdf.xacro -> /home/student/moeder/install/manipulation/share/manipulation/urdf/
[1.725s] copying urdf/robot_on_pedestal.sdf -> /home/student/moeder/install/manipulation/share/manipulation/urdf/
[1.726s] copying urdf/robot_on_pedestal.urdf.xacro -> /home/student/moeder/install/manipulation/share/manipulation/urdf/
[1.727s] creating /home/student/moeder/install/manipulation/share/manipulation/worlds
[1.727s] copying worlds/casus.world -> /home/student/moeder/install/manipulation/share/manipulation/worlds/
[1.728s] running install_egg_info
[1.749s] Copying ../../../build/manipulation/manipulation.egg-info to /home/student/moeder/install/manipulation/lib/python3.12/site-packages/manipulation-0.0.0-py3.12.egg-info
[1.750s] running install_scripts
[1.887s] Installing assignment1 script to /home/student/moeder/install/manipulation/lib/manipulation
[1.887s] Installing assignment2 script to /home/student/moeder/install/manipulation/lib/manipulation
[1.887s] writing list of installed files to '/home/student/moeder/build/manipulation/install.log'
[1.913s] Invoked command in '/home/student/moeder/src/4_manipulation/manipulation' returned '0': DEBUGINFOD_URLS=https://debuginfod.ubuntu.com PYTHONPATH=/home/student/moeder/build/manipulation/prefix_override:/usr/lib/python3/dist-packages/colcon_core/task/python/colcon_distutils_commands:/home/student/moeder/install/manipulation/lib/python3.12/site-packages:${PYTHONPATH} /usr/bin/python3 -W ignore:setup.py install is deprecated -W ignore:easy_install command is deprecated setup.py egg_info --egg-base ../../../build/manipulation build --build-base /home/student/moeder/build/manipulation/build install --record /home/student/moeder/build/manipulation/install.log --single-version-externally-managed install_data
