[1.635s] Invoking command in '/home/student/workspace/src/ROS2_airobotcel/src/HMI_unit': DEBUGINFOD_URLS=https://debuginfod.ubuntu.com PYTHONPATH=/home/student/workspace/src/ROS2_airobotcel/build/HMI_unit/prefix_override:/usr/lib/python3/dist-packages/colcon_core/task/python/colcon_distutils_commands:/home/student/workspace/src/ROS2_airobotcel/install/HMI_unit/lib/python3.12/site-packages:${PYTHONPATH} /usr/bin/python3 -W ignore:setup.py install is deprecated -W ignore:easy_install command is deprecated setup.py egg_info --egg-base ../../build/HMI_unit build --build-base /home/student/workspace/src/ROS2_airobotcel/build/HMI_unit/build install --record /home/student/workspace/src/ROS2_airobotcel/build/HMI_unit/install.log --single-version-externally-managed install_data
[1.990s] running egg_info
[1.990s] creating ../../build/HMI_unit/HMI_unit.egg-info
[2.011s] writing ../../build/HMI_unit/HMI_unit.egg-info/PKG-INFO
[2.012s] writing dependency_links to ../../build/HMI_unit/HMI_unit.egg-info/dependency_links.txt
[2.012s] writing requirements to ../../build/HMI_unit/HMI_unit.egg-info/requires.txt
[2.013s] writing top-level names to ../../build/HMI_unit/HMI_unit.egg-info/top_level.txt
[2.013s] writing manifest file '../../build/HMI_unit/HMI_unit.egg-info/SOURCES.txt'
[2.071s] reading manifest file '../../build/HMI_unit/HMI_unit.egg-info/SOURCES.txt'
[2.072s] writing manifest file '../../build/HMI_unit/HMI_unit.egg-info/SOURCES.txt'
[2.072s] running build
[2.072s] running build_py
[2.072s] creating /home/student/workspace/src/ROS2_airobotcel/build/HMI_unit/build
[2.072s] creating /home/student/workspace/src/ROS2_airobotcel/build/HMI_unit/build/lib
[2.072s] creating /home/student/workspace/src/ROS2_airobotcel/build/HMI_unit/build/lib/src
[2.073s] copying src/__init__.py -> /home/student/workspace/src/ROS2_airobotcel/build/HMI_unit/build/lib/src
[2.073s] running install
[2.082s] running install_lib
[2.106s] creating /home/student/workspace/src/ROS2_airobotcel/install/HMI_unit/lib/python3.12/site-packages/src
[2.106s] copying /home/student/workspace/src/ROS2_airobotcel/build/HMI_unit/build/lib/src/__init__.py -> /home/student/workspace/src/ROS2_airobotcel/install/HMI_unit/lib/python3.12/site-packages/src
[2.107s] byte-compiling /home/student/workspace/src/ROS2_airobotcel/install/HMI_unit/lib/python3.12/site-packages/src/__init__.py to __init__.cpython-312.pyc
[2.108s] running install_data
[2.108s] creating /home/student/workspace/src/ROS2_airobotcel/install/HMI_unit/share/ament_index
[2.108s] creating /home/student/workspace/src/ROS2_airobotcel/install/HMI_unit/share/ament_index/resource_index
[2.108s] creating /home/student/workspace/src/ROS2_airobotcel/install/HMI_unit/share/ament_index/resource_index/packages
[2.108s] copying resource/HMI_unit -> /home/student/workspace/src/ROS2_airobotcel/install/HMI_unit/share/ament_index/resource_index/packages
[2.109s] copying package.xml -> /home/student/workspace/src/ROS2_airobotcel/install/HMI_unit/share/HMI_unit
[2.109s] running install_egg_info
[2.142s] Copying ../../build/HMI_unit/HMI_unit.egg-info to /home/student/workspace/src/ROS2_airobotcel/install/HMI_unit/lib/python3.12/site-packages/HMI_unit-0.0.0-py3.12.egg-info
[2.144s] running install_scripts
[2.324s] writing list of installed files to '/home/student/workspace/src/ROS2_airobotcel/build/HMI_unit/install.log'
[2.383s] Invoked command in '/home/student/workspace/src/ROS2_airobotcel/src/HMI_unit' returned '0': DEBUGINFOD_URLS=https://debuginfod.ubuntu.com PYTHONPATH=/home/student/workspace/src/ROS2_airobotcel/build/HMI_unit/prefix_override:/usr/lib/python3/dist-packages/colcon_core/task/python/colcon_distutils_commands:/home/student/workspace/src/ROS2_airobotcel/install/HMI_unit/lib/python3.12/site-packages:${PYTHONPATH} /usr/bin/python3 -W ignore:setup.py install is deprecated -W ignore:easy_install command is deprecated setup.py egg_info --egg-base ../../build/HMI_unit build --build-base /home/student/workspace/src/ROS2_airobotcel/build/HMI_unit/build install --record /home/student/workspace/src/ROS2_airobotcel/build/HMI_unit/install.log --single-version-externally-managed install_data
