[0.015s] Invoking command in '/home/student/moeder/build/manipulation_moveit_config': AMENT_PREFIX_PATH=/home/student/moeder/install/manipulation:${AMENT_PREFIX_PATH} CMAKE_PREFIX_PATH=${CMAKE_PREFIX_PATH}:/home/student/ros2_industrial_ws/install/urdf_basics:/home/student/ros2_industrial_ws/install/transferframes:/home/student/ros2_industrial_ws/install/template_package_python:/home/student/ros2_industrial_ws/install/ros_industrial_utilities:/home/student/ros2_industrial_ws/install/ros_industrial_support:/home/student/ros2_industrial_ws/install/range_sensor:/home/student/ros2_industrial_ws/install/node_demo:/home/student/ros2_industrial_ws/install/manipulation:/home/student/ros2_industrial_ws/install/fanuc_robots:/home/student/xarm_ws/install/uf_ros_lib:/home/student/my_uf_ws/install/my_uf_description:/home/student/my_uf_ws/install/my_uf_demo:/home/student/my_uf_ws/install/my_uf_bringup:/opt/ros/jazzy DEBUGINFOD_URLS=https://debuginfod.ubuntu.com PYTHONPATH=/home/student/moeder/install/manipulation/lib/python3.12/site-packages:${PYTHONPATH} /usr/bin/cmake /home/student/moeder/src/4_manipulation/manipulation_moveit_config -DCMAKE_INSTALL_PREFIX=/home/student/moeder/install/manipulation_moveit_config
[0.214s] -- The C compiler identification is GNU 13.3.0
[0.332s] -- The CXX compiler identification is GNU 13.3.0
[0.365s] -- Detecting C compiler ABI info
[0.488s] -- Detecting C compiler ABI info - done
[0.496s] -- Check for working C compiler: /usr/bin/cc - skipped
[0.497s] -- Detecting C compile features
[0.498s] -- Detecting C compile features - done
[0.513s] -- Detecting CXX compiler ABI info
[0.640s] -- Detecting CXX compiler ABI info - done
[0.648s] -- Check for working CXX compiler: /usr/bin/c++ - skipped
[0.648s] -- Detecting CXX compile features
[0.649s] -- Detecting CXX compile features - done
[0.679s] -- Found ament_cmake: 2.5.4 (/opt/ros/jazzy/share/ament_cmake/cmake)
[0.932s] -- Found Python3: /usr/bin/python3 (found version "3.12.3") found components: Interpreter 
[1.283s] -- Configuring done (1.2s)
[1.288s] -- Generating done (0.0s)
[1.289s] -- Build files have been written to: /home/student/moeder/build/manipulation_moveit_config
[1.297s] Invoked command in '/home/student/moeder/build/manipulation_moveit_config' returned '0': AMENT_PREFIX_PATH=/home/student/moeder/install/manipulation:${AMENT_PREFIX_PATH} CMAKE_PREFIX_PATH=${CMAKE_PREFIX_PATH}:/home/student/ros2_industrial_ws/install/urdf_basics:/home/student/ros2_industrial_ws/install/transferframes:/home/student/ros2_industrial_ws/install/template_package_python:/home/student/ros2_industrial_ws/install/ros_industrial_utilities:/home/student/ros2_industrial_ws/install/ros_industrial_support:/home/student/ros2_industrial_ws/install/range_sensor:/home/student/ros2_industrial_ws/install/node_demo:/home/student/ros2_industrial_ws/install/manipulation:/home/student/ros2_industrial_ws/install/fanuc_robots:/home/student/xarm_ws/install/uf_ros_lib:/home/student/my_uf_ws/install/my_uf_description:/home/student/my_uf_ws/install/my_uf_demo:/home/student/my_uf_ws/install/my_uf_bringup:/opt/ros/jazzy DEBUGINFOD_URLS=https://debuginfod.ubuntu.com PYTHONPATH=/home/student/moeder/install/manipulation/lib/python3.12/site-packages:${PYTHONPATH} /usr/bin/cmake /home/student/moeder/src/4_manipulation/manipulation_moveit_config -DCMAKE_INSTALL_PREFIX=/home/student/moeder/install/manipulation_moveit_config
[1.298s] Invoking command in '/home/student/moeder/build/manipulation_moveit_config': AMENT_PREFIX_PATH=/home/student/moeder/install/manipulation:${AMENT_PREFIX_PATH} CMAKE_PREFIX_PATH=${CMAKE_PREFIX_PATH}:/home/student/ros2_industrial_ws/install/urdf_basics:/home/student/ros2_industrial_ws/install/transferframes:/home/student/ros2_industrial_ws/install/template_package_python:/home/student/ros2_industrial_ws/install/ros_industrial_utilities:/home/student/ros2_industrial_ws/install/ros_industrial_support:/home/student/ros2_industrial_ws/install/range_sensor:/home/student/ros2_industrial_ws/install/node_demo:/home/student/ros2_industrial_ws/install/manipulation:/home/student/ros2_industrial_ws/install/fanuc_robots:/home/student/xarm_ws/install/uf_ros_lib:/home/student/my_uf_ws/install/my_uf_description:/home/student/my_uf_ws/install/my_uf_demo:/home/student/my_uf_ws/install/my_uf_bringup:/opt/ros/jazzy DEBUGINFOD_URLS=https://debuginfod.ubuntu.com PYTHONPATH=/home/student/moeder/install/manipulation/lib/python3.12/site-packages:${PYTHONPATH} /usr/bin/cmake --build /home/student/moeder/build/manipulation_moveit_config -- -j16 -l16
[1.356s] Invoked command in '/home/student/moeder/build/manipulation_moveit_config' returned '0': AMENT_PREFIX_PATH=/home/student/moeder/install/manipulation:${AMENT_PREFIX_PATH} CMAKE_PREFIX_PATH=${CMAKE_PREFIX_PATH}:/home/student/ros2_industrial_ws/install/urdf_basics:/home/student/ros2_industrial_ws/install/transferframes:/home/student/ros2_industrial_ws/install/template_package_python:/home/student/ros2_industrial_ws/install/ros_industrial_utilities:/home/student/ros2_industrial_ws/install/ros_industrial_support:/home/student/ros2_industrial_ws/install/range_sensor:/home/student/ros2_industrial_ws/install/node_demo:/home/student/ros2_industrial_ws/install/manipulation:/home/student/ros2_industrial_ws/install/fanuc_robots:/home/student/xarm_ws/install/uf_ros_lib:/home/student/my_uf_ws/install/my_uf_description:/home/student/my_uf_ws/install/my_uf_demo:/home/student/my_uf_ws/install/my_uf_bringup:/opt/ros/jazzy DEBUGINFOD_URLS=https://debuginfod.ubuntu.com PYTHONPATH=/home/student/moeder/install/manipulation/lib/python3.12/site-packages:${PYTHONPATH} /usr/bin/cmake --build /home/student/moeder/build/manipulation_moveit_config -- -j16 -l16
[1.371s] Invoking command in '/home/student/moeder/build/manipulation_moveit_config': AMENT_PREFIX_PATH=/home/student/moeder/install/manipulation:${AMENT_PREFIX_PATH} CMAKE_PREFIX_PATH=${CMAKE_PREFIX_PATH}:/home/student/ros2_industrial_ws/install/urdf_basics:/home/student/ros2_industrial_ws/install/transferframes:/home/student/ros2_industrial_ws/install/template_package_python:/home/student/ros2_industrial_ws/install/ros_industrial_utilities:/home/student/ros2_industrial_ws/install/ros_industrial_support:/home/student/ros2_industrial_ws/install/range_sensor:/home/student/ros2_industrial_ws/install/node_demo:/home/student/ros2_industrial_ws/install/manipulation:/home/student/ros2_industrial_ws/install/fanuc_robots:/home/student/xarm_ws/install/uf_ros_lib:/home/student/my_uf_ws/install/my_uf_description:/home/student/my_uf_ws/install/my_uf_demo:/home/student/my_uf_ws/install/my_uf_bringup:/opt/ros/jazzy DEBUGINFOD_URLS=https://debuginfod.ubuntu.com PYTHONPATH=/home/student/moeder/install/manipulation/lib/python3.12/site-packages:${PYTHONPATH} /usr/bin/cmake --install /home/student/moeder/build/manipulation_moveit_config
[1.382s] -- Install configuration: ""
[1.382s] -- Installing: /home/student/moeder/install/manipulation_moveit_config/share/ament_index/resource_index/package_run_dependencies/manipulation_moveit_config
[1.383s] -- Installing: /home/student/moeder/install/manipulation_moveit_config/share/ament_index/resource_index/parent_prefix_path/manipulation_moveit_config
[1.383s] -- Installing: /home/student/moeder/install/manipulation_moveit_config/share/manipulation_moveit_config/environment/ament_prefix_path.sh
[1.383s] -- Installing: /home/student/moeder/install/manipulation_moveit_config/share/manipulation_moveit_config/environment/ament_prefix_path.dsv
[1.383s] -- Installing: /home/student/moeder/install/manipulation_moveit_config/share/manipulation_moveit_config/environment/path.sh
[1.384s] -- Installing: /home/student/moeder/install/manipulation_moveit_config/share/manipulation_moveit_config/environment/path.dsv
[1.384s] -- Installing: /home/student/moeder/install/manipulation_moveit_config/share/manipulation_moveit_config/local_setup.bash
[1.384s] -- Installing: /home/student/moeder/install/manipulation_moveit_config/share/manipulation_moveit_config/local_setup.sh
[1.384s] -- Installing: /home/student/moeder/install/manipulation_moveit_config/share/manipulation_moveit_config/local_setup.zsh
[1.385s] -- Installing: /home/student/moeder/install/manipulation_moveit_config/share/manipulation_moveit_config/local_setup.dsv
[1.385s] -- Installing: /home/student/moeder/install/manipulation_moveit_config/share/manipulation_moveit_config/package.dsv
[1.387s] -- Installing: /home/student/moeder/install/manipulation_moveit_config/share/ament_index/resource_index/packages/manipulation_moveit_config
[1.387s] -- Installing: /home/student/moeder/install/manipulation_moveit_config/share/manipulation_moveit_config/cmake/manipulation_moveit_configConfig.cmake
[1.387s] -- Installing: /home/student/moeder/install/manipulation_moveit_config/share/manipulation_moveit_config/cmake/manipulation_moveit_configConfig-version.cmake
[1.387s] -- Installing: /home/student/moeder/install/manipulation_moveit_config/share/manipulation_moveit_config/package.xml
[1.387s] -- Installing: /home/student/moeder/install/manipulation_moveit_config/share/manipulation_moveit_config/launch
[1.387s] -- Installing: /home/student/moeder/install/manipulation_moveit_config/share/manipulation_moveit_config/launch/move_group.launch.py
[1.387s] -- Installing: /home/student/moeder/install/manipulation_moveit_config/share/manipulation_moveit_config/launch/setup_assistant.launch.py
[1.388s] -- Installing: /home/student/moeder/install/manipulation_moveit_config/share/manipulation_moveit_config/launch/demo.launch.py
[1.388s] -- Installing: /home/student/moeder/install/manipulation_moveit_config/share/manipulation_moveit_config/launch/rsp.launch.py
[1.389s] -- Installing: /home/student/moeder/install/manipulation_moveit_config/share/manipulation_moveit_config/launch/warehouse_db.launch.py
[1.389s] -- Installing: /home/student/moeder/install/manipulation_moveit_config/share/manipulation_moveit_config/launch/static_virtual_joint_tfs.launch.py
[1.390s] -- Installing: /home/student/moeder/install/manipulation_moveit_config/share/manipulation_moveit_config/launch/spawn_controllers.launch.py
[1.391s] -- Installing: /home/student/moeder/install/manipulation_moveit_config/share/manipulation_moveit_config/launch/moveit_rviz.launch.py
[1.391s] -- Installing: /home/student/moeder/install/manipulation_moveit_config/share/manipulation_moveit_config/config
[1.392s] -- Installing: /home/student/moeder/install/manipulation_moveit_config/share/manipulation_moveit_config/config/pilz_cartesian_limits.yaml
[1.392s] -- Installing: /home/student/moeder/install/manipulation_moveit_config/share/manipulation_moveit_config/config/controllers.yaml
[1.393s] -- Installing: /home/student/moeder/install/manipulation_moveit_config/share/manipulation_moveit_config/config/fake_controllers.yaml
[1.393s] -- Installing: /home/student/moeder/install/manipulation_moveit_config/share/manipulation_moveit_config/config/manipuation_environment.urdf.xacro
[1.394s] -- Installing: /home/student/moeder/install/manipulation_moveit_config/share/manipulation_moveit_config/config/ompl_planning.yaml
[1.394s] -- Installing: /home/student/moeder/install/manipulation_moveit_config/share/manipulation_moveit_config/config/manipuation_environment.srdf
[1.395s] -- Installing: /home/student/moeder/install/manipulation_moveit_config/share/manipulation_moveit_config/config/moveit.rviz
[1.395s] -- Installing: /home/student/moeder/install/manipulation_moveit_config/share/manipulation_moveit_config/config/initial_positions.yaml
[1.396s] -- Installing: /home/student/moeder/install/manipulation_moveit_config/share/manipulation_moveit_config/config/moveit_controllers.yaml
[1.396s] -- Installing: /home/student/moeder/install/manipulation_moveit_config/share/manipulation_moveit_config/config/manipuation_environment.ros2_control.xacro
[1.396s] -- Installing: /home/student/moeder/install/manipulation_moveit_config/share/manipulation_moveit_config/config/kinematics.yaml
[1.397s] -- Installing: /home/student/moeder/install/manipulation_moveit_config/share/manipulation_moveit_config/config/joint_limits.yaml
[1.398s] -- Installing: /home/student/moeder/install/manipulation_moveit_config/share/manipulation_moveit_config/config/ros2_controllers.yaml
[1.399s] -- Installing: /home/student/moeder/install/manipulation_moveit_config/share/manipulation_moveit_config/.setup_assistant
[1.402s] Invoked command in '/home/student/moeder/build/manipulation_moveit_config' returned '0': AMENT_PREFIX_PATH=/home/student/moeder/install/manipulation:${AMENT_PREFIX_PATH} CMAKE_PREFIX_PATH=${CMAKE_PREFIX_PATH}:/home/student/ros2_industrial_ws/install/urdf_basics:/home/student/ros2_industrial_ws/install/transferframes:/home/student/ros2_industrial_ws/install/template_package_python:/home/student/ros2_industrial_ws/install/ros_industrial_utilities:/home/student/ros2_industrial_ws/install/ros_industrial_support:/home/student/ros2_industrial_ws/install/range_sensor:/home/student/ros2_industrial_ws/install/node_demo:/home/student/ros2_industrial_ws/install/manipulation:/home/student/ros2_industrial_ws/install/fanuc_robots:/home/student/xarm_ws/install/uf_ros_lib:/home/student/my_uf_ws/install/my_uf_description:/home/student/my_uf_ws/install/my_uf_demo:/home/student/my_uf_ws/install/my_uf_bringup:/opt/ros/jazzy DEBUGINFOD_URLS=https://debuginfod.ubuntu.com PYTHONPATH=/home/student/moeder/install/manipulation/lib/python3.12/site-packages:${PYTHONPATH} /usr/bin/cmake --install /home/student/moeder/build/manipulation_moveit_config
